{"numTotalTestSuites":557,"numPassedTestSuites":557,"numFailedTestSuites":0,"numPendingTestSuites":0,"numTotalTests":1932,"numPassedTests":1932,"numFailedTests":0,"numPendingTests":0,"numTodoTests":0,"snapshot":{"added":0,"failure":false,"filesAdded":0,"filesRemoved":0,"filesRemovedList":[],"filesUnmatched":0,"filesUpdated":0,"matched":0,"total":0,"unchecked":0,"uncheckedKeysByFile":[],"unmatched":0,"updated":0,"didUpdate":false},"startTime":1782465390654,"success":true,"testResults":[{"assertionResults":[{"ancestorTitles":["App"],"fullName":"App renders without crashing","status":"passed","title":"renders without crashing","duration":240.27210000000014,"failureMessages":[],"meta":{}},{"ancestorTitles":["App"],"fullName":"App renders /dashboard route","status":"passed","title":"renders /dashboard route","duration":132.70429999999942,"failureMessages":[],"meta":{}},{"ancestorTitles":["App"],"fullName":"App renders /master/customers route","status":"passed","title":"renders /master/customers route","duration":53.02639999999974,"failureMessages":[],"meta":{}},{"ancestorTitles":["App"],"fullName":"App renders /operations/receiving route","status":"passed","title":"renders /operations/receiving route","duration":119.61019999999917,"failureMessages":[],"meta":{}},{"ancestorTitles":["App"],"fullName":"App renders /inventory route","status":"passed","title":"renders /inventory route","duration":67.77490000000034,"failureMessages":[],"meta":{}},{"ancestorTitles":["App"],"fullName":"App renders /reports/movement-ledger route","status":"passed","title":"renders /reports/movement-ledger route","duration":69.72680000000037,"failureMessages":[],"meta":{}},{"ancestorTitles":["App"],"fullName":"App renders /operations/withdrawal-requests route","status":"passed","title":"renders /operations/withdrawal-requests route","duration":58.45589999999993,"failureMessages":[],"meta":{}},{"ancestorTitles":["App"],"fullName":"App renders /admin/users route","status":"passed","title":"renders /admin/users route","duration":36.55439999999999,"failureMessages":[],"meta":{}},{"ancestorTitles":["App"],"fullName":"App renders /handheld route","status":"passed","title":"renders /handheld route","duration":15.559699999999793,"failureMessages":[],"meta":{}}],"startTime":1782465398297,"endTime":1782465399090.5598,"status":"passed","message":"","name":"C:/Users/TSS/OneDrive/เดสก์ท็อป/TGD Coldstorage/TGD WMS/src/app/App.test.jsx"},{"assertionResults":[{"ancestorTitles":["customerWithdrawalStatusLabels","getWithdrawalStatusLabel"],"fullName":"customerWithdrawalStatusLabels getWithdrawalStatusLabel returns translated label if key exists","status":"passed","title":"returns translated label if key exists","duration":2.8886999999999716,"failureMessages":[],"meta":{}},{"ancestorTitles":["customerWithdrawalStatusLabels","getWithdrawalStatusLabel"],"fullName":"customerWithdrawalStatusLabels getWithdrawalStatusLabel returns raw status if key does not exist","status":"passed","title":"returns raw status if key does not exist","duration":0.4114999999999327,"failureMessages":[],"meta":{}},{"ancestorTitles":["customerWithdrawalStatusLabels","getLinePickingStatus"],"fullName":"customerWithdrawalStatusLabels getLinePickingStatus returns PICKED if line has picked_at","status":"passed","title":"returns PICKED if line has picked_at","duration":0.25279999999997926,"failureMessages":[],"meta":{}},{"ancestorTitles":["customerWithdrawalStatusLabels","getLinePickingStatus"],"fullName":"customerWithdrawalStatusLabels getLinePickingStatus returns PENDING if line has no picked_at and document is not COMPLETED or DISPATCHED","status":"passed","title":"returns PENDING if line has no picked_at and document is not COMPLETED or DISPATCHED","duration":0.2499000000000251,"failureMessages":[],"meta":{}},{"ancestorTitles":["customerWithdrawalStatusLabels","getLinePickingStatus"],"fullName":"customerWithdrawalStatusLabels getLinePickingStatus returns PICKED if document is COMPLETED even if line has no picked_at","status":"passed","title":"returns PICKED if document is COMPLETED even if line has no picked_at","duration":0.14979999999991378,"failureMessages":[],"meta":{}},{"ancestorTitles":["customerWithdrawalStatusLabels","getLinePickingStatus"],"fullName":"customerWithdrawalStatusLabels getLinePickingStatus returns PICKED if document is DISPATCHED even if line has no picked_at","status":"passed","title":"returns PICKED if document is DISPATCHED even if line has no picked_at","duration":0.18970000000012988,"failureMessages":[],"meta":{}}],"startTime":1782465416371,"endTime":1782465416375.1897,"status":"passed","message":"","name":"C:/Users/TSS/OneDrive/เดสก์ท็อป/TGD Coldstorage/TGD WMS/src/utils/customerWithdrawalStatusLabels.test.js"},{"assertionResults":[{"ancestorTitles":["Sprint 7A accounting charge plugin interface foundation"],"fullName":"Sprint 7A accounting charge plugin interface foundation creates all Sprint 7A accounting charge plugin files","status":"passed","title":"creates all Sprint 7A accounting charge plugin files","duration":1.4244000000001051,"failureMessages":[],"meta":{}},{"ancestorTitles":["Sprint 7A accounting charge plugin interface foundation"],"fullName":"Sprint 7A accounting charge plugin interface foundation defines the required plugin interface exports","status":"passed","title":"defines the required plugin interface exports","duration":0.5036000000000058,"failureMessages":[],"meta":{}},{"ancestorTitles":["Sprint 7A accounting charge plugin interface foundation"],"fullName":"Sprint 7A accounting charge plugin interface foundation defines an in-memory adapter registry only","status":"passed","title":"defines an in-memory adapter registry only","duration":0.40820000000007894,"failureMessages":[],"meta":{}},{"ancestorTitles":["Sprint 7A accounting charge plugin interface foundation"],"fullName":"Sprint 7A accounting charge plugin interface foundation defines payload validation and canonical schema helpers","status":"passed","title":"defines payload validation and canonical schema helpers","duration":0.6195000000000164,"failureMessages":[],"meta":{}},{"ancestorTitles":["Sprint 7A accounting charge plugin interface foundation"],"fullName":"Sprint 7A accounting charge plugin interface foundation creates placeholder-only Bplus and Infor ERP M3 adapters","status":"passed","title":"creates placeholder-only Bplus and Infor ERP M3 adapters","duration":0.5543999999999869,"failureMessages":[],"meta":{}},{"ancestorTitles":["Sprint 7A accounting charge plugin interface foundation"],"fullName":"Sprint 7A accounting charge plugin interface foundation keeps Sprint 7A implementation files pure and disconnected","status":"passed","title":"keeps Sprint 7A implementation files pure and disconnected","duration":1.1244999999998981,"failureMessages":[],"meta":{}},{"ancestorTitles":["Sprint 7A accounting charge plugin interface foundation"],"fullName":"Sprint 7A accounting charge plugin interface foundation keeps Sprint 7A docs and implementation free of disallowed commercial terminology","status":"passed","title":"keeps Sprint 7A docs and implementation free of disallowed commercial terminology","duration":0.902599999999893,"failureMessages":[],"meta":{}},{"ancestorTitles":["Sprint 7A accounting charge plugin interface foundation"],"fullName":"Sprint 7A accounting charge plugin interface foundation does not create database, policy, legacy, Express, or live connector artifacts","status":"passed","title":"does not create database, policy, legacy, Express, or live connector artifacts","duration":0.40380000000004657,"failureMessages":[],"meta":{}}],"startTime":1782465394932,"endTime":1782465394938.4038,"status":"passed","message":"","name":"C:/Users/TSS/OneDrive/เดสก์ท็อป/TGD Coldstorage/TGD WMS/tests/unit/accounting-charge-plugin-interface.test.js"},{"assertionResults":[{"ancestorTitles":["Accounting charge summary plugin scope"],"fullName":"Accounting charge summary plugin scope creates the accounting charge summary plugin architecture document","status":"passed","title":"creates the accounting charge summary plugin architecture document","duration":1.6041000000000167,"failureMessages":[],"meta":{}},{"ancestorTitles":["Accounting charge summary plugin scope"],"fullName":"Accounting charge summary plugin scope clarifies Phase 7 as accounting charge summary handoff only","status":"passed","title":"clarifies Phase 7 as accounting charge summary handoff only","duration":1.106899999999996,"failureMessages":[],"meta":{}},{"ancestorTitles":["Accounting charge summary plugin scope"],"fullName":"Accounting charge summary plugin scope documents Bplus first target and Infor ERP M3 future target","status":"passed","title":"documents Bplus first target and Infor ERP M3 future target","duration":0.7169999999998709,"failureMessages":[],"meta":{}},{"ancestorTitles":["Accounting charge summary plugin scope"],"fullName":"Accounting charge summary plugin scope documents inventory and overwrite exclusions","status":"passed","title":"documents inventory and overwrite exclusions","duration":0.7142999999998665,"failureMessages":[],"meta":{}},{"ancestorTitles":["Accounting charge summary plugin scope"],"fullName":"Accounting charge summary plugin scope documents accounting boundaries","status":"passed","title":"documents accounting boundaries","duration":0.5624000000000251,"failureMessages":[],"meta":{}},{"ancestorTitles":["Accounting charge summary plugin scope"],"fullName":"Accounting charge summary plugin scope does not create database, policy, legacy, or production connector artifacts","status":"passed","title":"does not create database, policy, legacy, or production connector artifacts","duration":0.7072000000000571,"failureMessages":[],"meta":{}}],"startTime":1782465404165,"endTime":1782465404170.7073,"status":"passed","message":"","name":"C:/Users/TSS/OneDrive/เดสก์ท็อป/TGD Coldstorage/TGD WMS/tests/unit/accounting-charge-plugin-scope.test.js"},{"assertionResults":[{"ancestorTitles":["Sprint 7C: Accounting Charge Summary Staging Preview"],"fullName":"Sprint 7C: Accounting Charge Summary Staging Preview verifies that Sprint 7C files exist","status":"passed","title":"verifies that Sprint 7C files exist","duration":1.6157000000000608,"failureMessages":[],"meta":{}},{"ancestorTitles":["Sprint 7C: Accounting Charge Summary Staging Preview"],"fullName":"Sprint 7C: Accounting Charge Summary Staging Preview defines all required service functions","status":"passed","title":"defines all required service functions","duration":0.37439999999992324,"failureMessages":[],"meta":{}},{"ancestorTitles":["Sprint 7C: Accounting Charge Summary Staging Preview"],"fullName":"Sprint 7C: Accounting Charge Summary Staging Preview verifies backing service functions execute correct mapping and validation in-memory","status":"passed","title":"verifies backing service functions execute correct mapping and validation in-memory","duration":0.9430999999999585,"failureMessages":[],"meta":{}},{"ancestorTitles":["Sprint 7C: Accounting Charge Summary Staging Preview"],"fullName":"Sprint 7C: Accounting Charge Summary Staging Preview asserts that route is correctly registered in routes.jsx","status":"passed","title":"asserts that route is correctly registered in routes.jsx","duration":0.47640000000001237,"failureMessages":[],"meta":{}},{"ancestorTitles":["Sprint 7C: Accounting Charge Summary Staging Preview"],"fullName":"Sprint 7C: Accounting Charge Summary Staging Preview asserts that ReportsPage links to the staging preview page","status":"passed","title":"asserts that ReportsPage links to the staging preview page","duration":0.3786000000000058,"failureMessages":[],"meta":{}},{"ancestorTitles":["Sprint 7C: Accounting Charge Summary Staging Preview"],"fullName":"Sprint 7C: Accounting Charge Summary Staging Preview asserts that no active button or control labels exist in the UI page","status":"passed","title":"asserts that no active button or control labels exist in the UI page","duration":0.887599999999793,"failureMessages":[],"meta":{}},{"ancestorTitles":["Sprint 7C: Accounting Charge Summary Staging Preview"],"fullName":"Sprint 7C: Accounting Charge Summary Staging Preview asserts that the Bplus Draft Mapping Preview has no button or handler for file export or handoff","status":"passed","title":"asserts that the Bplus Draft Mapping Preview has no button or handler for file export or handoff","duration":0.4622999999999138,"failureMessages":[],"meta":{}},{"ancestorTitles":["Sprint 7C: Accounting Charge Summary Staging Preview"],"fullName":"Sprint 7C: Accounting Charge Summary Staging Preview keeps Sprint 7C code strictly pure, offline, and safe","status":"passed","title":"keeps Sprint 7C code strictly pure, offline, and safe","duration":1.0712000000000899,"failureMessages":[],"meta":{}},{"ancestorTitles":["Sprint 7C: Accounting Charge Summary Staging Preview"],"fullName":"Sprint 7C: Accounting Charge Summary Staging Preview verifies Sprint 7C files and docs contain no commercial/ERP sales order terminology","status":"passed","title":"verifies Sprint 7C files and docs contain no commercial/ERP sales order terminology","duration":0.7234000000000833,"failureMessages":[],"meta":{}},{"ancestorTitles":["Sprint 7C: Accounting Charge Summary Staging Preview"],"fullName":"Sprint 7C: Accounting Charge Summary Staging Preview does not touch database migrations, policies, legacy, or integrations/express","status":"passed","title":"does not touch database migrations, policies, legacy, or integrations/express","duration":0.3301000000001295,"failureMessages":[],"meta":{}}],"startTime":1782465392447,"endTime":1782465392455.33,"status":"passed","message":"","name":"C:/Users/TSS/OneDrive/เดสก์ท็อป/TGD Coldstorage/TGD WMS/tests/unit/accounting-charge-staging-preview.test.js"},{"assertionResults":[{"ancestorTitles":["22B Actual Full Function UAT Result Capture Framework"],"fullName":"22B Actual Full Function UAT Result Capture Framework should contain the 22B_ACTUAL_FULL_FUNCTION_UAT_RESULT_CAPTURE.md file","status":"passed","title":"should contain the 22B_ACTUAL_FULL_FUNCTION_UAT_RESULT_CAPTURE.md file","duration":2.456000000000131,"failureMessages":[],"meta":{}}],"startTime":1782465415013,"endTime":1782465415015.456,"status":"passed","message":"","name":"C:/Users/TSS/OneDrive/เดสก์ท็อป/TGD Coldstorage/TGD WMS/tests/unit/actual-full-function-uat-result-capture.test.js"},{"assertionResults":[{"ancestorTitles":["22O Actual Master Schema UAT Env Mapping"],"fullName":"22O Actual Master Schema UAT Env Mapping should verify document exists and contains required rules and mappings","status":"passed","title":"should verify document exists and contains required rules and mappings","duration":1.8315000000000055,"failureMessages":[],"meta":{}}],"startTime":1782465416485,"endTime":1782465416486.8315,"status":"passed","message":"","name":"C:/Users/TSS/OneDrive/เดสก์ท็อป/TGD Coldstorage/TGD WMS/tests/unit/actual-master-schema-uat-env-mapping.test.js"},{"assertionResults":[{"ancestorTitles":["18K Actual Real UAT Result Collection and Evidence Review"],"fullName":"18K Actual Real UAT Result Collection and Evidence Review 1. 18K document exists","status":"passed","title":"1. 18K document exists","duration":2.7541000000001077,"failureMessages":[],"meta":{}},{"ancestorTitles":["18K Actual Real UAT Result Collection and Evidence Review"],"fullName":"18K Actual Real UAT Result Collection and Evidence Review 2. Document contains safety statements","status":"passed","title":"2. Document contains safety statements","duration":0.9799000000000433,"failureMessages":[],"meta":{}},{"ancestorTitles":["18K Actual Real UAT Result Collection and Evidence Review"],"fullName":"18K Actual Real UAT Result Collection and Evidence Review 3. Document references 18A through 18J correctly","status":"passed","title":"3. Document references 18A through 18J correctly","duration":0.6523999999999432,"failureMessages":[],"meta":{}},{"ancestorTitles":["18K Actual Real UAT Result Collection and Evidence Review"],"fullName":"18K Actual Real UAT Result Collection and Evidence Review 4. Document contains all 16 scenarios","status":"passed","title":"4. Document contains all 16 scenarios","duration":0.4619000000000142,"failureMessages":[],"meta":{}},{"ancestorTitles":["18K Actual Real UAT Result Collection and Evidence Review"],"fullName":"18K Actual Real UAT Result Collection and Evidence Review 5. Document contains evidence matrix","status":"passed","title":"5. Document contains evidence matrix","duration":0.4107000000001335,"failureMessages":[],"meta":{}},{"ancestorTitles":["18K Actual Real UAT Result Collection and Evidence Review"],"fullName":"18K Actual Real UAT Result Collection and Evidence Review 6. Document contains defect intake","status":"passed","title":"6. Document contains defect intake","duration":0.3736999999998716,"failureMessages":[],"meta":{}},{"ancestorTitles":["18K Actual Real UAT Result Collection and Evidence Review"],"fullName":"18K Actual Real UAT Result Collection and Evidence Review 7. Document contains evidence gap","status":"passed","title":"7. Document contains evidence gap","duration":0.30700000000001637,"failureMessages":[],"meta":{}},{"ancestorTitles":["18K Actual Real UAT Result Collection and Evidence Review"],"fullName":"18K Actual Real UAT Result Collection and Evidence Review 8. Document contains controller block","status":"passed","title":"8. Document contains controller block","duration":0.33339999999998327,"failureMessages":[],"meta":{}},{"ancestorTitles":["18K Actual Real UAT Result Collection and Evidence Review"],"fullName":"18K Actual Real UAT Result Collection and Evidence Review 9. Document recommends 18L","status":"passed","title":"9. Document recommends 18L","duration":0.2884000000001379,"failureMessages":[],"meta":{}}],"startTime":1782465409057,"endTime":1782465409063.3335,"status":"passed","message":"","name":"C:/Users/TSS/OneDrive/เดสก์ท็อป/TGD Coldstorage/TGD WMS/tests/unit/actual-real-uat-result-collection-and-evidence-review.test.js"},{"assertionResults":[{"ancestorTitles":["22C Actual UAT Execution Log and Initial Blocker Review Framework"],"fullName":"22C Actual UAT Execution Log and Initial Blocker Review Framework should contain the 22C_ACTUAL_UAT_EXECUTION_LOG_AND_INITIAL_BLOCKER_REVIEW.md file","status":"passed","title":"should contain the 22C_ACTUAL_UAT_EXECUTION_LOG_AND_INITIAL_BLOCKER_REVIEW.md file","duration":2.100800000000163,"failureMessages":[],"meta":{}}],"startTime":1782465413906,"endTime":1782465413908.1008,"status":"passed","message":"","name":"C:/Users/TSS/OneDrive/เดสก์ท็อป/TGD Coldstorage/TGD WMS/tests/unit/actual-uat-execution-log-initial-blocker-review.test.js"},{"assertionResults":[{"ancestorTitles":["Sprint 2D adjustment foundation schema"],"fullName":"Sprint 2D adjustment foundation schema creates the adjustment foundation migration file","status":"passed","title":"creates the adjustment foundation migration file","duration":1.062599999999975,"failureMessages":[],"meta":{}},{"ancestorTitles":["Sprint 2D adjustment foundation schema"],"fullName":"Sprint 2D adjustment foundation schema creates adjustment document and line tables","status":"passed","title":"creates adjustment document and line tables","duration":0.3329000000001088,"failureMessages":[],"meta":{}},{"ancestorTitles":["Sprint 2D adjustment foundation schema"],"fullName":"Sprint 2D adjustment foundation schema defines adjustment status, type, and direction constraints","status":"passed","title":"defines adjustment status, type, and direction constraints","duration":0.5587000000000444,"failureMessages":[],"meta":{}},{"ancestorTitles":["Sprint 2D adjustment foundation schema"],"fullName":"Sprint 2D adjustment foundation schema creates the adjustment post function","status":"passed","title":"creates the adjustment post function","duration":0.12969999999995707,"failureMessages":[],"meta":{}},{"ancestorTitles":["Sprint 2D adjustment foundation schema"],"fullName":"Sprint 2D adjustment foundation schema posts through the movement engine as ADJUST_IN or ADJUST_OUT and links movement ids","status":"passed","title":"posts through the movement engine as ADJUST_IN or ADJUST_OUT and links movement ids","duration":0.2523000000001048,"failureMessages":[],"meta":{}},{"ancestorTitles":["Sprint 2D adjustment foundation schema"],"fullName":"Sprint 2D adjustment foundation schema routes IN lines to target fields and OUT lines to source fields","status":"passed","title":"routes IN lines to target fields and OUT lines to source fields","duration":0.2052000000001044,"failureMessages":[],"meta":{}},{"ancestorTitles":["Sprint 2D adjustment foundation schema"],"fullName":"Sprint 2D adjustment foundation schema does not directly update stock balances from adjustment","status":"passed","title":"does not directly update stock balances from adjustment","duration":0.3912000000000262,"failureMessages":[],"meta":{}},{"ancestorTitles":["Sprint 2D adjustment foundation schema"],"fullName":"Sprint 2D adjustment foundation schema writes an audit log when posting","status":"passed","title":"writes an audit log when posting","duration":0.15320000000019718,"failureMessages":[],"meta":{}},{"ancestorTitles":["Sprint 2D adjustment foundation schema"],"fullName":"Sprint 2D adjustment foundation schema does not create later document workflow tables","status":"passed","title":"does not create later document workflow tables","duration":0.2584999999999127,"failureMessages":[],"meta":{}},{"ancestorTitles":["Sprint 2D adjustment foundation schema"],"fullName":"Sprint 2D adjustment foundation schema does not create Express sync artifacts or rely on legacy-reference content","status":"passed","title":"does not create Express sync artifacts or rely on legacy-reference content","duration":0.31169999999997344,"failureMessages":[],"meta":{}}],"startTime":1782465402128,"endTime":1782465402131.3118,"status":"passed","message":"","name":"C:/Users/TSS/OneDrive/เดสก์ท็อป/TGD Coldstorage/TGD WMS/tests/unit/adjustment-schema.test.js"},{"assertionResults":[{"ancestorTitles":["admin document branding config"],"fullName":"admin document branding config editable fields exist","status":"passed","title":"editable fields exist","duration":2.1738000000000284,"failureMessages":[],"meta":{}},{"ancestorTitles":["admin document branding config"],"fullName":"admin document branding config company_name_th required validation","status":"passed","title":"company_name_th required validation","duration":0.7222999999999047,"failureMessages":[],"meta":{}},{"ancestorTitles":["admin document branding config"],"fullName":"admin document branding config unsafe javascript logo reference rejected","status":"passed","title":"unsafe javascript logo reference rejected","duration":0.4092000000000553,"failureMessages":[],"meta":{}},{"ancestorTitles":["admin document branding config"],"fullName":"admin document branding config service-role-like logo value rejected","status":"passed","title":"service-role-like logo value rejected","duration":0.24919999999997344,"failureMessages":[],"meta":{}},{"ancestorTitles":["admin document branding config"],"fullName":"admin document branding config base64 logo value rejected","status":"passed","title":"base64 logo value rejected","duration":0.24289999999996326,"failureMessages":[],"meta":{}},{"ancestorTitles":["admin document branding UI"],"fullName":"admin document branding UI form renders Thai-first labels","status":"passed","title":"form renders Thai-first labels","duration":46.29140000000007,"failureMessages":[],"meta":{}},{"ancestorTitles":["admin document branding UI"],"fullName":"admin document branding UI no save button exists and no upload button exists","status":"passed","title":"no save button exists and no upload button exists","duration":80.30950000000007,"failureMessages":[],"meta":{}},{"ancestorTitles":["admin document branding UI"],"fullName":"admin document branding UI preview update uses local state only","status":"passed","title":"preview update uses local state only","duration":42.94069999999988,"failureMessages":[],"meta":{}},{"ancestorTitles":["admin document branding UI"],"fullName":"admin document branding UI admin page renders header/footer preview","status":"passed","title":"admin page renders header/footer preview","duration":27.66669999999999,"failureMessages":[],"meta":{}},{"ancestorTitles":["admin document branding UI"],"fullName":"admin document branding UI document branding admin route is intentionally not wired in routes.jsx","status":"passed","title":"document branding admin route is intentionally not wired in routes.jsx","duration":0.6568999999999505,"failureMessages":[],"meta":{}},{"ancestorTitles":["admin document branding UI"],"fullName":"admin document branding UI no database, storage, network, or browser persistence call exists","status":"passed","title":"no database, storage, network, or browser persistence call exists","duration":3.641200000000026,"failureMessages":[],"meta":{}}],"startTime":1782465396834,"endTime":1782465397039.641,"status":"passed","message":"","name":"C:/Users/TSS/OneDrive/เดสก์ท็อป/TGD Coldstorage/TGD WMS/tests/unit/admin-document-branding.test.jsx"},{"assertionResults":[{"ancestorTitles":["AppErrorBoundary"],"fullName":"AppErrorBoundary renders children normally","status":"passed","title":"renders children normally","duration":22.165700000000015,"failureMessages":[],"meta":{}},{"ancestorTitles":["AppErrorBoundary"],"fullName":"AppErrorBoundary catches render error and shows safe fallback","status":"passed","title":"catches render error and shows safe fallback","duration":64.20479999999998,"failureMessages":[],"meta":{}},{"ancestorTitles":["AppErrorBoundary"],"fullName":"AppErrorBoundary fallback does not expose stack trace or raw error message","status":"passed","title":"fallback does not expose stack trace or raw error message","duration":16.30510000000004,"failureMessages":[],"meta":{}},{"ancestorTitles":["AppErrorBoundary"],"fullName":"AppErrorBoundary retry button exists","status":"passed","title":"retry button exists","duration":92.23289999999997,"failureMessages":[],"meta":{}},{"ancestorTitles":["AppErrorBoundary"],"fullName":"AppErrorBoundary does not call remote, database, or browser storage APIs","status":"passed","title":"does not call remote, database, or browser storage APIs","duration":6.1059999999999945,"failureMessages":[],"meta":{}}],"startTime":1782465411593,"endTime":1782465411795.106,"status":"passed","message":"","name":"C:/Users/TSS/OneDrive/เดสก์ท็อป/TGD Coldstorage/TGD WMS/tests/unit/app-error-boundary.test.jsx"},{"assertionResults":[{"ancestorTitles":["17B App Shell and Navigation UI"],"fullName":"17B App Shell and Navigation UI AppShell renders without crashing","status":"passed","title":"AppShell renders without crashing","duration":59.9054000000001,"failureMessages":[],"meta":{}},{"ancestorTitles":["17B App Shell and Navigation UI"],"fullName":"17B App Shell and Navigation UI Sidebar renders without crashing","status":"passed","title":"Sidebar renders without crashing","duration":12.72660000000019,"failureMessages":[],"meta":{}},{"ancestorTitles":["17B App Shell and Navigation UI","Sidebar contains full text professional labels"],"fullName":"17B App Shell and Navigation UI Sidebar contains full text professional labels contains label: Dashboard","status":"passed","title":"contains label: Dashboard","duration":15.842699999999923,"failureMessages":[],"meta":{}},{"ancestorTitles":["17B App Shell and Navigation UI","Sidebar contains full text professional labels"],"fullName":"17B App Shell and Navigation UI Sidebar contains full text professional labels contains label: Receiving","status":"passed","title":"contains label: Receiving","duration":9.045399999999972,"failureMessages":[],"meta":{}},{"ancestorTitles":["17B App Shell and Navigation UI","Sidebar contains full text professional labels"],"fullName":"17B App Shell and Navigation UI Sidebar contains full text professional labels contains label: Stock Balance","status":"passed","title":"contains label: Stock Balance","duration":10.455400000000054,"failureMessages":[],"meta":{}},{"ancestorTitles":["17B App Shell and Navigation UI","Sidebar contains full text professional labels"],"fullName":"17B App Shell and Navigation UI Sidebar contains full text professional labels contains label: Users and Roles","status":"passed","title":"contains label: Users and Roles","duration":10.167500000000018,"failureMessages":[],"meta":{}},{"ancestorTitles":["17B App Shell and Navigation UI","Sidebar contains full text professional labels"],"fullName":"17B App Shell and Navigation UI Sidebar contains full text professional labels contains label: Invoice Drafts","status":"passed","title":"contains label: Invoice Drafts","duration":8.925899999999956,"failureMessages":[],"meta":{}},{"ancestorTitles":["17B App Shell and Navigation UI","Sidebar contains professional group labels"],"fullName":"17B App Shell and Navigation UI Sidebar contains professional group labels contains group label: Main Operation","status":"passed","title":"contains group label: Main Operation","duration":6.458900000000085,"failureMessages":[],"meta":{}},{"ancestorTitles":["17B App Shell and Navigation UI","Sidebar contains professional group labels"],"fullName":"17B App Shell and Navigation UI Sidebar contains professional group labels contains group label: Inbound Management","status":"passed","title":"contains group label: Inbound Management","duration":14.746900000000096,"failureMessages":[],"meta":{}},{"ancestorTitles":["17B App Shell and Navigation UI","Sidebar contains professional group labels"],"fullName":"17B App Shell and Navigation UI Sidebar contains professional group labels contains group label: Inventory Control","status":"passed","title":"contains group label: Inventory Control","duration":9.666099999999915,"failureMessages":[],"meta":{}},{"ancestorTitles":["17B App Shell and Navigation UI","Sidebar contains professional group labels"],"fullName":"17B App Shell and Navigation UI Sidebar contains professional group labels contains group label: Outbound Management","status":"passed","title":"contains group label: Outbound Management","duration":9.947799999999916,"failureMessages":[],"meta":{}},{"ancestorTitles":["17B App Shell and Navigation UI","Sidebar contains professional group labels"],"fullName":"17B App Shell and Navigation UI Sidebar contains professional group labels contains group label: Barcode / Handheld","status":"passed","title":"contains group label: Barcode / Handheld","duration":6.4021999999999935,"failureMessages":[],"meta":{}},{"ancestorTitles":["17B App Shell and Navigation UI","Sidebar contains professional group labels"],"fullName":"17B App Shell and Navigation UI Sidebar contains professional group labels contains group label: Customer Portal","status":"passed","title":"contains group label: Customer Portal","duration":10.550600000000031,"failureMessages":[],"meta":{}},{"ancestorTitles":["17B App Shell and Navigation UI","Sidebar contains professional group labels"],"fullName":"17B App Shell and Navigation UI Sidebar contains professional group labels contains group label: Billing","status":"passed","title":"contains group label: Billing","duration":8.104400000000169,"failureMessages":[],"meta":{}},{"ancestorTitles":["17B App Shell and Navigation UI","Sidebar contains professional group labels"],"fullName":"17B App Shell and Navigation UI Sidebar contains professional group labels contains group label: Reports","status":"passed","title":"contains group label: Reports","duration":27.668100000000095,"failureMessages":[],"meta":{}},{"ancestorTitles":["17B App Shell and Navigation UI","Sidebar contains professional group labels"],"fullName":"17B App Shell and Navigation UI Sidebar contains professional group labels contains group label: System Administration","status":"passed","title":"contains group label: System Administration","duration":6.1749999999999545,"failureMessages":[],"meta":{}},{"ancestorTitles":["17B App Shell and Navigation UI"],"fullName":"17B App Shell and Navigation UI Sidebar does not render cute emoji icons","status":"passed","title":"Sidebar does not render cute emoji icons","duration":6.27130000000011,"failureMessages":[],"meta":{}},{"ancestorTitles":["17B App Shell and Navigation UI"],"fullName":"17B App Shell and Navigation UI Sidebar does not use short code-only primary labels","status":"passed","title":"Sidebar does not use short code-only primary labels","duration":17.544200000000046,"failureMessages":[],"meta":{}},{"ancestorTitles":["17B App Shell and Navigation UI"],"fullName":"17B App Shell and Navigation UI Production HOLD text is visible","status":"passed","title":"Production HOLD text is visible","duration":6.349500000000035,"failureMessages":[],"meta":{}},{"ancestorTitles":["17B App Shell and Navigation UI"],"fullName":"17B App Shell and Navigation UI withdrawal review menu links to customer admin review route","status":"passed","title":"withdrawal review menu links to customer admin review route","duration":81.78520000000003,"failureMessages":[],"meta":{}},{"ancestorTitles":["17B App Shell and Navigation UI"],"fullName":"17B App Shell and Navigation UI Sidebar renders expected number of navigation groups","status":"passed","title":"Sidebar renders expected number of navigation groups","duration":10.507400000000189,"failureMessages":[],"meta":{}},{"ancestorTitles":["17B App Shell and Navigation UI","Sidebar contains additional expected items"],"fullName":"17B App Shell and Navigation UI Sidebar contains additional expected items contains item: Movement Ledger","status":"passed","title":"contains item: Movement Ledger","duration":8.342100000000073,"failureMessages":[],"meta":{}},{"ancestorTitles":["17B App Shell and Navigation UI","Sidebar contains additional expected items"],"fullName":"17B App Shell and Navigation UI Sidebar contains additional expected items contains item: Stock Aging","status":"passed","title":"contains item: Stock Aging","duration":3.455000000000382,"failureMessages":[],"meta":{}},{"ancestorTitles":["17B App Shell and Navigation UI","Sidebar contains additional expected items"],"fullName":"17B App Shell and Navigation UI Sidebar contains additional expected items contains item: Customer Data","status":"passed","title":"contains item: Customer Data","duration":4.73720000000003,"failureMessages":[],"meta":{}},{"ancestorTitles":["17B App Shell and Navigation UI","Sidebar contains additional expected items"],"fullName":"17B App Shell and Navigation UI Sidebar contains additional expected items contains item: Scan Center","status":"passed","title":"contains item: Scan Center","duration":11.454000000000178,"failureMessages":[],"meta":{}},{"ancestorTitles":["17B App Shell and Navigation UI","Sidebar contains additional expected items"],"fullName":"17B App Shell and Navigation UI Sidebar contains additional expected items contains item: Customer Deposit","status":"passed","title":"contains item: Customer Deposit","duration":6.86889999999994,"failureMessages":[],"meta":{}},{"ancestorTitles":["17B App Shell and Navigation UI","Sidebar contains additional expected items"],"fullName":"17B App Shell and Navigation UI Sidebar contains additional expected items contains item: Customer Requests","status":"passed","title":"contains item: Customer Requests","duration":5.920900000000074,"failureMessages":[],"meta":{}},{"ancestorTitles":["17B App Shell and Navigation UI","Sidebar contains additional expected items"],"fullName":"17B App Shell and Navigation UI Sidebar contains additional expected items contains item: Portal Overview","status":"passed","title":"contains item: Portal Overview","duration":24.644800000000032,"failureMessages":[],"meta":{}},{"ancestorTitles":["17B App Shell and Navigation UI","Sidebar contains additional expected items"],"fullName":"17B App Shell and Navigation UI Sidebar contains additional expected items contains item: Billing Movement Weight","status":"passed","title":"contains item: Billing Movement Weight","duration":11.334200000000237,"failureMessages":[],"meta":{}}],"startTime":1782465402059,"endTime":1782465402486.3342,"status":"passed","message":"","name":"C:/Users/TSS/OneDrive/เดสก์ท็อป/TGD Coldstorage/TGD WMS/tests/unit/app-shell-navigation-ui.test.jsx"},{"assertionResults":[{"ancestorTitles":["Sprint 1C audit and role foundation"],"fullName":"Sprint 1C audit and role foundation creates the audit and role migration file","status":"passed","title":"creates the audit and role migration file","duration":1.376299999999901,"failureMessages":[],"meta":{}},{"ancestorTitles":["Sprint 1C audit and role foundation"],"fullName":"Sprint 1C audit and role foundation creates user profile and audit log tables","status":"passed","title":"creates user profile and audit log tables","duration":0.6535000000001219,"failureMessages":[],"meta":{}},{"ancestorTitles":["Sprint 1C audit and role foundation"],"fullName":"Sprint 1C audit and role foundation constrains all supported roles","status":"passed","title":"constrains all supported roles","duration":0.5547999999998865,"failureMessages":[],"meta":{}},{"ancestorTitles":["Sprint 1C audit and role foundation"],"fullName":"Sprint 1C audit and role foundation creates audit and permission helper functions","status":"passed","title":"creates audit and permission helper functions","duration":0.3468000000000302,"failureMessages":[],"meta":{}},{"ancestorTitles":["Sprint 1C audit and role foundation"],"fullName":"Sprint 1C audit and role foundation creates the RLS policy foundation file","status":"passed","title":"creates the RLS policy foundation file","duration":0.23059999999986758,"failureMessages":[],"meta":{}},{"ancestorTitles":["Sprint 1C audit and role foundation"],"fullName":"Sprint 1C audit and role foundation enables RLS for expected tables","status":"passed","title":"enables RLS for expected tables","duration":0.5159000000001015,"failureMessages":[],"meta":{}},{"ancestorTitles":["Sprint 1C audit and role foundation"],"fullName":"Sprint 1C audit and role foundation includes draft policies for inventory, movement, audit, and user profiles","status":"passed","title":"includes draft policies for inventory, movement, audit, and user profiles","duration":0.25480000000015934,"failureMessages":[],"meta":{}},{"ancestorTitles":["Sprint 1C audit and role foundation"],"fullName":"Sprint 1C audit and role foundation does not create document workflow tables or Express sync artifacts","status":"passed","title":"does not create document workflow tables or Express sync artifacts","duration":0.5886000000000422,"failureMessages":[],"meta":{}},{"ancestorTitles":["Sprint 1C audit and role foundation"],"fullName":"Sprint 1C audit and role foundation does not rely on legacy-reference content","status":"passed","title":"does not rely on legacy-reference content","duration":0.25509999999985666,"failureMessages":[],"meta":{}}],"startTime":1782465404429,"endTime":1782465404434.2551,"status":"passed","message":"","name":"C:/Users/TSS/OneDrive/เดสก์ท็อป/TGD Coldstorage/TGD WMS/tests/unit/audit-role-schema.test.js"},{"assertionResults":[{"ancestorTitles":["UX-AUTH-1 auth and user settings"],"fullName":"UX-AUTH-1 auth and user settings login page shows forgot password link","status":"passed","title":"login page shows forgot password link","duration":41.22450000000026,"failureMessages":[],"meta":{}},{"ancestorTitles":["UX-AUTH-1 auth and user settings"],"fullName":"UX-AUTH-1 auth and user settings forgot password submit shows generic success message","status":"passed","title":"forgot password submit shows generic success message","duration":27.809999999999945,"failureMessages":[],"meta":{}},{"ancestorTitles":["UX-AUTH-1 auth and user settings"],"fullName":"UX-AUTH-1 auth and user settings forgot password shows validation error for invalid email submit","status":"passed","title":"forgot password shows validation error for invalid email submit","duration":24.897300000000087,"failureMessages":[],"meta":{}},{"ancestorTitles":["UX-AUTH-1 auth and user settings"],"fullName":"UX-AUTH-1 auth and user settings reset password validation rejects short password","status":"passed","title":"reset password validation rejects short password","duration":1.3050999999995838,"failureMessages":[],"meta":{}},{"ancestorTitles":["UX-AUTH-1 auth and user settings"],"fullName":"UX-AUTH-1 auth and user settings reset password page renders form when recovery session exists","status":"passed","title":"reset password page renders form when recovery session exists","duration":16.891599999999926,"failureMessages":[],"meta":{}},{"ancestorTitles":["UX-AUTH-1 auth and user settings"],"fullName":"UX-AUTH-1 auth and user settings profile settings renders user email and role","status":"passed","title":"profile settings renders user email and role","duration":27.260499999999865,"failureMessages":[],"meta":{}},{"ancestorTitles":["UX-AUTH-1 auth and user settings"],"fullName":"UX-AUTH-1 auth and user settings user menu shows profile settings link","status":"passed","title":"user menu shows profile settings link","duration":17.209699999999884,"failureMessages":[],"meta":{}},{"ancestorTitles":["UX-AUTH-1 auth and user settings"],"fullName":"UX-AUTH-1 auth and user settings billing permission tests still pass for role boundaries","status":"passed","title":"billing permission tests still pass for role boundaries","duration":0.4341999999996915,"failureMessages":[],"meta":{}}],"startTime":1782465393049,"endTime":1782465393206.434,"status":"passed","message":"","name":"C:/Users/TSS/OneDrive/เดสก์ท็อป/TGD Coldstorage/TGD WMS/tests/unit/auth-user-settings.test.jsx"},{"assertionResults":[{"ancestorTitles":["authenticated user role resolution"],"fullName":"authenticated user role resolution prefers authenticated profile role over demo selector default","status":"passed","title":"prefers authenticated profile role over demo selector default","duration":1.225400000000036,"failureMessages":[],"meta":{}},{"ancestorTitles":["authenticated user role resolution"],"fullName":"authenticated user role resolution falls back to demo role when no authenticated profile role is set","status":"passed","title":"falls back to demo role when no authenticated profile role is set","duration":0.2243999999998323,"failureMessages":[],"meta":{}},{"ancestorTitles":["authenticated user role resolution"],"fullName":"authenticated user role resolution supports customer portal roles from profile mapping","status":"passed","title":"supports customer portal roles from profile mapping","duration":0.15499999999997272,"failureMessages":[],"meta":{}},{"ancestorTitles":["authenticated user role resolution"],"fullName":"authenticated user role resolution clears authenticated role back to demo/default path","status":"passed","title":"clears authenticated role back to demo/default path","duration":0.19239999999990687,"failureMessages":[],"meta":{}}],"startTime":1782465418199,"endTime":1782465418201.1924,"status":"passed","message":"","name":"C:/Users/TSS/OneDrive/เดสก์ท็อป/TGD Coldstorage/TGD WMS/tests/unit/authenticated-user-role.test.js"},{"assertionResults":[{"ancestorTitles":["Backup/Restore Drill Documentation"],"fullName":"Backup/Restore Drill Documentation should exist: deployment/backup-restore-drill-execution-record.md","status":"passed","title":"should exist: deployment/backup-restore-drill-execution-record.md","duration":1.4198999999998705,"failureMessages":[],"meta":{}},{"ancestorTitles":["Backup/Restore Drill Documentation"],"fullName":"Backup/Restore Drill Documentation should contain required heading in deployment/backup-restore-drill-execution-record.md","status":"passed","title":"should contain required heading in deployment/backup-restore-drill-execution-record.md","duration":0.5972999999999047,"failureMessages":[],"meta":{}},{"ancestorTitles":["Backup/Restore Drill Documentation"],"fullName":"Backup/Restore Drill Documentation should exist: deployment/backup-restore-drill-evidence-index.md","status":"passed","title":"should exist: deployment/backup-restore-drill-evidence-index.md","duration":0.31549999999992906,"failureMessages":[],"meta":{}},{"ancestorTitles":["Backup/Restore Drill Documentation"],"fullName":"Backup/Restore Drill Documentation should contain required heading in deployment/backup-restore-drill-evidence-index.md","status":"passed","title":"should contain required heading in deployment/backup-restore-drill-evidence-index.md","duration":0.28319999999985157,"failureMessages":[],"meta":{}},{"ancestorTitles":["Backup/Restore Drill Documentation"],"fullName":"Backup/Restore Drill Documentation should exist: deployment/backup-restore-drill-result-summary.md","status":"passed","title":"should exist: deployment/backup-restore-drill-result-summary.md","duration":0.22430000000008476,"failureMessages":[],"meta":{}},{"ancestorTitles":["Backup/Restore Drill Documentation"],"fullName":"Backup/Restore Drill Documentation should contain required heading in deployment/backup-restore-drill-result-summary.md","status":"passed","title":"should contain required heading in deployment/backup-restore-drill-result-summary.md","duration":0.29759999999987485,"failureMessages":[],"meta":{}},{"ancestorTitles":["Backup/Restore Drill Documentation"],"fullName":"Backup/Restore Drill Documentation should not contain \"Fully Closed\" for PROD-GAP-004 in critical-gap-final-status.md","status":"passed","title":"should not contain \"Fully Closed\" for PROD-GAP-004 in critical-gap-final-status.md","duration":0.6242999999999483,"failureMessages":[],"meta":{}},{"ancestorTitles":["Backup/Restore Drill Documentation"],"fullName":"Backup/Restore Drill Documentation should have Secret handling confirmation heading in execution record","status":"passed","title":"should have Secret handling confirmation heading in execution record","duration":0.5494000000001051,"failureMessages":[],"meta":{}}],"startTime":1782465415521,"endTime":1782465415525.5493,"status":"passed","message":"","name":"C:/Users/TSS/OneDrive/เดสก์ท็อป/TGD Coldstorage/TGD WMS/tests/unit/backup-restore-drill-execution-capture-docs.test.js"},{"assertionResults":[{"ancestorTitles":["Sprint 4A barcode scan foundation schema"],"fullName":"Sprint 4A barcode scan foundation schema creates migration 012","status":"passed","title":"creates migration 012","duration":0.9431999999999334,"failureMessages":[],"meta":{}},{"ancestorTitles":["Sprint 4A barcode scan foundation schema"],"fullName":"Sprint 4A barcode scan foundation schema creates barcode alias and scan event tables","status":"passed","title":"creates barcode alias and scan event tables","duration":0.37020000000006803,"failureMessages":[],"meta":{}},{"ancestorTitles":["Sprint 4A barcode scan foundation schema"],"fullName":"Sprint 4A barcode scan foundation schema defines entity type and barcode type constraints","status":"passed","title":"defines entity type and barcode type constraints","duration":0.4937999999999647,"failureMessages":[],"meta":{}},{"ancestorTitles":["Sprint 4A barcode scan foundation schema"],"fullName":"Sprint 4A barcode scan foundation schema defines scan context, result, and source constraints","status":"passed","title":"defines scan context, result, and source constraints","duration":0.40859999999997854,"failureMessages":[],"meta":{}},{"ancestorTitles":["Sprint 4A barcode scan foundation schema"],"fullName":"Sprint 4A barcode scan foundation schema creates resolver and scan logger functions","status":"passed","title":"creates resolver and scan logger functions","duration":0.13850000000002183,"failureMessages":[],"meta":{}},{"ancestorTitles":["Sprint 4A barcode scan foundation schema"],"fullName":"Sprint 4A barcode scan foundation schema resolver searches products, locations, and pallets","status":"passed","title":"resolver searches products, locations, and pallets","duration":0.16599999999993997,"failureMessages":[],"meta":{}},{"ancestorTitles":["Sprint 4A barcode scan foundation schema"],"fullName":"Sprint 4A barcode scan foundation schema resolver and scan logger do not post movements or update stock balances","status":"passed","title":"resolver and scan logger do not post movements or update stock balances","duration":0.37429999999994834,"failureMessages":[],"meta":{}},{"ancestorTitles":["Sprint 4A barcode scan foundation schema"],"fullName":"Sprint 4A barcode scan foundation schema scan logger inserts auditable scan events","status":"passed","title":"scan logger inserts auditable scan events","duration":0.10770000000002256,"failureMessages":[],"meta":{}},{"ancestorTitles":["Sprint 4A barcode scan foundation schema"],"fullName":"Sprint 4A barcode scan foundation schema does not create handheld UI pages or Express sync artifacts","status":"passed","title":"does not create handheld UI pages or Express sync artifacts","duration":1.2490000000000236,"failureMessages":[],"meta":{}},{"ancestorTitles":["Sprint 4A barcode scan foundation schema"],"fullName":"Sprint 4A barcode scan foundation schema does not rely on legacy-reference content","status":"passed","title":"does not rely on legacy-reference content","duration":0.1714999999999236,"failureMessages":[],"meta":{}}],"startTime":1782465397971,"endTime":1782465397975.249,"status":"passed","message":"","name":"C:/Users/TSS/OneDrive/เดสก์ท็อป/TGD Coldstorage/TGD WMS/tests/unit/barcode-schema.test.js"},{"assertionResults":[{"ancestorTitles":["Bilingual Readiness Audit"],"fullName":"Bilingual Readiness Audit Translation catalog file exists","status":"passed","title":"Translation catalog file exists","duration":1.2174999999999727,"failureMessages":[],"meta":{}},{"ancestorTitles":["Bilingual Readiness Audit"],"fullName":"Bilingual Readiness Audit Translation audit service file exists","status":"passed","title":"Translation audit service file exists","duration":0.269800000000032,"failureMessages":[],"meta":{}},{"ancestorTitles":["Bilingual Readiness Audit"],"fullName":"Bilingual Readiness Audit Supported languages include th and en","status":"passed","title":"Supported languages include th and en","duration":0.7742000000000644,"failureMessages":[],"meta":{}},{"ancestorTitles":["Bilingual Readiness Audit"],"fullName":"Bilingual Readiness Audit Default language is th","status":"passed","title":"Default language is th","duration":0.3122000000000753,"failureMessages":[],"meta":{}},{"ancestorTitles":["Bilingual Readiness Audit"],"fullName":"Bilingual Readiness Audit Required exports exist","status":"passed","title":"Required exports exist","duration":0.2340999999998985,"failureMessages":[],"meta":{}},{"ancestorTitles":["Bilingual Readiness Audit"],"fullName":"Bilingual Readiness Audit Every translation key has both th and en","status":"passed","title":"Every translation key has both th and en","duration":1.9359999999999218,"failureMessages":[],"meta":{}},{"ancestorTitles":["Bilingual Readiness Audit"],"fullName":"Bilingual Readiness Audit No empty translation values","status":"passed","title":"No empty translation values","duration":1.086799999999812,"failureMessages":[],"meta":{}},{"ancestorTitles":["Bilingual Readiness Audit"],"fullName":"Bilingual Readiness Audit No duplicate translation keys","status":"passed","title":"No duplicate translation keys","duration":0.29119999999988977,"failureMessages":[],"meta":{}},{"ancestorTitles":["Bilingual Readiness Audit"],"fullName":"Bilingual Readiness Audit Accounting charge report labels exist","status":"passed","title":"Accounting charge report labels exist","duration":0.3614000000000033,"failureMessages":[],"meta":{}},{"ancestorTitles":["Bilingual Readiness Audit"],"fullName":"Bilingual Readiness Audit Warehouse operation labels exist","status":"passed","title":"Warehouse operation labels exist","duration":0.36850000000004,"failureMessages":[],"meta":{}},{"ancestorTitles":["Bilingual Readiness Audit"],"fullName":"Bilingual Readiness Audit Route/report labels exist","status":"passed","title":"Route/report labels exist","duration":0.2858000000001084,"failureMessages":[],"meta":{}},{"ancestorTitles":["Bilingual Readiness Audit"],"fullName":"Bilingual Readiness Audit Audit summary generates without error","status":"passed","title":"Audit summary generates without error","duration":1.6498999999998887,"failureMessages":[],"meta":{}}],"startTime":1782465405913,"endTime":1782465405922.65,"status":"passed","message":"","name":"C:/Users/TSS/OneDrive/เดสก์ท็อป/TGD Coldstorage/TGD WMS/tests/unit/bilingual-readiness-audit.test.js"},{"assertionResults":[{"ancestorTitles":["Gate 3B-4 billing invoice draft Bplus export readiness utils"],"fullName":"Gate 3B-4 billing invoice draft Bplus export readiness utils returns READY for APPROVED draft with complete data","status":"passed","title":"returns READY for APPROVED draft with complete data","duration":1.9454000000000633,"failureMessages":[],"meta":{}},{"ancestorTitles":["Gate 3B-4 billing invoice draft Bplus export readiness utils"],"fullName":"Gate 3B-4 billing invoice draft Bplus export readiness utils returns BLOCKED for non-APPROVED draft","status":"passed","title":"returns BLOCKED for non-APPROVED draft","duration":0.28749999999990905,"failureMessages":[],"meta":{}},{"ancestorTitles":["Gate 3B-4 billing invoice draft Bplus export readiness utils"],"fullName":"Gate 3B-4 billing invoice draft Bplus export readiness utils returns BLOCKED when customer_code is missing","status":"passed","title":"returns BLOCKED when customer_code is missing","duration":0.6793999999999869,"failureMessages":[],"meta":{}},{"ancestorTitles":["Gate 3B-4 billing invoice draft Bplus export readiness utils"],"fullName":"Gate 3B-4 billing invoice draft Bplus export readiness utils normalizes UAT customer master row without customer_code column","status":"passed","title":"normalizes UAT customer master row without customer_code column","duration":0.3749000000000251,"failureMessages":[],"meta":{}},{"ancestorTitles":["Gate 3B-4 billing invoice draft Bplus export readiness utils"],"fullName":"Gate 3B-4 billing invoice draft Bplus export readiness utils falls back to code field when customer_code is absent","status":"passed","title":"falls back to code field when customer_code is absent","duration":0.2342999999998483,"failureMessages":[],"meta":{}},{"ancestorTitles":["Gate 3B-4 billing invoice draft Bplus export readiness utils"],"fullName":"Gate 3B-4 billing invoice draft Bplus export readiness utils returns BLOCKED when chargeable_weight is missing","status":"passed","title":"returns BLOCKED when chargeable_weight is missing","duration":0.2337999999999738,"failureMessages":[],"meta":{}},{"ancestorTitles":["Gate 3B-4 billing invoice draft Bplus export readiness utils"],"fullName":"Gate 3B-4 billing invoice draft Bplus export readiness utils returns NEEDS_REVIEW when rate or amount is missing","status":"passed","title":"returns NEEDS_REVIEW when rate or amount is missing","duration":0.21420000000011896,"failureMessages":[],"meta":{}},{"ancestorTitles":["Gate 3B-4 billing invoice draft Bplus export readiness utils"],"fullName":"Gate 3B-4 billing invoice draft Bplus export readiness utils returns NEEDS_REVIEW when Bplus service mapping is not confirmed","status":"passed","title":"returns NEEDS_REVIEW when Bplus service mapping is not confirmed","duration":0.20199999999999818,"failureMessages":[],"meta":{}},{"ancestorTitles":["Gate 3B-4 billing invoice draft Bplus export readiness utils"],"fullName":"Gate 3B-4 billing invoice draft Bplus export readiness utils builds header and line preview fields","status":"passed","title":"builds header and line preview fields","duration":0.21979999999985012,"failureMessages":[],"meta":{}},{"ancestorTitles":["Gate 3B-4 billing invoice draft Bplus export readiness utils"],"fullName":"Gate 3B-4 billing invoice draft Bplus export readiness utils does not expose executable export or billed controls in service source","status":"passed","title":"does not expose executable export or billed controls in service source","duration":0.7761999999997897,"failureMessages":[],"meta":{}}],"startTime":1782465392368,"endTime":1782465392373.7761,"status":"passed","message":"","name":"C:/Users/TSS/OneDrive/เดสก์ท็อป/TGD Coldstorage/TGD WMS/tests/unit/billing-invoice-draft-bplus-export-readiness.test.js"},{"assertionResults":[{"ancestorTitles":["Gate 3B-RLS billing invoice draft permissions"],"fullName":"Gate 3B-RLS billing invoice draft permissions defines controller-approved read and write role sets","status":"passed","title":"defines controller-approved read and write role sets","duration":1.3580999999999221,"failureMessages":[],"meta":{}},{"ancestorTitles":["Gate 3B-RLS billing invoice draft permissions"],"fullName":"Gate 3B-RLS billing invoice draft permissions allows read roles and blocks warehouse_staff/viewer","status":"passed","title":"allows read roles and blocks warehouse_staff/viewer","duration":0.4380999999998494,"failureMessages":[],"meta":{}},{"ancestorTitles":["Gate 3B-RLS billing invoice draft permissions"],"fullName":"Gate 3B-RLS billing invoice draft permissions allows write only for admin and accounting","status":"passed","title":"allows write only for admin and accounting","duration":0.26510000000007494,"failureMessages":[],"meta":{}},{"ancestorTitles":["Gate 3B-RLS billing invoice draft permissions"],"fullName":"Gate 3B-RLS billing invoice draft permissions hides invoice draft navigation for unauthorized roles","status":"passed","title":"hides invoice draft navigation for unauthorized roles","duration":0.8195999999998094,"failureMessages":[],"meta":{}},{"ancestorTitles":["Gate 3B-RLS billing invoice draft permissions"],"fullName":"Gate 3B-RLS billing invoice draft permissions catalogs invoice draft routes with accounting minimum and warehouse_manager read support","status":"passed","title":"catalogs invoice draft routes with accounting minimum and warehouse_manager read support","duration":0.20980000000008658,"failureMessages":[],"meta":{}},{"ancestorTitles":["Gate 3B-RLS billing invoice draft permissions"],"fullName":"Gate 3B-RLS billing invoice draft permissions allows warehouse_manager route access via role hierarchy for invoice draft pages","status":"passed","title":"allows warehouse_manager route access via role hierarchy for invoice draft pages","duration":0.2785000000001219,"failureMessages":[],"meta":{}}],"startTime":1782465405658,"endTime":1782465405661.2786,"status":"passed","message":"","name":"C:/Users/TSS/OneDrive/เดสก์ท็อป/TGD Coldstorage/TGD WMS/tests/unit/billing-invoice-draft-permissions.test.js"},{"assertionResults":[{"ancestorTitles":["Gate 3B-RLS billing invoice draft RLS policy draft"],"fullName":"Gate 3B-RLS billing invoice draft RLS policy draft creates migration 039","status":"passed","title":"creates migration 039","duration":1.656900000000178,"failureMessages":[],"meta":{}},{"ancestorTitles":["Gate 3B-RLS billing invoice draft RLS policy draft"],"fullName":"Gate 3B-RLS billing invoice draft RLS policy draft enables RLS on billing invoice draft tables","status":"passed","title":"enables RLS on billing invoice draft tables","duration":0.7975999999998749,"failureMessages":[],"meta":{}},{"ancestorTitles":["Gate 3B-RLS billing invoice draft RLS policy draft"],"fullName":"Gate 3B-RLS billing invoice draft RLS policy draft creates SELECT/INSERT/UPDATE policies for draft header and lines","status":"passed","title":"creates SELECT/INSERT/UPDATE policies for draft header and lines","duration":0.9276999999999589,"failureMessages":[],"meta":{}},{"ancestorTitles":["Gate 3B-RLS billing invoice draft RLS policy draft"],"fullName":"Gate 3B-RLS billing invoice draft RLS policy draft reuses active role and customer helper functions","status":"passed","title":"reuses active role and customer helper functions","duration":0.49759999999992033,"failureMessages":[],"meta":{}},{"ancestorTitles":["Gate 3B-RLS billing invoice draft RLS policy draft"],"fullName":"Gate 3B-RLS billing invoice draft RLS policy draft does not contain destructive statements","status":"passed","title":"does not contain destructive statements","duration":0.7218000000000302,"failureMessages":[],"meta":{}},{"ancestorTitles":["Gate 3B-RLS billing invoice draft RLS policy draft"],"fullName":"Gate 3B-RLS billing invoice draft RLS policy draft documents billing draft access in the RLS access matrix","status":"passed","title":"documents billing draft access in the RLS access matrix","duration":0.5485000000001037,"failureMessages":[],"meta":{}}],"startTime":1782465407377,"endTime":1782465407381.7217,"status":"passed","message":"","name":"C:/Users/TSS/OneDrive/เดสก์ท็อป/TGD Coldstorage/TGD WMS/tests/unit/billing-invoice-draft-rls-policy.test.js"},{"assertionResults":[{"ancestorTitles":["Gate 3B-1 billing invoice draft foundation"],"fullName":"Gate 3B-1 billing invoice draft foundation creates migration draft with additive tables and duplicate guard index","status":"passed","title":"creates migration draft with additive tables and duplicate guard index","duration":2.4397999999998774,"failureMessages":[],"meta":{}},{"ancestorTitles":["Gate 3B-1 billing invoice draft foundation"],"fullName":"Gate 3B-1 billing invoice draft foundation exports service functions without stock or receiving mutation","status":"passed","title":"exports service functions without stock or receiving mutation","duration":0.9023999999999432,"failureMessages":[],"meta":{}},{"ancestorTitles":["Gate 3B-1 billing invoice draft foundation"],"fullName":"Gate 3B-1 billing invoice draft foundation creates draft payload from valid movement rows","status":"passed","title":"creates draft payload from valid movement rows","duration":1.670799999999872,"failureMessages":[],"meta":{}},{"ancestorTitles":["Gate 3B-1 billing invoice draft foundation"],"fullName":"Gate 3B-1 billing invoice draft foundation rejects empty movement selection","status":"passed","title":"rejects empty movement selection","duration":0.3082999999999174,"failureMessages":[],"meta":{}},{"ancestorTitles":["Gate 3B-1 billing invoice draft foundation"],"fullName":"Gate 3B-1 billing invoice draft foundation rejects mixed customers","status":"passed","title":"rejects mixed customers","duration":0.19190000000003238,"failureMessages":[],"meta":{}},{"ancestorTitles":["Gate 3B-1 billing invoice draft foundation"],"fullName":"Gate 3B-1 billing invoice draft foundation rejects non-billable rows","status":"passed","title":"rejects non-billable rows","duration":0.18499999999994543,"failureMessages":[],"meta":{}},{"ancestorTitles":["Gate 3B-1 billing invoice draft foundation"],"fullName":"Gate 3B-1 billing invoice draft foundation rejects NEEDS_WEIGHT_REVIEW rows","status":"passed","title":"rejects NEEDS_WEIGHT_REVIEW rows","duration":0.21309999999994034,"failureMessages":[],"meta":{}},{"ancestorTitles":["Gate 3B-1 billing invoice draft foundation"],"fullName":"Gate 3B-1 billing invoice draft foundation rejects duplicate movement in active draft","status":"passed","title":"rejects duplicate movement in active draft","duration":0.32970000000000255,"failureMessages":[],"meta":{}},{"ancestorTitles":["Gate 3B-1 billing invoice draft foundation"],"fullName":"Gate 3B-1 billing invoice draft foundation allows cancelled draft source to be reused","status":"passed","title":"allows cancelled draft source to be reused","duration":0.1690000000000964,"failureMessages":[],"meta":{}},{"ancestorTitles":["Gate 3B-1 billing invoice draft foundation"],"fullName":"Gate 3B-1 billing invoice draft foundation enriches movement rows with active duplicate guard state","status":"passed","title":"enriches movement rows with active duplicate guard state","duration":0.666300000000092,"failureMessages":[],"meta":{}},{"ancestorTitles":["Gate 3B-1 billing invoice draft foundation"],"fullName":"Gate 3B-1 billing invoice draft foundation calculates totals correctly","status":"passed","title":"calculates totals correctly","duration":0.1675000000000182,"failureMessages":[],"meta":{}},{"ancestorTitles":["Gate 3B-1 billing invoice draft foundation"],"fullName":"Gate 3B-1 billing invoice draft foundation allows cancel only for DRAFT or READY_TO_REVIEW","status":"passed","title":"allows cancel only for DRAFT or READY_TO_REVIEW","duration":0.14830000000006294,"failureMessages":[],"meta":{}},{"ancestorTitles":["Gate 3B-1 billing invoice draft foundation"],"fullName":"Gate 3B-1 billing invoice draft foundation allows approve only for DRAFT or READY_TO_REVIEW","status":"passed","title":"allows approve only for DRAFT or READY_TO_REVIEW","duration":0.20810000000005857,"failureMessages":[],"meta":{}},{"ancestorTitles":["Gate 3B-1 billing invoice draft foundation"],"fullName":"Gate 3B-1 billing invoice draft foundation creates invoice draft from movements through service layer","status":"passed","title":"creates invoice draft from movements through service layer","duration":2.3579000000001997,"failureMessages":[],"meta":{}},{"ancestorTitles":["Gate 3B-1 billing invoice draft foundation"],"fullName":"Gate 3B-1 billing invoice draft foundation cancel draft updates status through service layer","status":"passed","title":"cancel draft updates status through service layer","duration":1.232200000000148,"failureMessages":[],"meta":{}},{"ancestorTitles":["Gate 3B-1 billing invoice draft foundation"],"fullName":"Gate 3B-1 billing invoice draft foundation approve draft updates only the header status and keeps duplicate guards untouched","status":"passed","title":"approve draft updates only the header status and keeps duplicate guards untouched","duration":1.676300000000083,"failureMessages":[],"meta":{}},{"ancestorTitles":["Gate 3B-1 billing invoice draft foundation"],"fullName":"Gate 3B-1 billing invoice draft foundation rejects approval from a non-approvable status without updating tables","status":"passed","title":"rejects approval from a non-approvable status without updating tables","duration":0.6257000000000517,"failureMessages":[],"meta":{}},{"ancestorTitles":["Gate 3B-1 billing invoice draft foundation"],"fullName":"Gate 3B-1 billing invoice draft foundation lists and reads invoice drafts without touching stock tables","status":"passed","title":"lists and reads invoice drafts without touching stock tables","duration":0.7309999999999945,"failureMessages":[],"meta":{}},{"ancestorTitles":["Gate 3B-1 billing invoice draft foundation"],"fullName":"Gate 3B-1 billing invoice draft foundation findActiveDuplicateDraftLines uses duplicate guard only","status":"passed","title":"findActiveDuplicateDraftLines uses duplicate guard only","duration":0.40810000000010405,"failureMessages":[],"meta":{}},{"ancestorTitles":["Gate 3B-1 billing invoice draft foundation"],"fullName":"Gate 3B-1 billing invoice draft foundation documents approved active statuses for future gates","status":"passed","title":"documents approved active statuses for future gates","duration":0.7236000000000331,"failureMessages":[],"meta":{}},{"ancestorTitles":["Gate 3B-1 billing invoice draft foundation"],"fullName":"Gate 3B-1 billing invoice draft foundation returns Bplus export readiness preview without mutating draft status","status":"passed","title":"returns Bplus export readiness preview without mutating draft status","duration":1.0540000000000873,"failureMessages":[],"meta":{}},{"ancestorTitles":["Gate 3B-1 billing invoice draft foundation"],"fullName":"Gate 3B-1 billing invoice draft foundation returns BLOCKED readiness when UAT customer master has no customer_code column","status":"passed","title":"returns BLOCKED readiness when UAT customer master has no customer_code column","duration":0.8462999999999283,"failureMessages":[],"meta":{}},{"ancestorTitles":["Gate 3B-1 billing invoice draft foundation"],"fullName":"Gate 3B-1 billing invoice draft foundation maps billing invoice draft RLS errors to a user-friendly permission message","status":"passed","title":"maps billing invoice draft RLS errors to a user-friendly permission message","duration":0.5369000000000597,"failureMessages":[],"meta":{}},{"ancestorTitles":["Gate 3B-1 billing invoice draft foundation"],"fullName":"Gate 3B-1 billing invoice draft foundation surfaces unexpected Supabase customer lookup errors","status":"passed","title":"surfaces unexpected Supabase customer lookup errors","duration":0.7028999999999996,"failureMessages":[],"meta":{}}],"startTime":1782465392114,"endTime":1782465392132.703,"status":"passed","message":"","name":"C:/Users/TSS/OneDrive/เดสก์ท็อป/TGD Coldstorage/TGD WMS/tests/unit/billing-invoice-draft-service.test.js"},{"assertionResults":[{"ancestorTitles":["Gate 3B-2 billing invoice draft UI"],"fullName":"Gate 3B-2 billing invoice draft UI creates invoice draft UI files and routes","status":"passed","title":"creates invoice draft UI files and routes","duration":2.1378999999997177,"failureMessages":[],"meta":{}},{"ancestorTitles":["Gate 3B-2 billing invoice draft UI"],"fullName":"Gate 3B-2 billing invoice draft UI renders invoice draft list page","status":"passed","title":"renders invoice draft list page","duration":95.45430000000033,"failureMessages":[],"meta":{}},{"ancestorTitles":["Gate 3B-2 billing invoice draft UI"],"fullName":"Gate 3B-2 billing invoice draft UI renders invoice draft detail page with approve and cancel actions","status":"passed","title":"renders invoice draft detail page with approve and cancel actions","duration":27.80079999999998,"failureMessages":[],"meta":{}},{"ancestorTitles":["Gate 3B-2 billing invoice draft UI"],"fullName":"Gate 3B-2 billing invoice draft UI approves after confirmation, refreshes detail, and becomes read-only","status":"passed","title":"approves after confirmation, refreshes detail, and becomes read-only","duration":45.297599999999875,"failureMessages":[],"meta":{}},{"ancestorTitles":["Gate 3B-2 billing invoice draft UI"],"fullName":"Gate 3B-2 billing invoice draft UI shows approval error and keeps draft actions available","status":"passed","title":"shows approval error and keeps draft actions available","duration":39.391799999999876,"failureMessages":[],"meta":{}},{"ancestorTitles":["Gate 3B-2 billing invoice draft UI"],"fullName":"Gate 3B-2 billing invoice draft UI keeps create draft button disabled when no selection","status":"passed","title":"keeps create draft button disabled when no selection","duration":19.86700000000019,"failureMessages":[],"meta":{}},{"ancestorTitles":["Gate 3B-2 billing invoice draft UI"],"fullName":"Gate 3B-2 billing invoice draft UI enables create draft after selecting valid rows and calls service","status":"passed","title":"enables create draft after selecting valid rows and calls service","duration":41.57719999999972,"failureMessages":[],"meta":{}},{"ancestorTitles":["Gate 3B-2 billing invoice draft UI"],"fullName":"Gate 3B-2 billing invoice draft UI shows validation error for mixed customer selection","status":"passed","title":"shows validation error for mixed customer selection","duration":43.08159999999998,"failureMessages":[],"meta":{}},{"ancestorTitles":["Gate 3B-2 billing invoice draft UI"],"fullName":"Gate 3B-2 billing invoice draft UI marks NEEDS_WEIGHT_REVIEW rows as not selectable","status":"passed","title":"marks NEEDS_WEIGHT_REVIEW rows as not selectable","duration":8.200800000000072,"failureMessages":[],"meta":{}},{"ancestorTitles":["Gate 3B-2 billing invoice draft UI"],"fullName":"Gate 3B-2 billing invoice draft UI disables guarded movement and excludes it from select-all","status":"passed","title":"disables guarded movement and excludes it from select-all","duration":72.82290000000012,"failureMessages":[],"meta":{}},{"ancestorTitles":["Gate 3B-2 billing invoice draft UI"],"fullName":"Gate 3B-2 billing invoice draft UI keeps movement selectable when duplicate guard has been released","status":"passed","title":"keeps movement selectable when duplicate guard has been released","duration":0.4307000000003427,"failureMessages":[],"meta":{}},{"ancestorTitles":["Gate 3B-2 billing invoice draft UI"],"fullName":"Gate 3B-2 billing invoice draft UI does not expose forbidden Gate 3B controls in report page source","status":"passed","title":"does not expose forbidden Gate 3B controls in report page source","duration":0.5453000000002248,"failureMessages":[],"meta":{}},{"ancestorTitles":["Gate 3B-2 billing invoice draft UI"],"fullName":"Gate 3B-2 billing invoice draft UI cancel draft flow calls service from detail page source","status":"passed","title":"cancel draft flow calls service from detail page source","duration":0.8275999999996202,"failureMessages":[],"meta":{}},{"ancestorTitles":["Gate 3B-4 billing invoice draft Bplus readiness UI"],"fullName":"Gate 3B-4 billing invoice draft Bplus readiness UI renders readiness panel and preview button on approved draft detail","status":"passed","title":"renders readiness panel and preview button on approved draft detail","duration":18.239700000000084,"failureMessages":[],"meta":{}},{"ancestorTitles":["Gate 3B-4 billing invoice draft Bplus readiness UI"],"fullName":"Gate 3B-4 billing invoice draft Bplus readiness UI loads readiness preview and shows badge, checklist, and preview table","status":"passed","title":"loads readiness preview and shows badge, checklist, and preview table","duration":27.20239999999967,"failureMessages":[],"meta":{}},{"ancestorTitles":["Gate 3B-4 billing invoice draft Bplus readiness UI"],"fullName":"Gate 3B-4 billing invoice draft Bplus readiness UI shows post-approve message when draft is not approved yet","status":"passed","title":"shows post-approve message when draft is not approved yet","duration":12.701800000000276,"failureMessages":[],"meta":{}},{"ancestorTitles":["Gate 3B-4 billing invoice draft Bplus readiness UI"],"fullName":"Gate 3B-4 billing invoice draft Bplus readiness UI updates list page guidance copy for Gate 3B-4","status":"passed","title":"updates list page guidance copy for Gate 3B-4","duration":7.333000000000084,"failureMessages":[],"meta":{}},{"ancestorTitles":["Gate 3B-RLS billing invoice draft UI permissions"],"fullName":"Gate 3B-RLS billing invoice draft UI permissions hides create draft controls for viewer role","status":"passed","title":"hides create draft controls for viewer role","duration":15.347800000000007,"failureMessages":[],"meta":{}},{"ancestorTitles":["Gate 3B-RLS billing invoice draft UI permissions"],"fullName":"Gate 3B-RLS billing invoice draft UI permissions shows create draft controls for accounting role","status":"passed","title":"shows create draft controls for accounting role","duration":27.321899999999914,"failureMessages":[],"meta":{}},{"ancestorTitles":["Gate 3B-RLS billing invoice draft UI permissions"],"fullName":"Gate 3B-RLS billing invoice draft UI permissions hides approve and cancel buttons for warehouse_manager read-only role","status":"passed","title":"hides approve and cancel buttons for warehouse_manager read-only role","duration":4.19360000000006,"failureMessages":[],"meta":{}},{"ancestorTitles":["Gate 3B-RLS billing invoice draft UI permissions"],"fullName":"Gate 3B-RLS billing invoice draft UI permissions shows approve and cancel buttons for accounting role","status":"passed","title":"shows approve and cancel buttons for accounting role","duration":6.23700000000008,"failureMessages":[],"meta":{}},{"ancestorTitles":["Gate 3B-RLS billing invoice draft UI permissions"],"fullName":"Gate 3B-RLS billing invoice draft UI permissions shows permission denied on invoice draft list for viewer role","status":"passed","title":"shows permission denied on invoice draft list for viewer role","duration":9.617499999999836,"failureMessages":[],"meta":{}}],"startTime":1782465393240,"endTime":1782465393766.6174,"status":"passed","message":"","name":"C:/Users/TSS/OneDrive/เดสก์ท็อป/TGD Coldstorage/TGD WMS/tests/unit/billing-invoice-draft-ui.test.jsx"},{"assertionResults":[{"ancestorTitles":["Gate 3A billing movement weight report"],"fullName":"Gate 3A billing movement weight report creates billing movement weight report page and components","status":"passed","title":"creates billing movement weight report page and components","duration":1.0470000000000255,"failureMessages":[],"meta":{}},{"ancestorTitles":["Gate 3A billing movement weight report"],"fullName":"Gate 3A billing movement weight report routes and menus billing movement weight report","status":"passed","title":"routes and menus billing movement weight report","duration":0.736699999999928,"failureMessages":[],"meta":{}},{"ancestorTitles":["Gate 3A billing movement weight report"],"fullName":"Gate 3A billing movement weight report includes required data-testid markers","status":"passed","title":"includes required data-testid markers","duration":0.6587999999999283,"failureMessages":[],"meta":{}},{"ancestorTitles":["Gate 3A billing movement weight report"],"fullName":"Gate 3A billing movement weight report shapes billing movement weight rows from database view fields","status":"passed","title":"shapes billing movement weight rows from database view fields","duration":0.24220000000013897,"failureMessages":[],"meta":{}},{"ancestorTitles":["Gate 3A billing movement weight report"],"fullName":"Gate 3A billing movement weight report filters rows by billable status, billing status, and movement type","status":"passed","title":"filters rows by billable status, billing status, and movement type","duration":0.9338000000000193,"failureMessages":[],"meta":{}},{"ancestorTitles":["Gate 3A billing movement weight report"],"fullName":"Gate 3A billing movement weight report calculates summary cards for qty and weight totals","status":"passed","title":"calculates summary cards for qty and weight totals","duration":0.2600999999999658,"failureMessages":[],"meta":{}},{"ancestorTitles":["Gate 3A billing movement weight report"],"fullName":"Gate 3A billing movement weight report classifies schema cache and RLS errors for empty/error states","status":"passed","title":"classifies schema cache and RLS errors for empty/error states","duration":0.21420000000011896,"failureMessages":[],"meta":{}},{"ancestorTitles":["Gate 3A billing movement weight report"],"fullName":"Gate 3A billing movement weight report builds CSV export with billing columns and escaped values","status":"passed","title":"builds CSV export with billing columns and escaped values","duration":0.2545000000000073,"failureMessages":[],"meta":{}},{"ancestorTitles":["Gate 3A billing movement weight report"],"fullName":"Gate 3A billing movement weight report reads billing movement weight view from approved service","status":"passed","title":"reads billing movement weight view from approved service","duration":0.6452999999999065,"failureMessages":[],"meta":{}},{"ancestorTitles":["Gate 3A billing movement weight report"],"fullName":"Gate 3A billing movement weight report keeps gate 3B-2 page bounded without approve/export/mark billed workflow","status":"passed","title":"keeps gate 3B-2 page bounded without approve/export/mark billed workflow","duration":0.4680999999998221,"failureMessages":[],"meta":{}}],"startTime":1782465392427,"endTime":1782465392433.468,"status":"passed","message":"","name":"C:/Users/TSS/OneDrive/เดสก์ท็อป/TGD Coldstorage/TGD WMS/tests/unit/billing-movement-weight-report.test.js"},{"assertionResults":[{"ancestorTitles":["Sprint 7B Bplus accounting charge mapping foundation"],"fullName":"Sprint 7B Bplus accounting charge mapping foundation verifies that Sprint 7B files exist","status":"passed","title":"verifies that Sprint 7B files exist","duration":2.3845000000001164,"failureMessages":[],"meta":{}},{"ancestorTitles":["Sprint 7B Bplus accounting charge mapping foundation"],"fullName":"Sprint 7B Bplus accounting charge mapping foundation defines the required Bplus mapping exports","status":"passed","title":"defines the required Bplus mapping exports","duration":1.1010999999998603,"failureMessages":[],"meta":{}},{"ancestorTitles":["Sprint 7B Bplus accounting charge mapping foundation"],"fullName":"Sprint 7B Bplus accounting charge mapping foundation defines the
[...]
aceability","duration":0.9033000000001721,"failureMessages":[],"meta":{}},{"ancestorTitles":["Gate 1 unified movement read model"],"fullName":"Gate 1 unified movement read model excludes draft movements from billing source","status":"passed","title":"excludes draft movements from billing source","duration":0.3345999999999094,"failureMessages":[],"meta":{}},{"ancestorTitles":["Gate 1 unified movement read model"],"fullName":"Gate 1 unified movement read model excludes pick allocate and transfer from billing source by default","status":"passed","title":"excludes pick allocate and transfer from billing source by default","duration":0.2841000000000804,"failureMessages":[],"meta":{}},{"ancestorTitles":["Gate 1 unified movement read model"],"fullName":"Gate 1 unified movement read model merges stock and inventory ledgers without dropping rows","status":"passed","title":"merges stock and inventory ledgers without dropping rows","duration":1.0647000000001299,"failureMessages":[],"meta":{}},{"ancestorTitles":["Gate 1 unified movement read model"],"fullName":"Gate 1 unified movement read model resolves quantity aliases for dashboard compatibility","status":"passed","title":"resolves quantity aliases for dashboard compatibility","duration":0.21039999999993597,"failureMessages":[],"meta":{}},{"ancestorTitles":["Gate 1 unified movement read model"],"fullName":"Gate 1 unified movement read model includes unified movement view migration draft","status":"passed","title":"includes unified movement view migration draft","duration":0.6896999999999025,"failureMessages":[],"meta":{}},{"ancestorTitles":["Gate 1 unified movement read model"],"fullName":"Gate 1 unified movement read model includes reason codes migration draft for UAT unblock","status":"passed","title":"includes reason codes migration draft for UAT unblock","duration":0.38409999999998945,"failureMessages":[],"meta":{}}],"startTime":1782465399224,"endTime":1782465399228.6897,"status":"passed","message":"","name":"C:/Users/TSS/OneDrive/เดสก์ท็อป/TGD Coldstorage/TGD WMS/tests/unit/unified-movement-read-service.test.js"},{"assertionResults":[{"ancestorTitles":["USER-MGMT-045 user management admin RPC draft"],"fullName":"USER-MGMT-045 user management admin RPC draft creates migration 045 and documentation","status":"passed","title":"creates migration 045 and documentation","duration":1.2511999999999261,"failureMessages":[],"meta":{}},{"ancestorTitles":["USER-MGMT-045 user management admin RPC draft"],"fullName":"USER-MGMT-045 user management admin RPC draft defines admin user management RPCs","status":"passed","title":"defines admin user management RPCs","duration":0.514299999999821,"failureMessages":[],"meta":{}},{"ancestorTitles":["USER-MGMT-045 user management admin RPC draft"],"fullName":"USER-MGMT-045 user management admin RPC draft adds self-read policy for authenticated users","status":"passed","title":"adds self-read policy for authenticated users","duration":0.35140000000001237,"failureMessages":[],"meta":{}},{"ancestorTitles":["USER-MGMT-045 user management admin RPC draft"],"fullName":"USER-MGMT-045 user management admin RPC draft requires admin role and validates customer portal roles","status":"passed","title":"requires admin role and validates customer portal roles","duration":0.32579999999984466,"failureMessages":[],"meta":{}},{"ancestorTitles":["USER-MGMT-045 user management admin RPC draft"],"fullName":"USER-MGMT-045 user management admin RPC draft includes warehouse_admin in user management service roles","status":"passed","title":"includes warehouse_admin in user management service roles","duration":0.3950999999999567,"failureMessages":[],"meta":{}},{"ancestorTitles":["CUSTOMER-CATALOG-046 customer product catalog draft"],"fullName":"CUSTOMER-CATALOG-046 customer product catalog draft creates migration 046","status":"passed","title":"creates migration 046","duration":0.25490000000013424,"failureMessages":[],"meta":{}},{"ancestorTitles":["CUSTOMER-CATALOG-046 customer product catalog draft"],"fullName":"CUSTOMER-CATALOG-046 customer product catalog draft defines catalog table and RPCs","status":"passed","title":"defines catalog table and RPCs","duration":0.33320000000003347,"failureMessages":[],"meta":{}},{"ancestorTitles":["CUSTOMER-CATALOG-046 customer product catalog draft"],"fullName":"CUSTOMER-CATALOG-046 customer product catalog draft scopes customer writes to own customer_id","status":"passed","title":"scopes customer writes to own customer_id","duration":0.23910000000000764,"failureMessages":[],"meta":{}},{"ancestorTitles":["CUSTOMER-CATALOG-046 customer product catalog draft"],"fullName":"CUSTOMER-CATALOG-046 customer product catalog draft revokes direct authenticated writes on catalog table","status":"passed","title":"revokes direct authenticated writes on catalog table","duration":0.28769999999985885,"failureMessages":[],"meta":{}},{"ancestorTitles":["User management + catalog frontend wiring"],"fullName":"User management + catalog frontend wiring exposes services and pages","status":"passed","title":"exposes services and pages","duration":0.8259000000000469,"failureMessages":[],"meta":{}},{"ancestorTitles":["User management + catalog frontend wiring"],"fullName":"User management + catalog frontend wiring registers routes and navigation entries","status":"passed","title":"registers routes and navigation entries","duration":0.7302999999999429,"failureMessages":[],"meta":{}},{"ancestorTitles":["User management + catalog frontend wiring"],"fullName":"User management + catalog frontend wiring wires catalog picker into deposit and withdrawal forms","status":"passed","title":"wires catalog picker into deposit and withdrawal forms","duration":0.7193999999999505,"failureMessages":[],"meta":{}}],"startTime":1782465399073,"endTime":1782465399079.7302,"status":"passed","message":"","name":"C:/Users/TSS/OneDrive/เดสก์ท็อป/TGD Coldstorage/TGD WMS/tests/unit/user-management-and-customer-catalog.test.js"},{"assertionResults":[{"ancestorTitles":["User SOP and Training Pack Documentation"],"fullName":"User SOP and Training Pack Documentation should exist","status":"passed","title":"should exist","duration":1.279800000000023,"failureMessages":[],"meta":{}}],"startTime":1782465419614,"endTime":1782465419615.2798,"status":"passed","message":"","name":"C:/Users/TSS/OneDrive/เดสก์ท็อป/TGD Coldstorage/TGD WMS/tests/unit/user-sop-training-pack.test.js"},{"assertionResults":[{"ancestorTitles":["Sprint 6E warehouse operation performance report foundation"],"fullName":"Sprint 6E warehouse operation performance report foundation creates the warehouse operation performance service with read-only functions","status":"passed","title":"creates the warehouse operation performance service with read-only functions","duration":2.5042000000000826,"failureMessages":[],"meta":{}},{"ancestorTitles":["Sprint 6E warehouse operation performance report foundation"],"fullName":"Sprint 6E warehouse operation performance report foundation does not add workflow action calls to the performance service","status":"passed","title":"does not add workflow action calls to the performance service","duration":0.5863999999999123,"failureMessages":[],"meta":{}},{"ancestorTitles":["Sprint 6E warehouse operation performance report foundation"],"fullName":"Sprint 6E warehouse operation performance report foundation creates the report page and report components","status":"passed","title":"creates the report page and report components","duration":1.2799999999999727,"failureMessages":[],"meta":{}},{"ancestorTitles":["Sprint 6E warehouse operation performance report foundation"],"fullName":"Sprint 6E warehouse operation performance report foundation links and routes the warehouse operation performance report","status":"passed","title":"links and routes the warehouse operation performance report","duration":0.7636999999999716,"failureMessages":[],"meta":{}},{"ancestorTitles":["Sprint 6E warehouse operation performance report foundation"],"fullName":"Sprint 6E warehouse operation performance report foundation renders cold storage operation metrics, sections, and table columns","status":"passed","title":"renders cold storage operation metrics, sections, and table columns","duration":1.6585999999999785,"failureMessages":[],"meta":{}},{"ancestorTitles":["Sprint 6E warehouse operation performance report foundation"],"fullName":"Sprint 6E warehouse operation performance report foundation keeps report UI free of posting, stock writes, billing/file engines, workflow action buttons, and disallowed terminology","status":"passed","title":"keeps report UI free of posting, stock writes, billing/file engines, workflow action buttons, and disallowed terminology","duration":1.9519999999999982,"failureMessages":[],"meta":{}},{"ancestorTitles":["Sprint 6E warehouse operation performance report foundation"],"fullName":"Sprint 6E warehouse operation performance report foundation does not create database, policy, legacy, or Express sync artifacts for this sprint","status":"passed","title":"does not create database, policy, legacy, or Express sync artifacts for this sprint","duration":0.5206000000000586,"failureMessages":[],"meta":{}}],"startTime":1782465394702,"endTime":1782465394711.5205,"status":"passed","message":"","name":"C:/Users/TSS/OneDrive/เดสก์ท็อป/TGD Coldstorage/TGD WMS/tests/unit/warehouse-operation-performance-report.test.js"},{"assertionResults":[{"ancestorTitles":["Sprint 12E warehouse operation UI polish"],"fullName":"Sprint 12E warehouse operation UI polish keeps Thai as the default language and language toggle available","status":"passed","title":"keeps Thai as the default language and language toggle available","duration":81.1413,"failureMessages":[],"meta":{}},{"ancestorTitles":["Sprint 12E warehouse operation UI polish"],"fullName":"Sprint 12E warehouse operation UI polish contains Thai and English operation translation keys","status":"passed","title":"contains Thai and English operation translation keys","duration":2.6614999999999327,"failureMessages":[],"meta":{}},{"ancestorTitles":["Sprint 12E warehouse operation UI polish"],"fullName":"Sprint 12E warehouse operation UI polish renders Thai-first operation filters and toolbar controls","status":"passed","title":"renders Thai-first operation filters and toolbar controls","duration":19.149900000000116,"failureMessages":[],"meta":{}},{"ancestorTitles":["Sprint 12E warehouse operation UI polish"],"fullName":"Sprint 12E warehouse operation UI polish renders draft line editor with operation fields and no persistence actions","status":"passed","title":"renders draft line editor with operation fields and no persistence actions","duration":26.128799999999956,"failureMessages":[],"meta":{}},{"ancestorTitles":["Sprint 12E warehouse operation UI polish"],"fullName":"Sprint 12E warehouse operation UI polish renders a polished receiving operation page with modern layout components","status":"passed","title":"renders a polished receiving operation page with modern layout components","duration":8.653999999999996,"failureMessages":[],"meta":{}}],"startTime":1782465400524,"endTime":1782465400661.654,"status":"passed","message":"","name":"C:/Users/TSS/OneDrive/เดสก์ท็อป/TGD Coldstorage/TGD WMS/tests/unit/warehouse-operation-ui-polish.test.jsx"},{"assertionResults":[{"ancestorTitles":["warehouse role permissions"],"fullName":"warehouse role permissions warehouse_staff only sees handheld navigation","status":"passed","title":"warehouse_staff only sees handheld navigation","duration":1.3858000000000175,"failureMessages":[],"meta":{}},{"ancestorTitles":["warehouse role permissions"],"fullName":"warehouse role permissions warehouse_admin sees deposit, withdrawal, and stock balance menus","status":"passed","title":"warehouse_admin sees deposit, withdrawal, and stock balance menus","duration":0.4551000000001295,"failureMessages":[],"meta":{}},{"ancestorTitles":["warehouse role permissions"],"fullName":"warehouse role permissions warehouse_staff can access handheld route only","status":"passed","title":"warehouse_staff can access handheld route only","duration":1.0226000000000113,"failureMessages":[],"meta":{}},{"ancestorTitles":["warehouse role permissions"],"fullName":"warehouse role permissions warehouse_admin can access receiving and inventory routes","status":"passed","title":"warehouse_admin can access receiving and inventory routes","duration":0.3369000000000142,"failureMessages":[],"meta":{}}],"startTime":1782465411399,"endTime":1782465411402.337,"status":"passed","message":"","name":"C:/Users/TSS/OneDrive/เดสก์ท็อป/TGD Coldstorage/TGD WMS/tests/unit/warehouse-role-permissions.test.js"},{"assertionResults":[{"ancestorTitles":["Sprint 3B withdrawal allocation foundation schema"],"fullName":"Sprint 3B withdrawal allocation foundation schema creates the withdrawal allocation foundation migration file","status":"passed","title":"creates the withdrawal allocation foundation migration file","duration":1.070399999999836,"failureMessages":[],"meta":{}},{"ancestorTitles":["Sprint 3B withdrawal allocation foundation schema"],"fullName":"Sprint 3B withdrawal allocation foundation schema creates withdrawal allocation document and line tables","status":"passed","title":"creates withdrawal allocation document and line tables","duration":0.30780000000004293,"failureMessages":[],"meta":{}},{"ancestorTitles":["Sprint 3B withdrawal allocation foundation schema"],"fullName":"Sprint 3B withdrawal allocation foundation schema defines status and allocation method constraints","status":"passed","title":"defines status and allocation method constraints","duration":0.4234000000001288,"failureMessages":[],"meta":{}},{"ancestorTitles":["Sprint 3B withdrawal allocation foundation schema"],"fullName":"Sprint 3B withdrawal allocation foundation schema creates the withdrawal allocation post function","status":"passed","title":"creates the withdrawal allocation post function","duration":0.18360000000006949,"failureMessages":[],"meta":{}},{"ancestorTitles":["Sprint 3B withdrawal allocation foundation schema"],"fullName":"Sprint 3B withdrawal allocation foundation schema posts through the movement engine as PICK_ALLOCATE","status":"passed","title":"posts through the movement engine as PICK_ALLOCATE","duration":0.15530000000012478,"failureMessages":[],"meta":{}},{"ancestorTitles":["Sprint 3B withdrawal allocation foundation schema"],"fullName":"Sprint 3B withdrawal allocation foundation schema updates withdrawal request line allocated quantities","status":"passed","title":"updates withdrawal request line allocated quantities","duration":0.17669999999998254,"failureMessages":[],"meta":{}},{"ancestorTitles":["Sprint 3B withdrawal allocation foundation schema"],"fullName":"Sprint 3B withdrawal allocation foundation schema updates withdrawal request status after allocation","status":"passed","title":"updates withdrawal request status after allocation","duration":0.1572000000001026,"failureMessages":[],"meta":{}},{"ancestorTitles":["Sprint 3B withdrawal allocation foundation schema"],"fullName":"Sprint 3B withdrawal allocation foundation schema writes an audit log when posting","status":"passed","title":"writes an audit log when posting","duration":0.11580000000003565,"failureMessages":[],"meta":{}},{"ancestorTitles":["Sprint 3B withdrawal allocation foundation schema"],"fullName":"Sprint 3B withdrawal allocation foundation schema does not reduce stock or confirm picking","status":"passed","title":"does not reduce stock or confirm picking","duration":0.3823000000002139,"failureMessages":[],"meta":{}},{"ancestorTitles":["Sprint 3B withdrawal allocation foundation schema"],"fullName":"Sprint 3B withdrawal allocation foundation schema does not create picking, dispatch, outbound order, or sales order artifacts","status":"passed","title":"does not create picking, dispatch, outbound order, or sales order artifacts","duration":0.3342999999999847,"failureMessages":[],"meta":{}},{"ancestorTitles":["Sprint 3B withdrawal allocation foundation schema"],"fullName":"Sprint 3B withdrawal allocation foundation schema does not create Express sync artifacts or rely on legacy-reference content","status":"passed","title":"does not create Express sync artifacts or rely on legacy-reference content","duration":0.28919999999993706,"failureMessages":[],"meta":{}}],"startTime":1782465400092,"endTime":1782465400095.3342,"status":"passed","message":"","name":"C:/Users/TSS/OneDrive/เดสก์ท็อป/TGD Coldstorage/TGD WMS/tests/unit/withdrawal-allocation-schema.test.js"},{"assertionResults":[{"ancestorTitles":["Sprint 3A withdrawal request foundation schema"],"fullName":"Sprint 3A withdrawal request foundation schema creates the withdrawal request foundation migration file","status":"passed","title":"creates the withdrawal request foundation migration file","duration":1.1850000000001728,"failureMessages":[],"meta":{}},{"ancestorTitles":["Sprint 3A withdrawal request foundation schema"],"fullName":"Sprint 3A withdrawal request foundation schema creates withdrawal request document and line tables","status":"passed","title":"creates withdrawal request document and line tables","duration":0.4385000000002037,"failureMessages":[],"meta":{}},{"ancestorTitles":["Sprint 3A withdrawal request foundation schema"],"fullName":"Sprint 3A withdrawal request foundation schema defines status, withdrawal type, and priority constraints","status":"passed","title":"defines status, withdrawal type, and priority constraints","duration":0.7675000000001546,"failureMessages":[],"meta":{}},{"ancestorTitles":["Sprint 3A withdrawal request foundation schema"],"fullName":"Sprint 3A withdrawal request foundation schema defines line quantity progression constraints","status":"passed","title":"defines line quantity progression constraints","duration":0.2963999999999487,"failureMessages":[],"meta":{}},{"ancestorTitles":["Sprint 3A withdrawal request foundation schema"],"fullName":"Sprint 3A withdrawal request foundation schema creates the withdrawal request confirm function","status":"passed","title":"creates the withdrawal request confirm function","duration":0.16409999999996217,"failureMessages":[],"meta":{}},{"ancestorTitles":["Sprint 3A withdrawal request foundation schema"],"fullName":"Sprint 3A withdrawal request foundation schema writes an audit log when confirming","status":"passed","title":"writes an audit log when confirming","duration":0.13599999999996726,"failureMessages":[],"meta":{}},{"ancestorTitles":["Sprint 3A withdrawal request foundation schema"],"fullName":"Sprint 3A withdrawal request foundation schema does not post movements or update stock balances","status":"passed","title":"does not post movements or update stock balances","duration":0.46280000000001564,"failureMessages":[],"meta":{}},{"ancestorTitles":["Sprint 3A withdrawal request foundation schema"],"fullName":"Sprint 3A withdrawal request foundation schema does not use outbound order or sales order table naming","status":"passed","title":"does not use outbound order or sales order table naming","duration":0.22649999999998727,"failureMessages":[],"meta":{}},{"ancestorTitles":["Sprint 3A withdrawal request foundation schema"],"fullName":"Sprint 3A withdrawal request foundation schema does not create allocation, picking, dispatch, or Express sync artifacts","status":"passed","title":"does not create allocation, picking, dispatch, or Express sync artifacts","duration":0.3953999999998814,"failureMessages":[],"meta":{}},{"ancestorTitles":["Sprint 3A withdrawal request foundation schema"],"fullName":"Sprint 3A withdrawal request foundation schema does not rely on legacy-reference content","status":"passed","title":"does not rely on legacy-reference content","duration":0.23720000000002983,"failureMessages":[],"meta":{}}],"startTime":1782465397497,"endTime":1782465397501.3955,"status":"passed","message":"","name":"C:/Users/TSS/OneDrive/เดสก์ท็อป/TGD Coldstorage/TGD WMS/tests/unit/withdrawal-request-schema.test.js"}]}