{"numTotalTestSuites":557,"numPassedTestSuites":533,"numFailedTestSuites":24,"numPendingTestSuites":0,"numTotalTests":1932,"numPassedTests":1908,"numFailedTests":24,"numPendingTests":0,"numTodoTests":0,"snapshot":{"added":0,"failure":false,"filesAdded":0,"filesRemoved":0,"filesRemovedList":[],"filesUnmatched":0,"filesUpdated":0,"matched":0,"total":0,"unchecked":0,"uncheckedKeysByFile":[],"unmatched":0,"updated":0,"didUpdate":false},"startTime":1782464704443,"success":false,"testResults":[{"assertionResults":[{"ancestorTitles":["App"],"fullName":"App renders without crashing","status":"failed","title":"renders without crashing","duration":277.9144000000001,"failureMessages":["TestingLibraryElementError: Unable to find an accessible element with the role \"heading\" and name \"TGC WMS\"\n\nHere are the accessible roles:\n\n  alert:\n\n  Name \"\":\n  \u001b[36m<main\u001b[39m\n    \u001b[33maria-live\u001b[39m=\u001b[32m\"assertive\"\u001b[39m\n    \u001b[33mclass\u001b[39m=\u001b[32m\"page-shell\"\u001b[39m\n    \u001b[33mrole\u001b[39m=\u001b[32m\"alert\"\u001b[39m\n    \u001b[33mstyle\u001b[39m=\u001b[32m\"padding: 24px;\"\u001b[39m\n  \u001b[36m/>\u001b[39m\n\n  --------------------------------------------------\n  paragraph:\n\n  Name \"\":\n  \u001b[36m<p\u001b[39m\n    \u001b[33mclass\u001b[39m=\u001b[32m\"eyebrow\"\u001b[39m\n  \u001b[36m/>\u001b[39m\n\n  Name \"\":\n  \u001b[36m<p />\u001b[39m\n\n  Name \"\":\n  \u001b[36m<p />\u001b[39m\n\n  --------------------------------------------------\n  heading:\n\n  Name \"ระบบเกิดข้อผิดพลาด\":\n  \u001b[36m<h1 />\u001b[39m\n\n  --------------------------------------------------\n  button:\n\n  Name \"ลองอีกครั้ง\":\n  \u001b[36m<button\u001b[39m\n    \u001b[33mstyle\u001b[39m=\u001b[32m\"background: rgb(214, 161, 31); border: 0px; border-radius: 7px; color: rgb(9, 9, 11); cursor: pointer; font-weight: 700; min-height: 40px; padding: 8px 14px;\"\u001b[39m\n    \u001b[33mtype\u001b[39m=\u001b[32m\"button\"\u001b[39m\n  \u001b[36m/>\u001b[39m\n\n  --------------------------------------------------\n\nIgnored nodes: comments, script, style\n\u001b[36m<body>\u001b[39m\n  \u001b[36m<div>\u001b[39m\n    \u001b[36m<main\u001b[39m\n      \u001b[33maria-live\u001b[39m=\u001b[32m\"assertive\"\u001b[39m\n      \u001b[33mclass\u001b[39m=\u001b[32m\"page-shell\"\u001b[39m\n      \u001b[33mrole\u001b[39m=\u001b[32m\"alert\"\u001b[39m\n      \u001b[33mstyle\u001b[39m=\u001b[32m\"padding: 24px;\"\u001b[39m\n    \u001b[36m>\u001b[39m\n      \u001b[36m<section\u001b[39m\n        \u001b[33mclass\u001b[39m=\u001b[32m\"empty-state\"\u001b[39m\n        \u001b[33mstyle\u001b[39m=\u001b[32m\"background: rgb(255, 255, 255); border: 1px solid rgb(193, 18, 31); border-radius: 10px; box-shadow: 0 18px 45px rgba(9, 9, 11, 0.10); max-width: 720px; padding: 24px;\"\u001b[39m\n      \u001b[36m>\u001b[39m\n        \u001b[36m<p\u001b[39m\n          \u001b[33mclass\u001b[39m=\u001b[32m\"eyebrow\"\u001b[39m\n        \u001b[36m>\u001b[39m\n          \u001b[0mข้อผิดพลาดที่ไม่คาดคิด\u001b[0m\n        \u001b[36m</p>\u001b[39m\n        \u001b[36m<h1>\u001b[39m\n          \u001b[0mระบบเกิดข้อผิดพลาด\u001b[0m\n        \u001b[36m</h1>\u001b[39m\n        \u001b[36m<p>\u001b[39m\n          \u001b[0mหากปัญหายังคงอยู่ กรุณาติดต่อผู้ดูแลระบบ\u001b[0m\n        \u001b[36m</p>\u001b[39m\n        \u001b[36m<p>\u001b[39m\n          \u001b[0mรหัสอ้างอิงข้อผิดพลาด\u001b[0m\n          \u001b[0m: \u001b[0m\n          \u001b[0m2026-06-26T09:05:14.350Z\u001b[0m\n        \u001b[36m</p>\u001b[39m\n        \u001b[36m<button\u001b[39m\n          \u001b[33mstyle\u001b[39m=\u001b[32m\"background: rgb(214, 161, 31); border: 0px; border-radius: 7px; color: rgb(9, 9, 11); cursor: pointer; font-weight: 700; min-height: 40px; padding: 8px 14px;\"\u001b[39m\n          \u001b[33mtype\u001b[39m=\u001b[32m\"button\"\u001b[39m\n        \u001b[36m>\u001b[39m\n          \u001b[0mลองอีกครั้ง\u001b[0m\n        \u001b[36m</button>\u001b[39m\n      \u001b[36m</section>\u001b[39m\n    \u001b[36m</main>\u001b[39m\n  \u001b[36m</div>\u001b[39m\n\u001b[36m</body>\u001b[39m\n    at Object.getElementError (C:\\Users\\TSS\\OneDrive\\เดสก์ท็อป\\TGD Coldstorage\\TGD WMS\\node_modules\\@testing-library\\dom\\dist\\config.js:37:19)\n    at C:\\Users\\TSS\\OneDrive\\เดสก์ท็อป\\TGD Coldstorage\\TGD WMS\\node_modules\\@testing-library\\dom\\dist\\query-helpers.js:76:38\n    at C:\\Users\\TSS\\OneDrive\\เดสก์ท็อป\\TGD Coldstorage\\TGD WMS\\node_modules\\@testing-library\\dom\\dist\\query-helpers.js:52:17\n    at C:\\Users\\TSS\\OneDrive\\เดสก์ท็อป\\TGD Coldstorage\\TGD WMS\\node_modules\\@testing-library\\dom\\dist\\query-helpers.js:95:19\n    at C:\\Users\\TSS\\OneDrive\\เดสก์ท็อป\\TGD Coldstorage\\TGD WMS\\src\\app\\App.test.jsx:109:19\n    at file:///C:/Users/TSS/OneDrive/%E0%B9%80%E0%B8%94%E0%B8%AA%E0%B8%81%E0%B9%8C%E0%B8%97%E0%B9%87%E0%B8%AD%E0%B8%9B/TGD%20Coldstorage/TGD%20WMS/node_modules/@vitest/runner/dist/index.js:146:14\n    at file:///C:/Users/TSS/OneDrive/%E0%B9%80%E0%B8%94%E0%B8%AA%E0%B8%81%E0%B9%8C%E0%B8%97%E0%B9%87%E0%B8%AD%E0%B8%9B/TGD%20Coldstorage/TGD%20WMS/node_modules/@vitest/runner/dist/index.js:533:11\n    at runWithTimeout (file:///C:/Users/TSS/OneDrive/%E0%B9%80%E0%B8%94%E0%B8%AA%E0%B8%81%E0%B9%8C%E0%B8%97%E0%B9%87%E0%B8%AD%E0%B8%9B/TGD%20Coldstorage/TGD%20WMS/node_modules/@vitest/runner/dist/index.js:39:7)\n    at runTest (file:///C:/Users/TSS/OneDrive/%E0%B9%80%E0%B8%94%E0%B8%AA%E0%B8%81%E0%B9%8C%E0%B8%97%E0%B9%87%E0%B8%AD%E0%B8%9B/TGD%20Coldstorage/TGD%20WMS/node_modules/@vitest/runner/dist/index.js:1056:17)\n    at processTicksAndRejections (node:internal/process/task_queues:104:5)"],"meta":{}},{"ancestorTitles":["App"],"fullName":"App renders / route","status":"failed","title":"renders / route","duration":71.46550000000025,"failureMessages":["TestingLibraryElementError: Unable to find an accessible element with the role \"heading\" and name \"แดชบอร์ดปฏิบัติการ\"\n\nHere are the accessible roles:\n\n  alert:\n\n  Name \"\":\n  \u001b[36m<main\u001b[39m\n    \u001b[33maria-live\u001b[39m=\u001b[32m\"assertive\"\u001b[39m\n    \u001b[33mclass\u001b[39m=\u001b[32m\"page-shell\"\u001b[39m\n    \u001b[33mrole\u001b[39m=\u001b[32m\"alert\"\u001b[39m\n    \u001b[33mstyle\u001b[39m=\u001b[32m\"padding: 24px;\"\u001b[39m\n  \u001b[36m/>\u001b[39m\n\n  --------------------------------------------------\n  paragraph:\n\n  Name \"\":\n  \u001b[36m<p\u001b[39m\n    \u001b[33mclass\u001b[39m=\u001b[32m\"eyebrow\"\u001b[39m\n  \u001b[36m/>\u001b[39m\n\n  Name \"\":\n  \u001b[36m<p />\u001b[39m\n\n  Name \"\":\n  \u001b[36m<p />\u001b[39m\n\n  --------------------------------------------------\n  heading:\n\n  Name \"ระบบเกิดข้อผิดพลาด\":\n  \u001b[36m<h1 />\u001b[39m\n\n  --------------------------------------------------\n  button:\n\n  Name \"ลองอีกครั้ง\":\n  \u001b[36m<button\u001b[39m\n    \u001b[33mstyle\u001b[39m=\u001b[32m\"background: rgb(214, 161, 31); border: 0px; border-radius: 7px; color: rgb(9, 9, 11); cursor: pointer; font-weight: 700; min-height: 40px; padding: 8px 14px;\"\u001b[39m\n    \u001b[33mtype\u001b[39m=\u001b[32m\"button\"\u001b[39m\n  \u001b[36m/>\u001b[39m\n\n  --------------------------------------------------\n\nIgnored nodes: comments, script, style\n\u001b[36m<body>\u001b[39m\n  \u001b[36m<div>\u001b[39m\n    \u001b[36m<main\u001b[39m\n      \u001b[33maria-live\u001b[39m=\u001b[32m\"assertive\"\u001b[39m\n      \u001b[33mclass\u001b[39m=\u001b[32m\"page-shell\"\u001b[39m\n      \u001b[33mrole\u001b[39m=\u001b[32m\"alert\"\u001b[39m\n      \u001b[33mstyle\u001b[39m=\u001b[32m\"padding: 24px;\"\u001b[39m\n    \u001b[36m>\u001b[39m\n      \u001b[36m<section\u001b[39m\n        \u001b[33mclass\u001b[39m=\u001b[32m\"empty-state\"\u001b[39m\n        \u001b[33mstyle\u001b[39m=\u001b[32m\"background: rgb(255, 255, 255); border: 1px solid rgb(193, 18, 31); border-radius: 10px; box-shadow: 0 18px 45px rgba(9, 9, 11, 0.10); max-width: 720px; padding: 24px;\"\u001b[39m\n      \u001b[36m>\u001b[39m\n        \u001b[36m<p\u001b[39m\n          \u001b[33mclass\u001b[39m=\u001b[32m\"eyebrow\"\u001b[39m\n        \u001b[36m>\u001b[39m\n          \u001b[0mข้อผิดพลาดที่ไม่คาดคิด\u001b[0m\n        \u001b[36m</p>\u001b[39m\n        \u001b[36m<h1>\u001b[39m\n          \u001b[0mระบบเกิดข้อผิดพลาด\u001b[0m\n        \u001b[36m</h1>\u001b[39m\n        \u001b[36m<p>\u001b[39m\n          \u001b[0mหากปัญหายังคงอยู่ กรุณาติดต่อผู้ดูแลระบบ\u001b[0m\n        \u001b[36m</p>\u001b[39m\n        \u001b[36m<p>\u001b[39m\n          \u001b[0mรหัสอ้างอิงข้อผิดพลาด\u001b[0m\n          \u001b[0m: \u001b[0m\n          \u001b[0m2026-06-26T09:05:14.544Z\u001b[0m\n        \u001b[36m</p>\u001b[39m\n        \u001b[36m<button\u001b[39m\n          \u001b[33mstyle\u001b[39m=\u001b[32m\"background: rgb(214, 161, 31); border: 0px; border-radius: 7px; color: rgb(9, 9, 11); cursor: pointer; font-weight: 700; min-height: 40px; padding: 8px 14px;\"\u001b[39m\n          \u001b[33mtype\u001b[39m=\u001b[32m\"button\"\u001b[39m\n        \u001b[36m>\u001b[39m\n          \u001b[0mลองอีกครั้ง\u001b[0m\n        \u001b[36m</button>\u001b[39m\n      \u001b[36m</section>\u001b[39m\n    \u001b[36m</main>\u001b[39m\n  \u001b[36m</div>\u001b[39m\n\u001b[36m</body>\u001b[39m\n    at Object.getElementError (C:\\Users\\TSS\\OneDrive\\เดสก์ท็อป\\TGD Coldstorage\\TGD WMS\\node_modules\\@testing-library\\dom\\dist\\config.js:37:19)\n    at C:\\Users\\TSS\\OneDrive\\เดสก์ท็อป\\TGD Coldstorage\\TGD WMS\\node_modules\\@testing-library\\dom\\dist\\query-helpers.js:76:38\n    at C:\\Users\\TSS\\OneDrive\\เดสก์ท็อป\\TGD Coldstorage\\TGD WMS\\node_modules\\@testing-library\\dom\\dist\\query-helpers.js:52:17\n    at C:\\Users\\TSS\\OneDrive\\เดสก์ท็อป\\TGD Coldstorage\\TGD WMS\\node_modules\\@testing-library\\dom\\dist\\query-helpers.js:95:19\n    at C:\\Users\\TSS\\OneDrive\\เดสก์ท็อป\\TGD Coldstorage\\TGD WMS\\src\\app\\App.test.jsx:129:21\n    at file:///C:/Users/TSS/OneDrive/%E0%B9%80%E0%B8%94%E0%B8%AA%E0%B8%81%E0%B9%8C%E0%B8%97%E0%B9%87%E0%B8%AD%E0%B8%9B/TGD%20Coldstorage/TGD%20WMS/node_modules/@vitest/runner/dist/index.js:629:21\n    at file:///C:/Users/TSS/OneDrive/%E0%B9%80%E0%B8%94%E0%B8%AA%E0%B8%81%E0%B9%8C%E0%B8%97%E0%B9%87%E0%B8%AD%E0%B8%9B/TGD%20Coldstorage/TGD%20WMS/node_modules/@vitest/runner/dist/index.js:146:14\n    at file:///C:/Users/TSS/OneDrive/%E0%B9%80%E0%B8%94%E0%B8%AA%E0%B8%81%E0%B9%8C%E0%B8%97%E0%B9%87%E0%B8%AD%E0%B8%9B/TGD%20Coldstorage/TGD%20WMS/node_modules/@vitest/runner/dist/index.js:533:11\n    at runWithTimeout (file:///C:/Users/TSS/OneDrive/%E0%B9%80%E0%B8%94%E0%B8%AA%E0%B8%81%E0%B9%8C%E0%B8%97%E0%B9%87%E0%B8%AD%E0%B8%9B/TGD%20Coldstorage/TGD%20WMS/node_modules/@vitest/runner/dist/index.js:39:7)\n    at runTest (file:///C:/Users/TSS/OneDrive/%E0%B9%80%E0%B8%94%E0%B8%AA%E0%B8%81%E0%B9%8C%E0%B8%97%E0%B9%87%E0%B8%AD%E0%B8%9B/TGD%20Coldstorage/TGD%20WMS/node_modules/@vitest/runner/dist/index.js:1056:17)"],"meta":{}},{"ancestorTitles":["App"],"fullName":"App renders /master/customers route","status":"failed","title":"renders /master/customers route","duration":34.60490000000027,"failureMessages":["TestingLibraryElementError: Unable to find an element with the text: Sprint status: placeholder only. This could be because the text is broken up by multiple elements. In this case, you can provide a function for your text matcher to make your matcher more flexible.\n\nIgnored nodes: comments, script, style\n\u001b[36m<body>\u001b[39m\n  \u001b[36m<div>\u001b[39m\n    \u001b[36m<div\u001b[39m\n      \u001b[33mclass\u001b[39m=\u001b[32m\"app-shell\"\u001b[39m\n      \u001b[33mdata-testid\u001b[39m=\u001b[32m\"app-shell\"\u001b[39m\n    \u001b[36m>\u001b[39m\n      \u001b[36m<div\u001b[39m\n        \u001b[33maria-label\u001b[39m=\u001b[32m\"UAT environment status\"\u001b[39m\n        \u001b[33mclass\u001b[39m=\u001b[32m\"banner banner-warning uat-safety-banner\"\u001b[39m\n        \u001b[33mrole\u001b[39m=\u001b[32m\"status\"\u001b[39m\n      \u001b[36m>\u001b[39m\n        \u001b[0mCONTROLLED UAT ENVIRONMENT - PRODUCTION REMAINS HOLD - FINAL GO IS NOT AUTHORIZED\u001b[0m\n      \u001b[36m</div>\u001b[39m\n      \u001b[36m<div\u001b[39m\n        \u001b[33mclass\u001b[39m=\u001b[32m\"app-body\"\u001b[39m\n      \u001b[36m>\u001b[39m\n        \u001b[36m<aside\u001b[39m\n          \u001b[33maria-label\u001b[39m=\u001b[32m\"Primary navigation\"\u001b[39m\n          \u001b[33mclass\u001b[39m=\u001b[32m\"sidebar app-sidebar\"\u001b[39m\n          \u001b[33mdata-testid\u001b[39m=\u001b[32m\"sidebar\"\u001b[39m\n        \u001b[36m>\u001b[39m\n          \u001b[36m<div\u001b[39m\n            \u001b[33mclass\u001b[39m=\u001b[32m\"sidebar-header tgm-sidebar-brand\"\u001b[39m\n          \u001b[36m>\u001b[39m\n            \u001b[36m<img\u001b[39m\n              \u001b[33malt\u001b[39m=\u001b[32m\"TGC logo\"\u001b[39m\n              \u001b[33mclass\u001b[39m=\u001b[32m\"tgm-sidebar-logo\"\u001b[39m\n              \u001b[33msrc\u001b[39m=\u001b[32m\"/brand/tgc-logo.svg\"\u001b[39m\n            \u001b[36m/>\u001b[39m\n            \u001b[36m<span\u001b[39m\n              \u001b[33mclass\u001b[39m=\u001b[32m\"sidebar-header-title\"\u001b[39m\n            \u001b[36m>\u001b[39m\n              \u001b[0mTGC WMS\u001b[0m\n            \u001b[36m</span>\u001b[39m\n          \u001b[36m</div>\u001b[39m\n          \u001b[36m<nav\u001b[39m\n            \u001b[33maria-label\u001b[39m=\u001b[32m\"TGC WMS navigation\"\u001b[39m\n            \u001b[33mclass\u001b[39m=\u001b[32m\"sidebar-nav\"\u001b[39m\n          \u001b[36m>\u001b[39m\n            \u001b[36m<div\u001b[39m\n              \u001b[33mclass\u001b[39m=\u001b[32m\"sidebar-nav-group\"\u001b[39m\n            \u001b[36m>\u001b[39m\n              \u001b[36m<p\u001b[39m\n                \u001b[33mclass\u001b[39m=\u001b[32m\"nav-group-label\"\u001b[39m\n              \u001b[36m>\u001b[39m\n                \u001b[0mMain Operation\u001b[0m\n              \u001b[36m</p>\u001b[39m\n              \u001b[36m<div\u001b[39m\n                \u001b[33mclass\u001b[39m=\u001b[32m\"nav-list\"\u001b[39m\n              \u001b[36m>\u001b[39m\n                \u001b[36m<a\u001b[39m\n                  \u001b[33mclass\u001b[39m=\u001b[32m\"nav-link nav-item\"\u001b[39m\n                  \u001b[33mhref\u001b[39m=\u001b[32m\"/dashboard\"\u001b[39m\n                \u001b[36m>\u001b[39m\n                  \u001b[0mแดชบอร์ด\u001b[0m\n                \u001b[36m</a>\u001b[39m\n              \u001b[36m</div>\u001b[39m\n            \u001b[36m</div>\u001b[39m\n            \u001b[36m<div\u001b[39m\n              \u001b[33mclass\u001b[39m=\u001b[32m\"sidebar-nav-group\"\u001b[39m\n            \u001b[36m>\u001b[39m\n              \u001b[36m<p\u001b[39m\n                \u001b[33mclass\u001b[39m=\u001b[32m\"nav-group-label\"\u001b[39m\n              \u001b[36m>\u001b[39m\n                \u001b[0mInbound Management\u001b[0m\n              \u001b[36m</p>\u001b[39m\n              \u001b[36m<div\u001b[39m\n                \u001b[33mclass\u001b[39m=\u001b[32m\"nav-list\"\u001b[39m\n              \u001b[36m>\u001b[39m\n                \u001b[36m<a\u001b[39m\n                  \u001b[33mclass\u001b[39m=\u001b[32m\"nav-link nav-item\"\u001b[39m\n                  \u001b[33mhref\u001b[39m=\u001b[32m\"/operations/receiving\"\u001b[39m\n                \u001b[36m>\u001b[39m\n                  \u001b[0mรับเข้า\u001b[0m\n                \u001b[36m</a>\u001b[39m\n              \u001b[36m</div>\u001b[39m\n            \u001b[36m</div>\u001b[39m\n            \u001b[36m<div\u001b[39m\n              \u001b[33mclass\u001b[39m=\u001b[32m\"sidebar-nav-group\"\u001b[39m\n            \u001b[36m>\u001b[39m\n              \u001b[36m<p\u001b[39m\n                \u001b[33mclass\u001b[39m=\u001b[32m\"nav-group-label\"\u001b[39m\n              \u001b[36m>\u001b[39m\n                \u001b[0mInventory Control\u001b[0m\n              \u001b[36m</p>\u001b[39m\n              \u001b[36m<div\u001b[39m\n                \u001b[33mclass\u001b[39m=\u001b[32m\"nav-list\"\u001b[39m\n              \u001b[36m>\u001b[39m\n                \u001b[36m<a\u001b[39m\n                  \u001b[33mclass\u001b[39m=\u001b[32m\"nav-link nav-item\"\u001b[39m\n                  \u001b[33mhref\u001b[39m=\u001b[32m\"/inventory\"\u001b[39m\n                \u001b[36m>\u001b[39m\n                  \u001b[0mยอดคงเหลือ\u001b[0m\n                \u001b[36m</a>\u001b[39m\n              \u001b[36m</div>\u001b[39m\n            \u001b[36m</div>\u001b[39m\n            \u001b[36m<div\u001b[39m\n              \u001b[33mclass\u001b[39m=\u001b[32m\"sidebar-nav-group\"\u001b[39m\n            \u001b[36m>\u001b[39m\n              \u001b[36m<p\u001b[39m\n                \u001b[33mclass\u001b[39m=\u001b[32m\"nav-group-label\"\u001b[39m\n              \u001b[36m>\u001b[39m\n                \u001b[0mOutbound Management\u001b[0m\n              \u001b[36m</p>\u001b[39m\n              \u001b[36m<div\u001b[39m\n                \u001b[33mclass\u001b[39m=\u001b[32m\"nav-list\"\u001b[39m\n              \u001b[36m>\u001b[39m\n                \u001b[36m<a\u001b[39m\n                  \u001b[33mclass\u001b[39m=\u001b[32m\"nav-link nav-item\"\u001b[39m\n                  \u001b[33mhref\u001b[39m=\u001b[32m\"/customer/admin/withdrawal-review\"\u001b[39m\n                \u001b[36m>\u001b[39m\n                  \u001b[0mใบขอเบิก\u001b[0m\n                \u001b[36m</a>\u001b[39m\n              \u001b[36m</div>\u001b[39m\n            \u001b[36m</div>\u001b[39m\n            \u001b[36m<div\u001b[39m\n              \u001b[33mclass\u001b[39m=\u001b[32m\"sidebar-nav-group\"\u001b[39m\n            \u001b[36m>\u001b[39m\n              \u001b[36m<p\u001b[39m\n                \u001b[33mclass\u001b[39m=\u001b[32m\"nav-group-label\"\u001b[39m\n              \u001b[36m>\u001b[39m\n                \u001b[0mBarcode / Handheld\u001b[0m\n              \u001b[36m</p>\u001b[39m\n              \u001b[36m<div\u001b[39m\n                \u001b[33mclass\u001b[39m=\u001b[32m\"nav-list\"\u001b[39m\n              \u001b[36m>\u001b[39m\n                \u001b[36m<a\u001b[39m\n                  \u001b[33mclass\u001b[39m=\u001b[32m\"nav-link nav-item\"\u001b[39m\n                  \u001b[33mhref\u001b[39m=\u001b[32m\"/handheld\"\u001b[39m\n                \u001b[36m>\u001b[39m\n                  \u001b[0mศูนย์สแกน\u001b[0m\n                \u001b[36m</a>\u001b[39m\n              \u001b[36m</div>\u001b[39m\n            \u001b[36m</div>\u001b[39m\n            \u001b[36m<div\u001b[39m\n              \u001b[33mclass\u001b[39m=\u001b[32m\"sidebar-nav-group\"\u001b[39m\n            \u001b[36m>\u001b[39m\n              \u001b[36m<p\u001b[39m\n                \u001b[33mclass\u001b[39m=\u001b[32m\"nav-group-label\"\u001b[39m\n              \u001b[36m>\u001b[39m\n                \u001b[0mCustomer Portal\u001b[0m\n              \u001b[36m</p>\u001b[39m\n              \u001b[36m<div\u001b[39m\n                \u001b[33mclass\u001b[39m=\u001b[32m\"nav-list\"\u001b[39m\n              \u001b[36m>\u001b[39m\n                \u001b[36m<a\u001b[39m\n                  \u001b[33mclass\u001b[39m=\u001b[32m\"nav-link nav-item\"\u001b[39m\n                  \u001b[33mdata-testid\u001b[39m=\u001b[32m\"customer-portal-menu-item\"\u001b[39m\n                  \u001b[33mhref\u001b[39m=\u001b[32m\"/customer\"\u001b[39m\n                \u001b[36m>\u001b[39m\n                  \u001b[0mภาพรวมพอร์ทัล\u001b[0m\n                \u001b[36m</a>\u001b[39m\n                \u001b[36m<a\u001b[39m\n                  \u001b[33mclass\u001b[39m=\u001b[32m\"nav-link nav-item\"\u001b[39m\n                  \u001b[33mdata-testid\u001b[39m=\u001b[32m\"customer-deposit-request-menu-item\"\u001b[39m\n                  \u001b[33mhref\u001b[39m=\u001b[32m\"/customer/deposit-request\"\u001b[39m\n                \u001b[36m>\u001b[39m\n                  \u001b[0mแจ้งฝากสินค้า\u001b[0m\n                \u001b[36m</a>\u001b[39m\n                \u001b[36m<a\u001b[39m\n                  \u001b[33mclass\u001b[39m=\u001b[32m\"nav-link nav-item\"\u001b[39m\n                  \u001b[33mdata-testid\u001b[39m=\u001b[32m\"customer-stock-balance-menu-item\"\u001b[39m\n                  \u001b[33mhref\u001b[39m=\u001b[32m\"/customer/stock-balance\"\u001b[39m\n                \u001b[36m>\u001b[39m\n                  \u001b[0mยอดคงเหลือลูกค้า\u001b[0m\n                \u001b[36m</a>\u001b[39m\n                \u001b[36m<a\u001b[39m\n                  \u001b[33mclass\u001b[39m=\u001b[32m\"nav-link nav-item\"\u001b[39m\n                  \u001b[33mdata-testid\u001b[39m=\u001b[32m\"customer-withdrawal-request-menu-item\"\u001b[39m\n                  \u001b[33mhref\u001b[39m=\u001b[32m\"/customer/withdrawal-request\"\u001b[39m\n                \u001b[36m>\u001b[39m\n                  \u001b[0mแจ้งเบิกสินค้า\u001b[0m\n                \u001b[36m</a>\u001b[39m\n                \u001b[36m<a\u001b[39m\n                  \u001b[33mclass\u001b[39m=\u001b[32m\"nav-link nav-item\"\u001b[39m\n                  \u001b[33mdata-testid\u001b[39m=\u001b[32m\"customer-request-history-menu-item\"\u001b[39m\n                  \u001b[33mhref\u001b[39m=\u001b[32m\"/customer/requests\"\u001b[39m\n                \u001b[36m>\u001b[39m\n                  \u001b[0mประวัติคำขอ\u001b[0m\n                \u001b[36m</a>\u001b[39m\n                \u001b[36m<a\u001b[39m\n                  \u001b[33mclass\u001b[39m=\u001b[32m\"nav-link nav-item\"\u001b[39m\n                  \u001b[33mdata-testid\u001b[39m=\u001b[32m\"customer-facility-usage-menu-item\"\u001b[39m\n                  \u001b[33mhref\u001b[39m=\u001b[32m\"/customer/facility-usage\"\u001b[39m\n                \u001b[36m>\u001b[39m\n                  \u001b[0mFacility Usage\u001b[0m\n                \u001b[36m</a>\u001b[39m\n              \u001b[36m</div>\u001b[39m\n            \u001b[36m</div>\u001b[39m\n            \u001b[36m<div\u001b[39m\n              \u001b[33mclass\u001b[39m=\u001b[32m\"sidebar-nav-group\"\u001b[39m\n            \u001b[36m>\u001b[39m\n              \u001b[36m<p\u001b[39m\n                \u001b[33mclass\u001b[39m=\u001b[32m\"nav-group-label\"\u001b[39m\n              \u001b[36m>\u001b[39m\n                \u001b[0mBilling\u001b[0m\n              \u001b[36m</p>\u001b[39m\n              \u001b[36m<div\u001b[39m\n                \u001b[33mclass\u001b[39m=\u001b[32m\"nav-list\"\u001b[39m\n              \u001b[36m>\u001b[39m\n                \u001b[36m<a\u001b[39m\n                  \u001b[33mclass\u001b[39m=\u001b[32m\"nav-link nav-item\"\u001b[39m\n                  \u001b[33mdata-testid\u001b[39m=\u001b[32m\"billing-menu-item\"\u001b[39m\n                  \u001b[33mhref\u001b[39m=\u001b[32m\"/reports/billing-movement-weight\"\u001b[39m\n                \u001b[36m>\u001b[39m\n                  \u001b[0mรายงานน้ำหนักการเคลื่อนไหว\u001b[0m\n                \u001b[36m</a>\u001b[39m\n                \u001b[36m<a\u001b[39m\n                  \u001b[33mclass\u001b[39m=\u001b[32m\"nav-link nav-item\"\u001b[39m\n                  \u001b[33mdata-testid\u001b[39m=\u001b[32m\"billing-invoice-drafts-menu-item\"\u001b[39m\n                  \u001b[33mhref\u001b[39m=\u001b[32m\"/billing/invoice-drafts\"\u001b[39m\n                \u001b[36m>\u001b[39m\n                  \u001b[0mInvoice Drafts\u001b[0m\n                \u001b[36m</a>\u001b[39m\n              \u001b[36m</div>\u001b[39m\n            \u001b[36m</div>\u001b[39m\n            \u001b[36m<div\u001b[39m\n              \u001b[33mclass\u001b[39m=\u001b[32m\"sidebar-nav-group\"\u001b[39m\n            \u001b[36m>\u001b[39m\n              \u001b[36m<p\u001b[39m\n                \u001b[33mclass\u001b[39m=\u001b[32m\"nav-group-label\"\u001b[39m\n              \u001b[36m>\u001b[39m\n                \u001b[0mReports\u001b[0m\n              \u001b[36m</p>\u001b[39m\n              \u001b[36m<div\u001b[39m\n                \u001b[33mclass\u001b[39m=\u001b[32m\"nav-list\"\u001b[39m\n              \u001b[36m>\u001b[39m\n                \u001b[36m<a\u001b[39m\n                  \u001b[33mclass\u001b[39m=\u001b[32m\"nav-link nav-item\"\u001b[39m\n                  \u001b[33mhref\u001b[39m=\u001b[32m\"/reports/movement-ledger\"\u001b[39m\n                \u001b[36m>\u001b[39m\n                  \u001b[0mบัญชีความเคลื่อนไหว\u001b[0m\n                \u001b[36m</a>\u001b[39m\n                \u001b[36m<a\u001b[39m\n                  \u001b[33mclass\u001b[39m=\u001b[32m\"nav-link nav-item\"\u001b[39m\n                  \u001b[33mhref\u001b[39m=\u001b[32m\"/reports/storage-aging\"\u001b[39m\n                \u001b[36m>\u001b[39m\n                  \u001b[0mอายุการจัดเก็บ\u001b[0m\n                \u001b[36m</a>\u001b[39m\n                \u001b[36m<a\u001b[39m\n                  \u001b[33mclass\u001b[39m=\u001b[32m\"nav-link nav-item\"\u001b[39m\n                  \u001b[33mhref\u001b[39m=\u001b[32m\"/reports\"\u001b[39m\n                \u001b[36m>\u001b[39m\n                  \u001b[0mสรุปการทำงาน\u001b[0m\n                \u001b[36m</a>\u001b[39m\n              \u001b[36m</div>\u001b[39m\n            \u001b[36m</div>\u001b[39m\n            \u001b[36m<div\u001b[39m\n              \u001b[33mclass\u001b[39m=\u001b[32m\"sidebar-nav-group\"\u001b[39m\n            \u001b[36m>\u001b[39m\n              \u001b[36m<p\u001b[39m\n                \u001b[33mclass\u001b[39m=\u001b[32m\"nav-group-label\"\u001b[39m\n              \u001b[36m>\u001b[39m\n                \u001b[0mSystem Administration\u001b[0m\n              \u001b[36m</p>\u001b[39m\n              \u001b[36m<div\u001b[39m\n                \u001b[33mclass\u001b[39m=\u001b[32m\"nav-list\"\u001b[39m\n              \u001b[36m>\u001b[39m\n                \u001b[36m<a\u001b[39m\n                  \u001b[33maria-current\u001b[39m=\u001b[32m\"page\"\u001b[39m\n                  \u001b[33mclass\u001b[39m=\u001b[32m\"nav-link nav-item active\"\u001b[39m\n                  \u001b[33mhref\u001b[39m=\u001b[32m\"/master/customers\"\u001b[39m\n                \u001b[36m>\u001b[39m\n                  \u001b[0mข้อมูลลูกค้า\u001b[0m\n                \u001b[36m</a>\u001b[39m\n                \u001b[36m<a\u001b[39m\n                  \u001b[33mclass\u001b[39m=\u001b[32m\"nav-link nav-item\"\u001b[39m\n                  \u001b[33mhref\u001b[39m=\u001b[32m\"/admin/warehouse-locations\"\u001b[39m\n                \u001b[36m>\u001b[39m\n                  \u001b[0mLocation คลังสินค้า\u001b[0m\n                \u001b[36m</a>\u001b[39m\n                \u001b[36m<a\u001b[39m\n                  \u001b[33mclass\u001b[39m=\u001b[32m\"nav-link nav-item\"\u001b[39m\n                  \u001b[33mdata-testid\u001b[39m=\u001b[32m\"user-management-menu-item\"\u001b[39m\n                  \u001b[33mhref\u001b[39m=\u001b[32m\"/admin/users\"\u001b[39m\n                \u001b[36m>\u001b[39m\n                  \u001b[0mUser Management\u001b[0m\n                \u001b[36m</a>\u001b[39m\n                \u001b[36m<a\u001b[39m\n                  \u001b[33mclass\u001b[39m=\u001b[32m\"nav-link nav-item\"\u001b[39m\n                  \u001b[33mdata-testid\u001b[39m=\u001b[32m\"customer-product-catalog-admin-menu-item\"\u001b[39m\n                  \u001b[33mhref\u001b[39m=\u001b[32m\"/admin/customer-products\"\u001b[39m\n                \u001b[36m>\u001b[39m\n                  \u001b[0mCustomer Product Catalog\u001b[0m\n                \u001b[36m</a>\u001b[39m\n                \u001b[36m<a\u001b[39m\n                  \u001b[33mclass\u001b[39m=\u001b[32m\"nav-link nav-item\"\u001b[39m\n                  \u001b[33mdata-testid\u001b[39m=\u001b[32m\"customer-request-policy-admin-menu-item\"\u001b[39m\n                  \u001b[33mhref\u001b[39m=\u001b[32m\"/admin/customer-request-policy\"\u001b[39m\n                \u001b[36m>\u001b[39m\n                  \u001b[0mCustomer Request Policy\u001b[0m\n                \u001b[36m</a>\u001b[39m\n                \u001b[36m<a\u001b[39m\n                  \u001b[33mclass\u001b[39m=\u001b[32m\"nav-link nav-item\"\u001b[39m\n                  \u001b[33mhref\u001b[39m=\u001b[32m\"/admin/product-service-rates\"\u001b[39m\n                \u001b[36m>\u001b[39m\n                  \u001b[0mอัตราค่าบริการตามสินค้า\u001b[0m\n                \u001b[36m</a>\u001b[39m\n                \u001b[36m<a\u001b[39m\n                  \u001b[33mclass\u001b[39m=\u001b[32m\"nav-link nav-item\"\u001b[39m\n                  \u001b[33mhref\u001b[39m=\u001b[32m\"/admin/role-permissions\"\u001b[39m\n                \u001b[36m>\u001b[39m\n                  \u001b[0mสิทธิ์และบทบาท\u001b[0m\n                \u001b[36m</a>\u001b[39m\n                \u001b[36m<a\u001b[39m\n                  \u001b[33mclass\u001b[39m=\u001b[32m\"nav-link nav-item\"\u001b[39m\n                  \u001b[33mhref\u001b[39m=\u001b[32m\"/admin/auth-readiness\"\u001b[39m\n                \u001b[36m>\u001b[39m\n                  \u001b[0mผู้ใช้และสิทธิ์\u001b[0m\n                \u001b[36m</a>\u001b[39m\n                \u001b[36m<a\u001b[39m\n                  \u001b[33mclass\u001b[39m=\u001b[32m\"nav-link nav-item\"\u001b[39m\n                  \u001b[33mdata-testid\u001b[39m=\u001b[32m\"email-settings-menu-item\"\u001b[39m\n                  \u001b[33mhref\u001b[39m=\u001b[32m\"/settings/email\"\u001b[39m\n                \u001b[36m>\u001b[39m\n                  \u001b[0mตั้งค่าอีเมล\u001b[0m\n                \u001b[36m</a>\u001b[39m\n              \u001b[36m</div>\u001b[39m\n            \u001b[36m</div>\u001b[39m\n          \u001b[36m</nav>\u001b[39m\n          \u001b[36m<div\u001b[39m\n            \u001b[33mclass\u001b[39m=\u001b[32m\"sidebar-user-session user-session-menu\"\u001b[39m\n            \u001b[33mdata-testid\u001b[39m=\u001b[32m\"user-session-menu\"\u001b[39m\n          \u001b[36m>\u001b[39m\n            \u001b[36m<div\u001b[39m\n              \u001b[33mclass\u001b[39m=\u001b[32m\"user-session-menu-identity\"\u001b[39m\n            \u001b[36m>\u001b[39m\n              \u001b[36m<span\u001b[39m\n                \u001b[33mclass\u001b[39m=\u001b[32m\"sidebar-user-email\"\u001b[39m\n                \u001b[33mdata-testid\u001b[39m=\u001b[32m\"user-session-email\"\u001b[39m\n              \u001b[36m>\u001b[39m\n                \u001b[0muat@example.com\u001b[0m\n              \u001b[36m</span>\u001b[39m\n            \u001b[36m</div>\u001b[39m\n            \u001b[36m<a\u001b[39m\n              \u001b[33mclass\u001b[39m=\u001b[32m\"user-session-profile-link\"\u001b[39m\n              \u001b[33mdata-testid\u001b[39m=\u001b[32m\"user-profile-settings-link\"\u001b[39m\n              \u001b[33mhref\u001b[39m=\u001b[32m\"/settings/profile\"\u001b[39m\n            \u001b[36m>\u001b[39m\n              \u001b[0mโปรไฟล์ / ตั้งค่า\u001b[0m\n            \u001b[36m</a>\u001b[39m\n            \u001b[36m<button\u001b[39m\n              \u001b[33mclass\u001b[39m=\u001b[32m\"btn btn-outline sidebar-logout-button\"\u001b[39m\n              \u001b[33mdata-testid\u001b[39m=\u001b[32m\"logout-button\"\u001b[39m\n              \u001b[33mtype\u001b[39m=\u001b[32m\"button\"\u001b[39m\n            \u001b[36m>\u001b[39m\n              \u001b[0mออกจากระบบ\u001b[0m\n            \u001b[36m</button>\u001b[39m\n          \u001b[36m</div>\u001b[39m\n          \u001b[36m<div\u001b[39m\n            \u001b[33maria-label\u001b[39m=\u001b[32m\"Production status\"\u001b[39m\n            \u001b[33mclass\u001b[39m=\u001b[32m\"production-hold-banner sidebar-hold-banner\"\u001b[39m\n            \u001b[33mdata-testid\u001b[39m=\u001b[32m\"production-hold-indicator\"\u001b[39m\n            \u001b[33mrole\u001b[39m=\u001b[32m\"status\"\u001b[39m\n          \u001b[36m>\u001b[39m\n            \u001b[0mProduction HOLD\u001b[0m\n          \u001b[36m</div>\u001b[39m\n        \u001b[36m</aside>\u001b[39m\n        \u001b[36m<div\u001b[39m\n          \u001b[33mclass\u001b[39m=\u001b[32m\"app-main\"\u001b[39m\n        \u001b[36m>\u001b[39m\n          \u001b[36m<header\u001b[39m\n            \u001b[33mclass\u001b[39m=\u001b[32m\"header topbar app-header\"\u001b[39m\n          \u001b[36m>\u001b[39m\n            \u001b[36m<div\u001b[39m\n              \u001b[33mstyle\u001b[39m=\u001b[32m\"display: flex; align-items: center; gap: 12px; min-width: 0;\"\u001b[39m\n            \u001b[36m>\u001b[39m\n              \u001b[36m<button\u001b[39m\n                \u001b[33maria-label\u001b[39m=\u001b[32m\"Toggle navigation\"\u001b[39m\n                \u001b[33mclass\u001b[39m=\u001b[32m\"sidebar-hamburger\"\u001b[39m\n                \u001b[33mtype\u001b[39m=\u001b[32m\"button\"\u001b[39m\n              \u001b[36m>\u001b[39m\n                \u001b[36m<span />\u001b[39m\n                \u001b[36m<span />\u001b[39m\n                \u001b[36m<span />\u001b[39m\n              \u001b[36m</button>\u001b[39m\n              \u001b[36m<div\u001b[39m\n                \u001b[33mclass\u001b[39m=\u001b[32m\"header-title tgm-topbar-title\"\u001b[39m\n              \u001b[36m>\u001b[39m\n                \u001b[36m<span\u001b[39m\n                  \u001b[33mclass\u001b[39m=\u001b[32m\"header-section eyebrow\"\u001b[39m\n                \u001b[36m>\u001b[39m\n                  \u001b[0mข้อมูลลูกค้า\u001b[0m\n                \u001b[36m</span>\u001b[39m\n                \u001b[36m<h1\u001b[39m\n                  \u001b[33mclass\u001b[39m=\u001b[32m\"header-page-title\"\u001b[39m\n                \u001b[36m>\u001b[39m\n                  \u001b[0mTG Cold Storage WMS\u001b[0m\n                \u001b[36m</h1>\u001b[39m\n                \u001b[36m<h2\u001b[39m\n                  \u001b[33mclass\u001b[39m=\u001b[32m\"sr-only\"\u001b[39m\n                \u001b[36m>\u001b[39m\n                  \u001b[0mTGC WMS\u001b[0m\n                \u001b[36m</h2>\u001b[39m\n              \u001b[36m</div>\u001b[39m\n            \u001b[36m</div>\u001b[39m\n            \u001b[36m<div\u001b[39m\n              \u001b[33mclass\u001b[39m=\u001b[32m\"header-actions\"\u001b[39m\n            \u001b[36m>\u001b[39m\n              \u001b[36m<span\u001b[39m\n                \u001b[33mclass\u001b[39m=\u001b[32m\"status-badge status-badge--uat hide-xs\"\u001b[39m\n              \u001b[36m>\u001b[39m\n                \u001b[0mโหมด UAT\u001b[0m\n              \u001b[36m</span>\u001b[39m\n              \u001b[36m<span\u001b[39m\n                \u001b[33mclass\u001b[39m=\u001b[32m\"production-hold-badge hide-xs\"\u001b[39m\n              \u001b[36m>\u001b[39m\n                \u001b[0mProduction HOLD\u001b[0m\n              \u001b[36m</span>\u001b[39m\n              \u001b[36m<div\u001b[39m\n                \u001b[33maria-label\u001b[39m=\u001b[32m\"Current language\"\u001b[39m\n                \u001b[33mclass\u001b[39m=\u001b[32m\"language-toggle-compact\"\u001b[39m\n                \u001b[33mrole\u001b[39m=\u001b[32m\"group\"\u001b[39m\n              \u001b[36m>\u001b[39m\n                \u001b[36m<button\u001b[39m\n                  \u001b[33maria-label\u001b[39m=\u001b[32m\"Thai\"\u001b[39m\n                  \u001b[33maria-pressed\u001b[39m=\u001b[32m\"true\"\u001b[39m\n                  \u001b[33mclass\u001b[39m=\u001b[32m\"lang-btn active\"\u001b[39m\n                  \u001b[33mtype\u001b[39m=\u001b[32m\"button\"\u001b[39m\n                \u001b[36m>\u001b[39m\n                  \u001b[0mTH\u001b[0m\n                \u001b[36m</button>\u001b[39m\n                \u001b[36m<button\u001b[39m\n                  \u001b[33maria-label\u001b[39m=\u001b[32m\"Toggle language\"\u001b[39m\n                  \u001b[33maria-pressed\u001b[39m=\u001b[32m\"false\"\u001b[39m\n                  \u001b[33mclass\u001b[39m=\u001b[32m\"lang-btn\"\u001b[39m\n                  \u001b[33mtype\u001b[39m=\u001b[32m\"button\"\u001b[39m\n                \u001b[36m>\u001b[39m\n                  \u001b[0mEN\u001b[0m\n                \u001b[36m</button>\u001b[39m\n              \u001b[36m</div>\u001b[39m\n            \u001b[36m</div>\u001b[39m\n          \u001b[36m</header>\u001b[39m\n          \u001b[36m<main\u001b[39m\n            \u001b[33mclass\u001b[39m=\u001b[32m\"main-content app-content\"\u001b[39m\n          \u001b[36m>\u001b[39m\n            \u001b[36m<section\u001b[39m\n              \u001b[33mclass\u001b[39m=\u001b[32m\"page-shell\"\u001b[39m\n            \u001b[36m>\u001b[39m\n              \u001b[36m<header\u001b[39m\n                \u001b[33mclass\u001b[39m=\u001b[32m\"page-header\"\u001b[39m\n              \u001b[36m>\u001b[39m\n                \u001b[36m<div\u001b[39m\n                  \u001b[33mclass\u001b[39m=\u001b[32m\"page-header-content\"\u001b[39m\n                \u001b[36m>\u001b[39m\n                  \u001b[36m<h2>\u001b[39m\n                    \u001b[0mข้อมูลลูกค้า\u001b[0m\n                  \u001b[36m</h2>\u001b[39m\n                  \u001b[36m<p>\u001b[39m\n                    \u001b[0mตั้งค่าและจัดการข้อมูลลูกค้าที่ใช้บริการห้องเย็น\u001b[0m\n                  \u001b[36m</p>\u001b[39m\n                \u001b[36m</div>\u001b[39m\n              \u001b[36m</header>\u001b[39m\n              \u001b[36m<div\u001b[39m\n                \u001b[33mstyle\u001b[39m=\u001b[32m\"display: flex; gap: 10px; flex-wrap: wrap; align-items: center; margin-bottom: 16px;\"\u001b[39m\n              \u001b[36m>\u001b[39m\n                \u001b[36m<input\u001b[39m\n                  \u001b[33mclass\u001b[39m=\u001b[32m\"form-control\"\u001b[39m\n                  \u001b[33mplaceholder\u001b[39m=\u001b[32m\"ค้นหารหัส / ชื่อ / อีเมล...\"\u001b[39m\n                  \u001b[33mstyle\u001b[39m=\u001b[32m\"flex: 1 1 200px; max-width: 340px;\"\u001b[39m\n                  \u001b[33mtype\u001b[39m=\u001b[32m\"search\"\u001b[39m\n                  \u001b[33mvalue\u001b[39m=\u001b[32m\"\"\u001b[39m\n                \u001b[36m/>\u001b[39m\n                \u001b[36m<select\u001b[39m\n                  \u001b[33mclass\u001b[39m=\u001b[32m\"form-control\"\u001b[39m\n                  \u001b[33mstyle\u001b[39m=\u001b[32m\"width: 160px;\"\u001b[39m\n                \u001b[36m>\u001b[39m\n                  \u001b[36m<option\u001b[39m\n                    \u001b[33mvalue\u001b[39m=\u001b[32m\"all\"\u001b[39m\n                  \u001b[36m>\u001b[39m\n                    \u001b[0mทุกสถานะ\u001b[0m\n                  \u001b[36m</option>\u001b[39m\n                  \u001b[36m<option\u001b[39m\n                    \u001b[33mvalue\u001b[39m=\u001b[32m\"active\"\u001b[39m\n                  \u001b[36m>\u001b[39m\n                    \u001b[0mใช้งานอยู่\u001b[0m\n                  \u001b[36m</option>\u001b[39m\n                  \u001b[36m<option\u001b[39m\n                    \u001b[33mvalue\u001b[39m=\u001b[32m\"inactive\"\u001b[39m\n                  \u001b[36m>\u001b[39m\n                    \u001b[0mปิดใช้งาน\u001b[0m\n                  \u001b[36m</option>\u001b[39m\n                \u001b[36m</select>\u001b[39m\n                \u001b[36m<div\u001b[39m\n                  \u001b[33mstyle\u001b[39m=\u001b[32m\"flex: 1 1 0%;\"\u001b[39m\n                \u001b[36m/>\u001b[39m\n                \u001b[36m<button\u001b[39m\n                  \u001b[33mclass\u001b[39m=\u001b[32m\"btn btn-primary\"\u001b[39m\n                  \u001b[33mtype\u001b[39m=\u001b[32m\"button\"\u001b[39m\n                \u001b[36m>\u001b[39m\n                  \u001b[0m+ เพิ่มลูกค้าใหม่\u001b[0m\n                \u001b[36m</button>\u001b[39m\n              \u001b[36m</div>\u001b[39m\n              \u001b[36m<div\u001b[39m\n                \u001b[33mrole\u001b[39m=\u001b[32m\"status\"\u001b[39m\n              \u001b[36m>\u001b[39m\n                \u001b[0mLoading data...\u001b[0m\n              \u001b[36m</div>\u001b[39m\n            \u001b[36m</section>\u001b[39m\n          \u001b[36m</main>\u001b[39m\n        \u001b[36m</div>\u001b[39m\n      \u001b[36m</div>\u001b[39m\n    \u001b[36m</div>\u001b[39m\n  \u001b[36m</div>\u001b[39m\n\u001b[36m</body>\u001b[39m\n    at Object.getElementError (C:\\Users\\TSS\\OneDrive\\เดสก์ท็อป\\TGD Coldstorage\\TGD WMS\\node_modules\\@testing-library\\dom\\dist\\config.js:37:19)\n    at C:\\Users\\TSS\\OneDrive\\เดสก์ท็อป\\TGD Coldstorage\\TGD WMS\\node_modules\\@testing-library\\dom\\dist\\query-helpers.js:76:38\n    at C:\\Users\\TSS\\OneDrive\\เดสก์ท็อป\\TGD Coldstorage\\TGD WMS\\node_modules\\@testing-library\\dom\\dist\\query-helpers.js:52:17\n    at C:\\Users\\TSS\\OneDrive\\เดสก์ท็อป\\TGD Coldstorage\\TGD WMS\\node_modules\\@testing-library\\dom\\dist\\query-helpers.js:95:19\n    at C:\\Users\\TSS\\OneDrive\\เดสก์ท็อป\\TGD Coldstorage\\TGD WMS\\src\\app\\App.test.jsx:133:21\n    at file:///C:/Users/TSS/OneDrive/%E0%B9%80%E0%B8%94%E0%B8%AA%E0%B8%81%E0%B9%8C%E0%B8%97%E0%B9%87%E0%B8%AD%E0%B8%9B/TGD%20Coldstorage/TGD%20WMS/node_modules/@vitest/runner/dist/index.js:629:21\n    at file:///C:/Users/TSS/OneDrive/%E0%B9%80%E0%B8%94%E0%B8%AA%E0%B8%81%E0%B9%8C%E0%B8%97%E0%B9%87%E0%B8%AD%E0%B8%9B/TGD%20Coldstorage/TGD%20WMS/node_modules/@vitest/runner/dist/index.js:146:14\n    at file:///C:/Users/TSS/OneDrive/%E0%B9%80%E0%B8%94%E0%B8%AA%E0%B8%81%E0%B9%8C%E0%B8%97%E0%B9%87%E0%B8%AD%E0%B8%9B/TGD%20Coldstorage/TGD%20WMS/node_modules/@vitest/runner/dist/index.js:533:11\n    at runWithTimeout (file:///C:/Users/TSS/OneDrive/%E0%B9%80%E0%B8%94%E0%B8%AA%E0%B8%81%E0%B9%8C%E0%B8%97%E0%B9%87%E0%B8%AD%E0%B8%9B/TGD%20Coldstorage/TGD%20WMS/node_modules/@vitest/runner/dist/index.js:39:7)\n    at runTest (file:///C:/Users/TSS/OneDrive/%E0%B9%80%E0%B8%94%E0%B8%AA%E0%B8%81%E0%B9%8C%E0%B8%97%E0%B9%87%E0%B8%AD%E0%B8%9B/TGD%20Coldstorage/TGD%20WMS/node_modules/@vitest/runner/dist/index.js:1056:17)"],"meta":{}},{"ancestorTitles":["App"],"fullName":"App renders /operations/receiving route","status":"passed","title":"renders /operations/receiving route","duration":17.4358000000002,"failureMessages":[],"meta":{}},{"ancestorTitles":["App"],"fullName":"App renders /inventory route","status":"failed","title":"renders /inventory route","duration":39.590000000000146,"failureMessages":["TestingLibraryElementError: Unable to find an accessible element with the role \"heading\" and name \"ยอดคงเหลือสินค้า\"\n\nHere are the accessible roles:\n\n  alert:\n\n  Name \"\":\n  \u001b[36m<main\u001b[39m\n    \u001b[33maria-live\u001b[39m=\u001b[32m\"assertive\"\u001b[39m\n    \u001b[33mclass\u001b[39m=\u001b[32m\"page-shell\"\u001b[39m\n    \u001b[33mrole\u001b[39m=\u001b[32m\"alert\"\u001b[39m\n    \u001b[33mstyle\u001b[39m=\u001b[32m\"padding: 24px;\"\u001b[39m\n  \u001b[36m/>\u001b[39m\n\n  --------------------------------------------------\n  paragraph:\n\n  Name \"\":\n  \u001b[36m<p\u001b[39m\n    \u001b[33mclass\u001b[39m=\u001b[32m\"eyebrow\"\u001b[39m\n  \u001b[36m/>\u001b[39m\n\n  Name \"\":\n  \u001b[36m<p />\u001b[39m\n\n  Name \"\":\n  \u001b[36m<p />\u001b[39m\n\n  --------------------------------------------------\n  heading:\n\n  Name \"ระบบเกิดข้อผิดพลาด\":\n  \u001b[36m<h1 />\u001b[39m\n\n  --------------------------------------------------\n  button:\n\n  Name \"ลองอีกครั้ง\":\n  \u001b[36m<button\u001b[39m\n    \u001b[33mstyle\u001b[39m=\u001b[32m\"background: rgb(214, 161, 31); border: 0px; border-radius: 7px; color: rgb(9, 9, 11); cursor: pointer; font-weight: 700; min-height: 40px; padding: 8px 14px;\"\u001b[39m\n    \u001b[33mtype\u001b[39m=\u001b[32m\"button\"\u001b[39m\n  \u001b[36m/>\u001b[39m\n\n  --------------------------------------------------\n\nIgnored nodes: comments, script, style\n\u001b[36m<body>\u001b[39m\n  \u001b[36m<div>\u001b[39m\n    \u001b[36m<main\u001b[39m\n      \u001b[33maria-live\u001b[39m=\u001b[32m\"assertive\"\u001b[39m\n      \u001b[33mclass\u001b[39m=\u001b[32m\"page-shell\"\u001b[39m\n      \u001b[33mrole\u001b[39m=\u001b[32m\"alert\"\u001b[39m\n      \u001b[33mstyle\u001b[39m=\u001b[32m\"padding: 24px;\"\u001b[39m\n    \u001b[36m>\u001b[39m\n      \u001b[36m<section\u001b[39m\n        \u001b[33mclass\u001b[39m=\u001b[32m\"empty-state\"\u001b[39m\n        \u001b[33mstyle\u001b[39m=\u001b[32m\"background: rgb(255, 255, 255); border: 1px solid rgb(193, 18, 31); border-radius: 10px; box-shadow: 0 18px 45px rgba(9, 9, 11, 0.10); max-width: 720px; padding: 24px;\"\u001b[39m\n      \u001b[36m>\u001b[39m\n        \u001b[36m<p\u001b[39m\n          \u001b[33mclass\u001b[39m=\u001b[32m\"eyebrow\"\u001b[39m\n        \u001b[36m>\u001b[39m\n          \u001b[0mข้อผิดพลาดที่ไม่คาดคิด\u001b[0m\n        \u001b[36m</p>\u001b[39m\n        \u001b[36m<h1>\u001b[39m\n          \u001b[0mระบบเกิดข้อผิดพลาด\u001b[0m\n        \u001b[36m</h1>\u001b[39m\n        \u001b[36m<p>\u001b[39m\n          \u001b[0mหากปัญหายังคงอยู่ กรุณาติดต่อผู้ดูแลระบบ\u001b[0m\n        \u001b[36m</p>\u001b[39m\n        \u001b[36m<p>\u001b[39m\n          \u001b[0mรหัสอ้างอิงข้อผิดพลาด\u001b[0m\n          \u001b[0m: \u001b[0m\n          \u001b[0m2026-06-26T09:05:14.651Z\u001b[0m\n        \u001b[36m</p>\u001b[39m\n        \u001b[36m<button\u001b[39m\n          \u001b[33mstyle\u001b[39m=\u001b[32m\"background: rgb(214, 161, 31); border: 0px; border-radius: 7px; color: rgb(9, 9, 11); cursor: pointer; font-weight: 700; min-height: 40px; padding: 8px 14px;\"\u001b[39m\n          \u001b[33mtype\u001b[39m=\u001b[32m\"button\"\u001b[39m\n        \u001b[36m>\u001b[39m\n          \u001b[0mลองอีกครั้ง\u001b[0m\n        \u001b[36m</button>\u001b[39m\n      \u001b[36m</section>\u001b[39m\n    \u001b[36m</main>\u001b[39m\n  \u001b[36m</div>\u001b[39m\n\u001b[36m</body>\u001b[39m\n    at Object.getElementError (C:\\Users\\TSS\\OneDrive\\เดสก์ท็อป\\TGD Coldstorage\\TGD WMS\\node_modules\\@testing-library\\dom\\dist\\config.js:37:19)\n    at C:\\Users\\TSS\\OneDrive\\เดสก์ท็อป\\TGD Coldstorage\\TGD WMS\\node_modules\\@testing-library\\dom\\dist\\query-helpers.js:76:38\n    at C:\\Users\\TSS\\OneDrive\\เดสก์ท็อป\\TGD Coldstorage\\TGD WMS\\node_modules\\@testing-library\\dom\\dist\\query-helpers.js:52:17\n    at C:\\Users\\TSS\\OneDrive\\เดสก์ท็อป\\TGD Coldstorage\\TGD WMS\\node_modules\\@testing-library\\dom\\dist\\query-helpers.js:95:19\n    at C:\\Users\\TSS\\OneDrive\\เดสก์ท็อป\\TGD Coldstorage\\TGD WMS\\src\\app\\App.test.jsx:129:21\n    at file:///C:/Users/TSS/OneDrive/%E0%B9%80%E0%B8%94%E0%B8%AA%E0%B8%81%E0%B9%8C%E0%B8%97%E0%B9%87%E0%B8%AD%E0%B8%9B/TGD%20Coldstorage/TGD%20WMS/node_modules/@vitest/runner/dist/index.js:629:21\n    at file:///C:/Users/TSS/OneDrive/%E0%B9%80%E0%B8%94%E0%B8%AA%E0%B8%81%E0%B9%8C%E0%B8%97%E0%B9%87%E0%B8%AD%E0%B8%9B/TGD%20Coldstorage/TGD%20WMS/node_modules/@vitest/runner/dist/index.js:146:14\n    at file:///C:/Users/TSS/OneDrive/%E0%B9%80%E0%B8%94%E0%B8%AA%E0%B8%81%E0%B9%8C%E0%B8%97%E0%B9%87%E0%B8%AD%E0%B8%9B/TGD%20Coldstorage/TGD%20WMS/node_modules/@vitest/runner/dist/index.js:533:11\n    at runWithTimeout (file:///C:/Users/TSS/OneDrive/%E0%B9%80%E0%B8%94%E0%B8%AA%E0%B8%81%E0%B9%8C%E0%B8%97%E0%B9%87%E0%B8%AD%E0%B8%9B/TGD%20Coldstorage/TGD%20WMS/node_modules/@vitest/runner/dist/index.js:39:7)\n    at runTest (file:///C:/Users/TSS/OneDrive/%E0%B9%80%E0%B8%94%E0%B8%AA%E0%B8%81%E0%B9%8C%E0%B8%97%E0%B9%87%E0%B8%AD%E0%B8%9B/TGD%20Coldstorage/TGD%20WMS/node_modules/@vitest/runner/dist/index.js:1056:17)"],"meta":{}},{"ancestorTitles":["App"],"fullName":"App renders /reports/movement-ledger route","status":"failed","title":"renders /reports/movement-ledger route","duration":41.061399999999594,"failureMessages":["TestingLibraryElementError: Unable to find an accessible element with the role \"heading\" and name `/Movement Ledger/i`\n\nHere are the accessible roles:\n\n  alert:\n\n  Name \"\":\n  \u001b[36m<main\u001b[39m\n    \u001b[33maria-live\u001b[39m=\u001b[32m\"assertive\"\u001b[39m\n    \u001b[33mclass\u001b[39m=\u001b[32m\"page-shell\"\u001b[39m\n    \u001b[33mrole\u001b[39m=\u001b[32m\"alert\"\u001b[39m\n    \u001b[33mstyle\u001b[39m=\u001b[32m\"padding: 24px;\"\u001b[39m\n  \u001b[36m/>\u001b[39m\n\n  --------------------------------------------------\n  paragraph:\n\n  Name \"\":\n  \u001b[36m<p\u001b[39m\n    \u001b[33mclass\u001b[39m=\u001b[32m\"eyebrow\"\u001b[39m\n  \u001b[36m/>\u001b[39m\n\n  Name \"\":\n  \u001b[36m<p />\u001b[39m\n\n  Name \"\":\n  \u001b[36m<p />\u001b[39m\n\n  --------------------------------------------------\n  heading:\n\n  Name \"ระบบเกิดข้อผิดพลาด\":\n  \u001b[36m<h1 />\u001b[39m\n\n  --------------------------------------------------\n  button:\n\n  Name \"ลองอีกครั้ง\":\n  \u001b[36m<button\u001b[39m\n    \u001b[33mstyle\u001b[39m=\u001b[32m\"background: rgb(214, 161, 31); border: 0px; border-radius: 7px; color: rgb(9, 9, 11); cursor: pointer; font-weight: 700; min-height: 40px; padding: 8px 14px;\"\u001b[39m\n    \u001b[33mtype\u001b[39m=\u001b[32m\"button\"\u001b[39m\n  \u001b[36m/>\u001b[39m\n\n  --------------------------------------------------\n\nIgnored nodes: comments, script, style\n\u001b[36m<body>\u001b[39m\n  \u001b[36m<div>\u001b[39m\n    \u001b[36m<main\u001b[39m\n      \u001b[33maria-live\u001b[39m=\u001b[32m\"assertive\"\u001b[39m\n      \u001b[33mclass\u001b[39m=\u001b[32m\"page-shell\"\u001b[39m\n      \u001b[33mrole\u001b[39m=\u001b[32m\"alert\"\u001b[39m\n      \u001b[33mstyle\u001b[39m=\u001b[32m\"padding: 24px;\"\u001b[39m\n    \u001b[36m>\u001b[39m\n      \u001b[36m<section\u001b[39m\n        \u001b[33mclass\u001b[39m=\u001b[32m\"empty-state\"\u001b[39m\n        \u001b[33mstyle\u001b[39m=\u001b[32m\"background: rgb(255, 255, 255); border: 1px solid rgb(193, 18, 31); border-radius: 10px; box-shadow: 0 18px 45px rgba(9, 9, 11, 0.10); max-width: 720px; padding: 24px;\"\u001b[39m\n      \u001b[36m>\u001b[39m\n        \u001b[36m<p\u001b[39m\n          \u001b[33mclass\u001b[39m=\u001b[32m\"eyebrow\"\u001b[39m\n        \u001b[36m>\u001b[39m\n          \u001b[0mข้อผิดพลาดที่ไม่คาดคิด\u001b[0m\n        \u001b[36m</p>\u001b[39m\n        \u001b[36m<h1>\u001b[39m\n          \u001b[0mระบบเกิดข้อผิดพลาด\u001b[0m\n        \u001b[36m</h1>\u001b[39m\n        \u001b[36m<p>\u001b[39m\n          \u001b[0mหากปัญหายังคงอยู่ กรุณาติดต่อผู้ดูแลระบบ\u001b[0m\n        \u001b[36m</p>\u001b[39m\n        \u001b[36m<p>\u001b[39m\n          \u001b[0mรหัสอ้างอิงข้อผิดพลาด\u001b[0m\n          \u001b[0m: \u001b[0m\n          \u001b[0m2026-06-26T09:05:14.698Z\u001b[0m\n        \u001b[36m</p>\u001b[39m\n        \u001b[36m<button\u001b[39m\n          \u001b[33mstyle\u001b[39m=\u001b[32m\"background: rgb(214, 161, 31); border: 0px; border-radius: 7px; color: rgb(9, 9, 11); cursor: pointer; font-weight: 700; min-height: 40px; padding: 8px 14px;\"\u001b[39m\n          \u001b[33mtype\u001b[39m=\u001b[32m\"button\"\u001b[39m\n        \u001b[36m>\u001b[39m\n          \u001b[0mลองอีกครั้ง\u001b[0m\n        \u001b[36m</button>\u001b[39m\n      \u001b[36m</section>\u001b[39m\n    \u001b[36m</main>\u001b[39m\n  \u001b[36m</div>\u001b[39m\n\u001b[36m</body>\u001b[39m\n    at Object.getElementError (C:\\Users\\TSS\\OneDrive\\เดสก์ท็อป\\TGD Coldstorage\\TGD WMS\\node_modules\\@testing-library\\dom\\dist\\config.js:37:19)\n    at C:\\Users\\TSS\\OneDrive\\เดสก์ท็อป\\TGD Coldstorage\\TGD WMS\\node_modules\\@testing-library\\dom\\dist\\query-helpers.js:76:38\n    at C:\\Users\\TSS\\OneDrive\\เดสก์ท็อป\\TGD Coldstorage\\TGD WMS\\node_modules\\@testing-library\\dom\\dist\\query-helpers.js:52:17\n    at C:\\Users\\TSS\\OneDrive\\เดสก์ท็อป\\TGD Coldstorage\\TGD WMS\\node_modules\\@testing-library\\dom\\dist\\query-helpers.js:95:19\n    at C:\\Users\\TSS\\OneDrive\\เดสก์ท็อป\\TGD Coldstorage\\TGD WMS\\src\\app\\App.test.jsx:127:21\n    at file:///C:/Users/TSS/OneDrive/%E0%B9%80%E0%B8%94%E0%B8%AA%E0%B8%81%E0%B9%8C%E0%B8%97%E0%B9%87%E0%B8%AD%E0%B8%9B/TGD%20Coldstorage/TGD%20WMS/node_modules/@vitest/runner/dist/index.js:629:21\n    at file:///C:/Users/TSS/OneDrive/%E0%B9%80%E0%B8%94%E0%B8%AA%E0%B8%81%E0%B9%8C%E0%B8%97%E0%B9%87%E0%B8%AD%E0%B8%9B/TGD%20Coldstorage/TGD%20WMS/node_modules/@vitest/runner/dist/index.js:146:14\n    at file:///C:/Users/TSS/OneDrive/%E0%B9%80%E0%B8%94%E0%B8%AA%E0%B8%81%E0%B9%8C%E0%B8%97%E0%B9%87%E0%B8%AD%E0%B8%9B/TGD%20Coldstorage/TGD%20WMS/node_modules/@vitest/runner/dist/index.js:533:11\n    at runWithTimeout (file:///C:/Users/TSS/OneDrive/%E0%B9%80%E0%B8%94%E0%B8%AA%E0%B8%81%E0%B9%8C%E0%B8%97%E0%B9%87%E0%B8%AD%E0%B8%9B/TGD%20Coldstorage/TGD%20WMS/node_modules/@vitest/runner/dist/index.js:39:7)\n    at runTest (file:///C:/Users/TSS/OneDrive/%E0%B9%80%E0%B8%94%E0%B8%AA%E0%B8%81%E0%B9%8C%E0%B8%97%E0%B9%87%E0%B8%AD%E0%B8%9B/TGD%20Coldstorage/TGD%20WMS/node_modules/@vitest/runner/dist/index.js:1056:17)"],"meta":{}},{"ancestorTitles":["App"],"fullName":"App renders /operations/withdrawal-requests route","status":"failed","title":"renders /operations/withdrawal-requests route","duration":33.03719999999976,"failureMessages":["TestingLibraryElementError: Found multiple elements with the role \"heading\" and name \"Withdrawal Requests\"\n\nHere are the matching elements:\n\nIgnored nodes: comments, script, style\n\u001b[36m<h2>\u001b[39m\n  \u001b[0mWithdrawal Requests\u001b[0m\n\u001b[36m</h2>\u001b[39m\n\nIgnored nodes: comments, script, style\n\u001b[36m<h2\u001b[39m\n  \u001b[33mstyle\u001b[39m=\u001b[32m\"font-size: 18px; margin: 0px;\"\u001b[39m\n\u001b[36m>\u001b[39m\n  \u001b[0mWithdrawal Requests\u001b[0m\n\u001b[36m</h2>\u001b[39m\n\n(If this is intentional, then use the `*AllBy*` variant of the query (like `queryAllByText`, `getAllByText`, or `findAllByText`)).\n\nIgnored nodes: comments, script, style\n\u001b[36m<body>\u001b[39m\n  \u001b[36m<div>\u001b[39m\n    \u001b[36m<div\u001b[39m\n      \u001b[33mclass\u001b[39m=\u001b[32m\"app-shell\"\u001b[39m\n      \u001b[33mdata-testid\u001b[39m=\u001b[32m\"app-shell\"\u001b[39m\n    \u001b[36m>\u001b[39m\n      \u001b[36m<div\u001b[39m\n        \u001b[33maria-label\u001b[39m=\u001b[32m\"UAT environment status\"\u001b[39m\n        \u001b[33mclass\u001b[39m=\u001b[32m\"banner banner-warning uat-safety-banner\"\u001b[39m\n        \u001b[33mrole\u001b[39m=\u001b[32m\"status\"\u001b[39m\n      \u001b[36m>\u001b[39m\n        \u001b[0mCONTROLLED UAT ENVIRONMENT - PRODUCTION REMAINS HOLD - FINAL GO IS NOT AUTHORIZED\u001b[0m\n      \u001b[36m</div>\u001b[39m\n      \u001b[36m<div\u001b[39m\n        \u001b[33mclass\u001b[39m=\u001b[32m\"app-body\"\u001b[39m\n      \u001b[36m>\u001b[39m\n        \u001b[36m<aside\u001b[39m\n          \u001b[33maria-label\u001b[39m=\u001b[32m\"Primary navigation\"\u001b[39m\n          \u001b[33mclass\u001b[39m=\u001b[32m\"sidebar app-sidebar\"\u001b[39m\n          \u001b[33mdata-testid\u001b[39m=\u001b[32m\"sidebar\"\u001b[39m\n        \u001b[36m>\u001b[39m\n          \u001b[36m<div\u001b[39m\n            \u001b[33mclass\u001b[39m=\u001b[32m\"sidebar-header tgm-sidebar-brand\"\u001b[39m\n          \u001b[36m>\u001b[39m\n            \u001b[36m<img\u001b[39m\n              \u001b[33malt\u001b[39m=\u001b[32m\"TGC logo\"\u001b[39m\n              \u001b[33mclass\u001b[39m=\u001b[32m\"tgm-sidebar-logo\"\u001b[39m\n              \u001b[33msrc\u001b[39m=\u001b[32m\"/brand/tgc-logo.svg\"\u001b[39m\n            \u001b[36m/>\u001b[39m\n            \u001b[36m<span\u001b[39m\n              \u001b[33mclass\u001b[39m=\u001b[32m\"sidebar-header-title\"\u001b[39m\n            \u001b[36m>\u001b[39m\n              \u001b[0mTGC WMS\u001b[0m\n            \u001b[36m</span>\u001b[39m\n          \u001b[36m</div>\u001b[39m\n          \u001b[36m<nav\u001b[39m\n            \u001b[33maria-label\u001b[39m=\u001b[32m\"TGC WMS navigation\"\u001b[39m\n            \u001b[33mclass\u001b[39m=\u001b[32m\"sidebar-nav\"\u001b[39m\n          \u001b[36m>\u001b[39m\n            \u001b[36m<div\u001b[39m\n              \u001b[33mclass\u001b[39m=\u001b[32m\"sidebar-nav-group\"\u001b[39m\n            \u001b[36m>\u001b[39m\n              \u001b[36m<p\u001b[39m\n                \u001b[33mclass\u001b[39m=\u001b[32m\"nav-group-label\"\u001b[39m\n              \u001b[36m>\u001b[39m\n                \u001b[0mMain Operation\u001b[0m\n              \u001b[36m</p>\u001b[39m\n              \u001b[36m<div\u001b[39m\n                \u001b[33mclass\u001b[39m=\u001b[32m\"nav-list\"\u001b[39m\n              \u001b[36m>\u001b[39m\n                \u001b[36m<a\u001b[39m\n                  \u001b[33mclass\u001b[39m=\u001b[32m\"nav-link nav-item\"\u001b[39m\n                  \u001b[33mhref\u001b[39m=\u001b[32m\"/dashboard\"\u001b[39m\n                \u001b[36m>\u001b[39m\n                  \u001b[0mแดชบอร์ด\u001b[0m\n                \u001b[36m</a>\u001b[39m\n              \u001b[36m</div>\u001b[39m\n            \u001b[36m</div>\u001b[39m\n            \u001b[36m<div\u001b[39m\n              \u001b[33mclass\u001b[39m=\u001b[32m\"sidebar-nav-group\"\u001b[39m\n            \u001b[36m>\u001b[39m\n              \u001b[36m<p\u001b[39m\n                \u001b[33mclass\u001b[39m=\u001b[32m\"nav-group-label\"\u001b[39m\n              \u001b[36m>\u001b[39m\n                \u001b[0mInbound Management\u001b[0m\n              \u001b[36m</p>\u001b[39m\n              \u001b[36m<div\u001b[39m\n                \u001b[33mclass\u001b[39m=\u001b[32m\"nav-list\"\u001b[39m\n              \u001b[36m>\u001b[39m\n                \u001b[36m<a\u001b[39m\n                  \u001b[33mclass\u001b[39m=\u001b[32m\"nav-link nav-item\"\u001b[39m\n                  \u001b[33mhref\u001b[39m=\u001b[32m\"/operations/receiving\"\u001b[39m\n                \u001b[36m>\u001b[39m\n                  \u001b[0mรับเข้า\u001b[0m\n                \u001b[36m</a>\u001b[39m\n              \u001b[36m</div>\u001b[39m\n            \u001b[36m</div>\u001b[39m\n            \u001b[36m<div\u001b[39m\n              \u001b[33mclass\u001b[39m=\u001b[32m\"sidebar-nav-group\"\u001b[39m\n            \u001b[36m>\u001b[39m\n              \u001b[36m<p\u001b[39m\n                \u001b[33mclass\u001b[39m=\u001b[32m\"nav-group-label\"\u001b[39m\n              \u001b[36m>\u001b[39m\n                \u001b[0mInventory Control\u001b[0m\n              \u001b[36m</p>\u001b[39m\n              \u001b[36m<div\u001b[39m\n                \u001b[33mclass\u001b[39m=\u001b[32m\"nav-list\"\u001b[39m\n              \u001b[36m>\u001b[39m\n                \u001b[36m<a\u001b[39m\n                  \u001b[33mclass\u001b[39m=\u001b[32m\"nav-link nav-item\"\u001b[39m\n                  \u001b[33mhref\u001b[39m=\u001b[32m\"/inventory\"\u001b[39m\n                \u001b[36m>\u001b[39m\n                  \u001b[0mยอดคงเหลือ\u001b[0m\n                \u001b[36m</a>\u001b[39m\n              \u001b[36m</div>\u001b[39m\n            \u001b[36m</div>\u001b[39m\n            \u001b[36m<div\u001b[39m\n              \u001b[33mclass\u001b[39m=\u001b[32m\"sidebar-nav-group\"\u001b[39m\n            \u001b[36m>\u001b[39m\n              \u001b[36m<p\u001b[39m\n                \u001b[33mclass\u001b[39m=\u001b[32m\"nav-group-label\"\u001b[39m\n              \u001b[36m>\u001b[39m\n                \u001b[0mOutbound Management\u001b[0m\n              \u001b[36m</p>\u001b[39m\n              \u001b[36m<div\u001b[39m\n                \u001b[33mclass\u001b[39m=\u001b[32m\"nav-list\"\u001b[39m\n              \u001b[36m>\u001b[39m\n                \u001b[36m<a\u001b[39m\n                  \u001b[33mclass\u001b[39m=\u001b[32m\"nav-link nav-item\"\u001b[39m\n                  \u001b[33mhref\u001b[39m=\u001b[32m\"/customer/admin/withdrawal-review\"\u001b[39m\n                \u001b[36m>\u001b[39m\n                  \u001b[0mใบขอเบิก\u001b[0m\n                \u001b[36m</a>\u001b[39m\n              \u001b[36m</div>\u001b[39m\n            \u001b[36m</div>\u001b[39m\n            \u001b[36m<div\u001b[39m\n              \u001b[33mclass\u001b[39m=\u001b[32m\"sidebar-nav-group\"\u001b[39m\n            \u001b[36m>\u001b[39m\n              \u001b[36m<p\u001b[39m\n                \u001b[33mclass\u001b[39m=\u001b[32m\"nav-group-label\"\u001b[39m\n              \u001b[36m>\u001b[39m\n                \u001b[0mBarcode / Handheld\u001b[0m\n              \u001b[36m</p>\u001b[39m\n              \u001b[36m<div\u001b[39m\n                \u001b[33mclass\u001b[39m=\u001b[32m\"nav-list\"\u001b[39m\n              \u001b[36m>\u001b[39m\n                \u001b[36m<a\u001b[39m\n                  \u001b[33mclass\u001b[39m=\u001b[32m\"nav-link nav-item\"\u001b[39m\n                  \u001b[33mhref\u001b[39m=\u001b[32m\"/handheld\"\u001b[39m\n                \u001b[36m>\u001b[39m\n                  \u001b[0mศูนย์สแกน\u001b[0m\n                \u001b[36m</a>\u001b[39m\n              \u001b[36m</div>\u001b[39m\n            \u001b[36m</div>\u001b[39m\n            \u001b[36m<div\u001b[39m\n              \u001b[33mclass\u001b[39m=\u001b[32m\"sidebar-nav-group\"\u001b[39m\n            \u001b[36m>\u001b[39m\n              \u001b[36m<p\u001b[39m\n                \u001b[33mclass\u001b[39m=\u001b[32m\"nav-group-label\"\u001b[39m\n              \u001b[36m>\u001b[39m\n                \u001b[0mCustomer Portal\u001b[0m\n              \u001b[36m</p>\u001b[39m\n              \u001b[36m<div\u001b[39m\n                \u001b[33mclass\u001b[39m=\u001b[32m\"nav-list\"\u001b[39m\n              \u001b[36m>\u001b[39m\n                \u001b[36m<a\u001b[39m\n                  \u001b[33mclass\u001b[39m=\u001b[32m\"nav-link nav-item\"\u001b[39m\n                  \u001b[33mdata-testid\u001b[39m=\u001b[32m\"customer-portal-menu-item\"\u001b[39m\n                  \u001b[33mhref\u001b[39m=\u001b[32m\"/customer\"\u001b[39m\n                \u001b[36m>\u001b[39m\n                  \u001b[0mภาพรวมพอร์ทัล\u001b[0m\n                \u001b[36m</a>\u001b[39m\n                \u001b[36m<a\u001b[39m\n                  \u001b[33mclass\u001b[39m=\u001b[32m\"nav-link nav-item\"\u001b[39m\n                  \u001b[33mdata-testid\u001b[39m=\u001b[32m\"customer-deposit-request-menu-item\"\u001b[39m\n                  \u001b[33mhref\u001b[39m=\u001b[32m\"/customer/deposit-request\"\u001b[39m\n                \u001b[36m>\u001b[39m\n                  \u001b[0mแจ้งฝากสินค้า\u001b[0m\n                \u001b[36m</a>\u001b[39m\n                \u001b[36m<a\u001b[39m\n                  \u001b[33mclass\u001b[39m=\u001b[32m\"nav-link nav-item\"\u001b[39m\n                  \u001b[33mdata-testid\u001b[39m=\u001b[32m\"customer-stock-balance-menu-item\"\u001b[39m\n                  \u001b[33mhref\u001b[39m=\u001b[32m\"/customer/stock-balance\"\u001b[39m\n                \u001b[36m>\u001b[39m\n                  \u001b[0mยอดคงเหลือลูกค้า\u001b[0m\n                \u001b[36m</a>\u001b[39m\n                \u001b[36m<a\u001b[39m\n                  \u001b[33mclass\u001b[39m=\u001b[32m\"nav-link nav-item\"\u001b[39m\n                  \u001b[33mdata-testid\u001b[39m=\u001b[32m\"customer-withdrawal-request-menu-item\"\u001b[39m\n                  \u001b[33mhref\u001b[39m=\u001b[32m\"/customer/withdrawal-request\"\u001b[39m\n                \u001b[36m>\u001b[39m\n                  \u001b[0mแจ้งเบิกสินค้า\u001b[0m\n                \u001b[36m</a>\u001b[39m\n                \u001b[36m<a\u001b[39m\n                  \u001b[33mclass\u001b[39m=\u001b[32m\"nav-link nav-item\"\u001b[39m\n                  \u001b[33mdata-testid\u001b[39m=\u001b[32m\"c...\n    at Object.getElementError (C:\\Users\\TSS\\OneDrive\\เดสก์ท็อป\\TGD Coldstorage\\TGD WMS\\node_modules\\@testing-library\\dom\\dist\\config.js:37:19)\n    at getElementError (C:\\Users\\TSS\\OneDrive\\เดสก์ท็อป\\TGD Coldstorage\\TGD WMS\\node_modules\\@testing-library\\dom\\dist\\query-helpers.js:20:35)\n    at getMultipleElementsFoundError (C:\\Users\\TSS\\OneDrive\\เดสก์ท็อป\\TGD Coldstorage\\TGD WMS\\node_modules\\@testing-library\\dom\\dist\\query-helpers.js:23:10)\n    at C:\\Users\\TSS\\OneDrive\\เดสก์ท็อป\\TGD Coldstorage\\TGD WMS\\node_modules\\@testing-library\\dom\\dist\\query-helpers.js:55:13\n    at C:\\Users\\TSS\\OneDrive\\เดสก์ท็อป\\TGD Coldstorage\\TGD WMS\\node_modules\\@testing-library\\dom\\dist\\query-helpers.js:95:19\n    at C:\\Users\\TSS\\OneDrive\\เดสก์ท็อป\\TGD Coldstorage\\TGD WMS\\src\\app\\App.test.jsx:129:21\n    at file:///C:/Users/TSS/OneDrive/%E0%B9%80%E0%B8%94%E0%B8%AA%E0%B8%81%E0%B9%8C%E0%B8%97%E0%B9%87%E0%B8%AD%E0%B8%9B/TGD%20Coldstorage/TGD%20WMS/node_modules/@vitest/runner/dist/index.js:629:21\n    at file:///C:/Users/TSS/OneDrive/%E0%B9%80%E0%B8%94%E0%B8%AA%E0%B8%81%E0%B9%8C%E0%B8%97%E0%B9%87%E0%B8%AD%E0%B8%9B/TGD%20Coldstorage/TGD%20WMS/node_modules/@vitest/runner/dist/index.js:146:14\n    at file:///C:/Users/TSS/OneDrive/%E0%B9%80%E0%B8%94%E0%B8%AA%E0%B8%81%E0%B9%8C%E0%B8%97%E0%B9%87%E0%B8%AD%E0%B8%9B/TGD%20Coldstorage/TGD%20WMS/node_modules/@vitest/runner/dist/index.js:533:11\n    at runWithTimeout (file:///C:/Users/TSS/OneDrive/%E0%B9%80%E0%B8%94%E0%B8%AA%E0%B8%81%E0%B9%8C%E0%B8%97%E0%B9%87%E0%B8%AD%E0%B8%9B/TGD%20Coldstorage/TGD%20WMS/node_modules/@vitest/runner/dist/index.js:39:7)"],"meta":{}},{"ancestorTitles":["App"],"fullName":"App renders /admin/users route","status":"failed","title":"renders /admin/users route","duration":41.86689999999999,"failureMessages":["TestingLibraryElementError: Unable to find an element with the text: Sprint status: placeholder only. This could be because the text is broken up by multiple elements. In this case, you can provide a function for your text matcher to make your matcher more flexible.\n\nIgnored nodes: comments, script, style\n\u001b[36m<body>\u001b[39m\n  \u001b[36m<div>\u001b[39m\n    \u001b[36m<div\u001b[39m\n      \u001b[33mclass\u001b[39m=\u001b[32m\"app-shell\"\u001b[39m\n      \u001b[33mdata-testid\u001b[39m=\u001b[32m\"app-shell\"\u001b[39m\n    \u001b[36m>\u001b[39m\n      \u001b[36m<div\u001b[39m\n        \u001b[33maria-label\u001b[39m=\u001b[32m\"UAT environment status\"\u001b[39m\n        \u001b[33mclass\u001b[39m=\u001b[32m\"banner banner-warning uat-safety-banner\"\u001b[39m\n        \u001b[33mrole\u001b[39m=\u001b[32m\"status\"\u001b[39m\n      \u001b[36m>\u001b[39m\n        \u001b[0mCONTROLLED UAT ENVIRONMENT - PRODUCTION REMAINS HOLD - FINAL GO IS NOT AUTHORIZED\u001b[0m\n      \u001b[36m</div>\u001b[39m\n      \u001b[36m<div\u001b[39m\n        \u001b[33mclass\u001b[39m=\u001b[32m\"app-body\"\u001b[39m\n      \u001b[36m>\u001b[39m\n        \u001b[36m<aside\u001b[39m\n          \u001b[33maria-label\u001b[39m=\u001b[32m\"Primary navigation\"\u001b[39m\n          \u001b[33mclass\u001b[39m=\u001b[32m\"sidebar app-sidebar\"\u001b[39m\n          \u001b[33mdata-testid\u001b[39m=\u001b[32m\"sidebar\"\u001b[39m\n        \u001b[36m>\u001b[39m\n          \u001b[36m<div\u001b[39m\n            \u001b[33mclass\u001b[39m=\u001b[32m\"sidebar-header tgm-sidebar-brand\"\u001b[39m\n          \u001b[36m>\u001b[39m\n            \u001b[36m<img\u001b[39m\n              \u001b[33malt\u001b[39m=\u001b[32m\"TGC logo\"\u001b[39m\n              \u001b[33mclass\u001b[39m=\u001b[32m\"tgm-sidebar-logo\"\u001b[39m\n              \u001b[33msrc\u001b[39m=\u001b[32m\"/brand/tgc-logo.svg\"\u001b[39m\n            \u001b[36m/>\u001b[39m\n            \u001b[36m<span\u001b[39m\n              \u001b[33mclass\u001b[39m=\u001b[32m\"sidebar-header-title\"\u001b[39m\n            \u001b[36m>\u001b[39m\n              \u001b[0mTGC WMS\u001b[0m\n            \u001b[36m</span>\u001b[39m\n          \u001b[36m</div>\u001b[39m\n          \u001b[36m<nav\u001b[39m\n            \u001b[33maria-label\u001b[39m=\u001b[32m\"TGC WMS navigation\"\u001b[39m\n            \u001b[33mclass\u001b[39m=\u001b[32m\"sidebar-nav\"\u001b[39m\n          \u001b[36m>\u001b[39m\n            \u001b[36m<div\u001b[39m\n              \u001b[33mclass\u001b[39m=\u001b[32m\"sidebar-nav-group\"\u001b[39m\n            \u001b[36m>\u001b[39m\n              \u001b[36m<p\u001b[39m\n                \u001b[33mclass\u001b[39m=\u001b[32m\"nav-group-label\"\u001b[39m\n              \u001b[36m>\u001b[39m\n                \u001b[0mMain Operation\u001b[0m\n              \u001b[36m</p>\u001b[39m\n              \u001b[36m<div\u001b[39m\n                \u001b[33mclass\u001b[39m=\u001b[32m\"nav-list\"\u001b[39m\n              \u001b[36m>\u001b[39m\n                \u001b[36m<a\u001b[39m\n                  \u001b[33mclass\u001b[39m=\u001b[32m\"nav-link nav-item\"\u001b[39m\n                  \u001b[33mhref\u001b[39m=\u001b[32m\"/dashboard\"\u001b[39m\n                \u001b[36m>\u001b[39m\n                  \u001b[0mแดชบอร์ด\u001b[0m\n                \u001b[36m</a>\u001b[39m\n              \u001b[36m</div>\u001b[39m\n            \u001b[36m</div>\u001b[39m\n            \u001b[36m<div\u001b[39m\n              \u001b[33mclass\u001b[39m=\u001b[32m\"sidebar-nav-group\"\u001b[39m\n            \u001b[36m>\u001b[39m\n              \u001b[36m<p\u001b[39m\n                \u001b[33mclass\u001b[39m=\u001b[32m\"nav-group-label\"\u001b[39m\n              \u001b[36m>\u001b[39m\n                \u001b[0mInbound Management\u001b[0m\n              \u001b[36m</p>\u001b[39m\n              \u001b[36m<div\u001b[39m\n                \u001b[33mclass\u001b[39m=\u001b[32m\"nav-list\"\u001b[39m\n              \u001b[36m>\u001b[39m\n                \u001b[36m<a\u001b[39m\n                  \u001b[33mclass\u001b[39m=\u001b[32m\"nav-link nav-item\"\u001b[39m\n                  \u001b[33mhref\u001b[39m=\u001b[32m\"/operations/receiving\"\u001b[39m\n                \u001b[36m>\u001b[39m\n                  \u001b[0mรับเข้า\u001b[0m\n                \u001b[36m</a>\u001b[39m\n              \u001b[36m</div>\u001b[39m\n            \u001b[36m</div>\u001b[39m\n            \u001b[36m<div\u001b[39m\n              \u001b[33mclass\u001b[39m=\u001b[32m\"sidebar-nav-group\"\u001b[39m\n            \u001b[36m>\u001b[39m\n              \u001b[36m<p\u001b[39m\n                \u001b[33mclass\u001b[39m=\u001b[32m\"nav-group-label\"\u001b[39m\n              \u001b[36m>\u001b[39m\n                \u001b[0mInventory Control\u001b[0m\n              \u001b[36m</p>\u001b[39m\n              \u001b[36m<div\u001b[39m\n                \u001b[33mclass\u001b[39m=\u001b[32m\"nav-list\"\u001b[39m\n              \u001b[36m>\u001b[39m\n                \u001b[36m<a\u001b[39m\n                  \u001b[33mclass\u001b[39m=\u001b[32m\"nav-link nav-item\"\u001b[39m\n                  \u001b[33mhref\u001b[39m=\u001b[32m\"/inventory\"\u001b[39m\n                \u001b[36m>\u001b[39m\n                  \u001b[0mยอดคงเหลือ\u001b[0m\n                \u001b[36m</a>\u001b[39m\n              \u001b[36m</div>\u001b[39m\n            \u001b[36m</div>\u001b[39m\n            \u001b[36m<div\u001b[39m\n              \u001b[33mclass\u001b[39m=\u001b[32m\"sidebar-nav-group\"\u001b[39m\n            \u001b[36m>\u001b[39m\n              \u001b[36m<p\u001b[39m\n                \u001b[33mclass\u001b[39m=\u001b[32m\"nav-group-label\"\u001b[39m\n              \u001b[36m>\u001b[39m\n                \u001b[0mOutbound Management\u001b[0m\n              \u001b[36m</p>\u001b[39m\n              \u001b[36m<div\u001b[39m\n                \u001b[33mclass\u001b[39m=\u001b[32m\"nav-list\"\u001b[39m\n              \u001b[36m>\u001b[39m\n                \u001b[36m<a\u001b[39m\n                  \u001b[33mclass\u001b[39m=\u001b[32m\"nav-link nav-item\"\u001b[39m\n                  \u001b[33mhref\u001b[39m=\u001b[32m\"/customer/admin/withdrawal-review\"\u001b[39m\n                \u001b[36m>\u001b[39m\n                  \u001b[0mใบขอเบิก\u001b[0m\n                \u001b[36m</a>\u001b[39m\n              \u001b[36m</div>\u001b[39m\n            \u001b[36m</div>\u001b[39m\n            \u001b[36m<div\u001b[39m\n              \u001b[33mclass\u001b[39m=\u001b[32m\"sidebar-nav-group\"\u001b[39m\n            \u001b[36m>\u001b[39m\n              \u001b[36m<p\u001b[39m\n                \u001b[33mclass\u001b[39m=\u001b[32m\"nav-group-label\"\u001b[39m\n              \u001b[36m>\u001b[39m\n                \u001b[0mBarcode / Handheld\u001b[0m\n              \u001b[36m</p>\u001b[39m\n              \u001b[36m<div\u001b[39m\n                \u001b[33mclass\u001b[39m=\u001b[32m\"nav-list\"\u001b[39m\n              \u001b[36m>\u001b[39m\n                \u001b[36m<a\u001b[39m\n                  \u001b[33mclass\u001b[39m=\u001b[32m\"nav-link nav-item\"\u001b[39m\n                  \u001b[33mhref\u001b[39m=\u001b[32m\"/handheld\"\u001b[39m\n                \u001b[36m>\u001b[39m\n                  \u001b[0mศูนย์สแกน\u001b[0m\n                \u001b[36m</a>\u001b[39m\n              \u001b[36m</div>\u001b[39m\n            \u001b[36m</div>\u001b[39m\n            \u001b[36m<div\u001b[39m\n              \u001b[33mclass\u001b[39m=\u001b[32m\"sidebar-nav-group\"\u001b[39m\n            \u001b[36m>\u001b[39m\n              \u001b[36m<p\u001b[39m\n                \u001b[33mclass\u001b[39m=\u001b[32m\"nav-group-label\"\u001b[39m\n              \u001b[36m>\u001b[39m\n                \u001b[0mCustomer Portal\u001b[0m\n              \u001b[36m</p>\u001b[39m\n              \u001b[36m<div\u001b[39m\n                \u001b[33mclass\u001b[39m=\u001b[32m\"nav-list\"\u001b[39m\n              \u001b[36m>\u001b[39m\n                \u001b[36m<a\u001b[39m\n                  \u001b[33mclass\u001b[39m=\u001b[32m\"nav-link nav-item\"\u001b[39m\n                  \u001b[33mdata-testid\u001b[39m=\u001b[32m\"customer-portal-menu-item\"\u001b[39m\n                  \u001b[33mhref\u001b[39m=\u001b[32m\"/customer\"\u001b[39m\n                \u001b[36m>\u001b[39m\n                  \u001b[0mภาพรวมพอร์ทัล\u001b[0m\n                \u001b[36m</a>\u001b[39m\n                \u001b[36m<a\u001b[39m\n                  \u001b[33mclass\u001b[39m=\u001b[32m\"nav-link nav-item\"\u001b[39m\n                  \u001b[33mdata-testid\u001b[39m=\u001b[32m\"customer-deposit-request-menu-item\"\u001b[39m\n                  \u001b[33mhref\u001b[39m=\u001b[32m\"/customer/deposit-request\"\u001b[39m\n                \u001b[36m>\u001b[39m\n                  \u001b[0mแจ้งฝากสินค้า\u001b[0m\n                \u001b[36m</a>\u001b[39m\n                \u001b[36m<a\u001b[39m\n                  \u001b[33mclass\u001b[39m=\u001b[32m\"nav-link nav-item\"\u001b[39m\n                  \u001b[33mdata-testid\u001b[39m=\u001b[32m\"customer-stock-balance-menu-item\"\u001b[39m\n                  \u001b[33mhref\u001b[39m=\u001b[32m\"/customer/stock-balance\"\u001b[39m\n                \u001b[36m>\u001b[39m\n                  \u001b[0mยอดคงเหลือลูกค้า\u001b[0m\n                \u001b[36m</a>\u001b[39m\n                \u001b[36m<a\u001b[39m\n                  \u001b[33mclass\u001b[39m=\u001b[32m\"nav-link nav-item\"\u001b[39m\n                  \u001b[33mdata-testid\u001b[39m=\u001b[32m\"customer-withdrawal-request-menu-item\"\u001b[39m\n                  \u001b[33mhref\u001b[39m=\u001b[32m\"/customer/withdrawal-request\"\u001b[39m\n                \u001b[36m>\u001b[39m\n                  \u001b[0mแจ้งเบิกสินค้า\u001b[0m\n                \u001b[36m</a>\u001b[39m\n                \u001b[36m<a\u001b[39m\n                  \u001b[33mclass\u001b[39m=\u001b[32m\"nav-link nav-item\"\u001b[39m\n                  \u001b[33mdata-testid\u001b[39m=\u001b[32m\"c...\n    at Object.getElementError (C:\\Users\\TSS\\OneDrive\\เดสก์ท็อป\\TGD Coldstorage\\TGD WMS\\node_modules\\@testing-library\\dom\\dist\\config.js:37:19)\n    at C:\\Users\\TSS\\OneDrive\\เดสก์ท็อป\\TGD Coldstorage\\TGD WMS\\node_modules\\@testing-library\\dom\\dist\\query-helpers.js:76:38\n    at C:\\Users\\TSS\\OneDrive\\เดสก์ท็อป\\TGD Coldstorage\\TGD WMS\\node_modules\\@testing-library\\dom\\dist\\query-helpers.js:52:17\n    at C:\\Users\\TSS\\OneDrive\\เดสก์ท็อป\\TGD Coldstorage\\TGD WMS\\node_modules\\@testing-library\\dom\\dist\\query-helpers.js:95:19\n    at C:\\Users\\TSS\\OneDrive\\เดสก์ท็อป\\TGD Coldstorage\\TGD WMS\\src\\app\\App.test.jsx:133:21\n    at file:///C:/Users/TSS/OneDrive/%E0%B9%80%E0%B8%94%E0%B8%AA%E0%B8%81%E0%B9%8C%E0%B8%97%E0%B9%87%E0%B8%AD%E0%B8%9B/TGD%20Coldstorage/TGD%20WMS/node_modules/@vitest/runner/dist/index.js:629:21\n    at file:///C:/Users/TSS/OneDrive/%E0%B9%80%E0%B8%94%E0%B8%AA%E0%B8%81%E0%B9%8C%E0%B8%97%E0%B9%87%E0%B8%AD%E0%B8%9B/TGD%20Coldstorage/TGD%20WMS/node_modules/@vitest/runner/dist/index.js:146:14\n    at file:///C:/Users/TSS/OneDrive/%E0%B9%80%E0%B8%94%E0%B8%AA%E0%B8%81%E0%B9%8C%E0%B8%97%E0%B9%87%E0%B8%AD%E0%B8%9B/TGD%20Coldstorage/TGD%20WMS/node_modules/@vitest/runner/dist/index.js:533:11\n    at runWithTimeout (file:///C:/Users/TSS/OneDrive/%E0%B9%80%E0%B8%94%E0%B8%AA%E0%B8%81%E0%B9%8C%E0%B8%97%E0%B9%87%E0%B8%AD%E0%B8%9B/TGD%20Coldstorage/TGD%20WMS/node_modules/@vitest/runner/dist/index.js:39:7)\n    at runTest (file:///C:/Users/TSS/OneDrive/%E0%B9%80%E0%B8%94%E0%B8%AA%E0%B8%81%E0%B9%8C%E0%B8%97%E0%B9%87%E0%B8%AD%E0%B8%9B/TGD%20Coldstorage/TGD%20WMS/node_modules/@vitest/runner/dist/index.js:1056:17)"],"meta":{}},{"ancestorTitles":["App"],"fullName":"App renders /handheld route","status":"failed","title":"renders /handheld route","duration":23.85909999999967,"failureMessages":["TestingLibraryElementError: Unable to find an accessible element with the role \"heading\" and name `/Handheld/i`\n\nThere are no accessible roles. But there might be some inaccessible roles. If you wish to access them, then set the `hidden` option to `true`. Learn more about this here: https://testing-library.com/docs/dom-testing-library/api-queries#byrole\n\nIgnored nodes: comments, script, style\n\u001b[36m<body>\u001b[39m\n  \u001b[36m<div>\u001b[39m\n    \u001b[36m<div\u001b[39m\n      \u001b[33mdata-testid\u001b[39m=\u001b[32m\"handheld-page\"\u001b[39m\n      \u001b[33mstyle\u001b[39m=\u001b[32m\"min-height: 100dvh; background: rgb(248, 250, 251); display: flex; justify-content: center;\"\u001b[39m\n    \u001b[36m>\u001b[39m\n      \u001b[36m<div\u001b[39m\n        \u001b[33mdata-testid\u001b[39m=\u001b[32m\"handheld-login-page\"\u001b[39m\n        \u001b[33mstyle\u001b[39m=\u001b[32m\"background: rgb(248, 250, 251); min-height: 100dvh; display: flex; flex-direction: column; padding: 40px 24px; box-sizing: border-box; width: 100%; max-width: 720px; margin: 0px auto;\"\u001b[39m\n      \u001b[36m>\u001b[39m\n        \u001b[36m<div\u001b[39m\n          \u001b[33mstyle\u001b[39m=\u001b[32m\"max-width: 480px; width: 100%; margin: 0px auto; flex: 1 1 0%; display: flex; flex-direction: column;\"\u001b[39m\n        \u001b[36m>\u001b[39m\n          \u001b[36m<div\u001b[39m\n            \u001b[33mstyle\u001b[39m=\u001b[32m\"text-align: center; margin-bottom: 32px;\"\u001b[39m\n          \u001b[36m>\u001b[39m\n            \u001b[36m<div\u001b[39m\n              \u001b[33mstyle\u001b[39m=\u001b[32m\"font-size: 22px; font-weight: 900; color: rgb(212, 175, 55); letter-spacing: -0.01em; margin-bottom: 2px;\"\u001b[39m\n            \u001b[36m>\u001b[39m\n              \u001b[0mTGC Cold Storage\u001b[0m\n            \u001b[36m</div>\u001b[39m\n            \u001b[36m<div\u001b[39m\n              \u001b[33mstyle\u001b[39m=\u001b[32m\"font-size: 13px; font-weight: 700; color: rgb(15, 23, 42); margin-bottom: 8px;\"\u001b[39m\n            \u001b[36m>\u001b[39m\n              \u001b[0mHandheld\u001b[0m\n            \u001b[36m</div>\u001b[39m\n            \u001b[36m<div\u001b[39m\n              \u001b[33mstyle\u001b[39m=\u001b[32m\"color: rgb(100, 116, 139); font-size: 13px; font-weight: 500;\"\u001b[39m\n            \u001b[36m>\u001b[39m\n              \u001b[0mSelect your name to continue\u001b[0m\n            \u001b[36m</div>\u001b[39m\n          \u001b[36m</div>\u001b[39m\n          \u001b[36m<div\u001b[39m\n            \u001b[33mstyle\u001b[39m=\u001b[32m\"text-align: center; color: rgb(100, 116, 139); padding-top: 48px;\"\u001b[39m\n          \u001b[36m>\u001b[39m\n            \u001b[0mกำลังโหลดรายชื่อพนักงาน…\u001b[0m\n          \u001b[36m</div>\u001b[39m\n        \u001b[36m</div>\u001b[39m\n      \u001b[36m</div>\u001b[39m\n    \u001b[36m</div>\u001b[39m\n  \u001b[36m</div>\u001b[39m\n\u001b[36m</body>\u001b[39m\n    at Object.getElementError (C:\\Users\\TSS\\OneDrive\\เดสก์ท็อป\\TGD Coldstorage\\TGD WMS\\node_modules\\@testing-library\\dom\\dist\\config.js:37:19)\n    at C:\\Users\\TSS\\OneDrive\\เดสก์ท็อป\\TGD Coldstorage\\TGD WMS\\node_modules\\@testing-library\\dom\\dist\\query-helpers.js:76:38\n    at C:\\Users\\TSS\\OneDrive\\เดสก์ท็อป\\TGD Coldstorage\\TGD WMS\\node_modules\\@testing-library\\dom\\dist\\query-helpers.js:52:17\n    at C:\\Users\\TSS\\OneDrive\\เดส
[...]
bility","duration":1.279399999999896,"failureMessages":[],"meta":{}},{"ancestorTitles":["Gate 1 unified movement read model"],"fullName":"Gate 1 unified movement read model excludes draft movements from billing source","status":"passed","title":"excludes draft movements from billing source","duration":0.42849999999998545,"failureMessages":[],"meta":{}},{"ancestorTitles":["Gate 1 unified movement read model"],"fullName":"Gate 1 unified movement read model excludes pick allocate and transfer from billing source by default","status":"passed","title":"excludes pick allocate and transfer from billing source by default","duration":0.3628999999998541,"failureMessages":[],"meta":{}},{"ancestorTitles":["Gate 1 unified movement read model"],"fullName":"Gate 1 unified movement read model merges stock and inventory ledgers without dropping rows","status":"passed","title":"merges stock and inventory ledgers without dropping rows","duration":1.5626999999999498,"failureMessages":[],"meta":{}},{"ancestorTitles":["Gate 1 unified movement read model"],"fullName":"Gate 1 unified movement read model resolves quantity aliases for dashboard compatibility","status":"passed","title":"resolves quantity aliases for dashboard compatibility","duration":0.25909999999998945,"failureMessages":[],"meta":{}},{"ancestorTitles":["Gate 1 unified movement read model"],"fullName":"Gate 1 unified movement read model includes unified movement view migration draft","status":"passed","title":"includes unified movement view migration draft","duration":0.6756000000000313,"failureMessages":[],"meta":{}},{"ancestorTitles":["Gate 1 unified movement read model"],"fullName":"Gate 1 unified movement read model includes reason codes migration draft for UAT unblock","status":"passed","title":"includes reason codes migration draft for UAT unblock","duration":0.9763000000000375,"failureMessages":[],"meta":{}}],"startTime":1782464712005,"endTime":1782464712011.9763,"status":"passed","message":"","name":"C:/Users/TSS/OneDrive/เดสก์ท็อป/TGD Coldstorage/TGD WMS/tests/unit/unified-movement-read-service.test.js"},{"assertionResults":[{"ancestorTitles":["USER-MGMT-045 user management admin RPC draft"],"fullName":"USER-MGMT-045 user management admin RPC draft creates migration 045 and documentation","status":"passed","title":"creates migration 045 and documentation","duration":1.009999999999991,"failureMessages":[],"meta":{}},{"ancestorTitles":["USER-MGMT-045 user management admin RPC draft"],"fullName":"USER-MGMT-045 user management admin RPC draft defines admin user management RPCs","status":"passed","title":"defines admin user management RPCs","duration":0.5143000000000484,"failureMessages":[],"meta":{}},{"ancestorTitles":["USER-MGMT-045 user management admin RPC draft"],"fullName":"USER-MGMT-045 user management admin RPC draft adds self-read policy for authenticated users","status":"passed","title":"adds self-read policy for authenticated users","duration":0.26759999999990214,"failureMessages":[],"meta":{}},{"ancestorTitles":["USER-MGMT-045 user management admin RPC draft"],"fullName":"USER-MGMT-045 user management admin RPC draft requires admin role and validates customer portal roles","status":"passed","title":"requires admin role and validates customer portal roles","duration":0.24360000000001492,"failureMessages":[],"meta":{}},{"ancestorTitles":["USER-MGMT-045 user management admin RPC draft"],"fullName":"USER-MGMT-045 user management admin RPC draft includes warehouse_admin in user management service roles","status":"passed","title":"includes warehouse_admin in user management service roles","duration":0.32169999999996435,"failureMessages":[],"meta":{}},{"ancestorTitles":["CUSTOMER-CATALOG-046 customer product catalog draft"],"fullName":"CUSTOMER-CATALOG-046 customer product catalog draft creates migration 046","status":"passed","title":"creates migration 046","duration":0.20889999999985776,"failureMessages":[],"meta":{}},{"ancestorTitles":["CUSTOMER-CATALOG-046 customer product catalog draft"],"fullName":"CUSTOMER-CATALOG-046 customer product catalog draft defines catalog table and RPCs","status":"passed","title":"defines catalog table and RPCs","duration":0.25699999999983447,"failureMessages":[],"meta":{}},{"ancestorTitles":["CUSTOMER-CATALOG-046 customer product catalog draft"],"fullName":"CUSTOMER-CATALOG-046 customer product catalog draft scopes customer writes to own customer_id","status":"passed","title":"scopes customer writes to own customer_id","duration":0.21039999999993597,"failureMessages":[],"meta":{}},{"ancestorTitles":["CUSTOMER-CATALOG-046 customer product catalog draft"],"fullName":"CUSTOMER-CATALOG-046 customer product catalog draft revokes direct authenticated writes on catalog table","status":"passed","title":"revokes direct authenticated writes on catalog table","duration":0.18860000000017862,"failureMessages":[],"meta":{}},{"ancestorTitles":["User management + catalog frontend wiring"],"fullName":"User management + catalog frontend wiring exposes services and pages","status":"passed","title":"exposes services and pages","duration":0.7001000000000204,"failureMessages":[],"meta":{}},{"ancestorTitles":["User management + catalog frontend wiring"],"fullName":"User management + catalog frontend wiring registers routes and navigation entries","status":"passed","title":"registers routes and navigation entries","duration":0.5930000000000746,"failureMessages":[],"meta":{}},{"ancestorTitles":["User management + catalog frontend wiring"],"fullName":"User management + catalog frontend wiring wires catalog picker into deposit and withdrawal forms","status":"passed","title":"wires catalog picker into deposit and withdrawal forms","duration":0.5727000000001681,"failureMessages":[],"meta":{}}],"startTime":1782464711613,"endTime":1782464711617.593,"status":"passed","message":"","name":"C:/Users/TSS/OneDrive/เดสก์ท็อป/TGD Coldstorage/TGD WMS/tests/unit/user-management-and-customer-catalog.test.js"},{"assertionResults":[{"ancestorTitles":["User SOP and Training Pack Documentation"],"fullName":"User SOP and Training Pack Documentation should exist","status":"passed","title":"should exist","duration":0.9212999999999738,"failureMessages":[],"meta":{}}],"startTime":1782464729836,"endTime":1782464729836.9214,"status":"passed","message":"","name":"C:/Users/TSS/OneDrive/เดสก์ท็อป/TGD Coldstorage/TGD WMS/tests/unit/user-sop-training-pack.test.js"},{"assertionResults":[{"ancestorTitles":["Sprint 6E warehouse operation performance report foundation"],"fullName":"Sprint 6E warehouse operation performance report foundation creates the warehouse operation performance service with read-only functions","status":"passed","title":"creates the warehouse operation performance service with read-only functions","duration":2.383000000000038,"failureMessages":[],"meta":{}},{"ancestorTitles":["Sprint 6E warehouse operation performance report foundation"],"fullName":"Sprint 6E warehouse operation performance report foundation does not add workflow action calls to the performance service","status":"passed","title":"does not add workflow action calls to the performance service","duration":0.6900000000000546,"failureMessages":[],"meta":{}},{"ancestorTitles":["Sprint 6E warehouse operation performance report foundation"],"fullName":"Sprint 6E warehouse operation performance report foundation creates the report page and report components","status":"passed","title":"creates the report page and report components","duration":0.6834000000001197,"failureMessages":[],"meta":{}},{"ancestorTitles":["Sprint 6E warehouse operation performance report foundation"],"fullName":"Sprint 6E warehouse operation performance report foundation links and routes the warehouse operation performance report","status":"passed","title":"links and routes the warehouse operation performance report","duration":0.6105999999999767,"failureMessages":[],"meta":{}},{"ancestorTitles":["Sprint 6E warehouse operation performance report foundation"],"fullName":"Sprint 6E warehouse operation performance report foundation renders cold storage operation metrics, sections, and table columns","status":"passed","title":"renders cold storage operation metrics, sections, and table columns","duration":1.3740999999999985,"failureMessages":[],"meta":{}},{"ancestorTitles":["Sprint 6E warehouse operation performance report foundation"],"fullName":"Sprint 6E warehouse operation performance report foundation keeps report UI free of posting, stock writes, billing/file engines, workflow action buttons, and disallowed terminology","status":"passed","title":"keeps report UI free of posting, stock writes, billing/file engines, workflow action buttons, and disallowed terminology","duration":1.8915999999999258,"failureMessages":[],"meta":{}},{"ancestorTitles":["Sprint 6E warehouse operation performance report foundation"],"fullName":"Sprint 6E warehouse operation performance report foundation does not create database, policy, legacy, or Express sync artifacts for this sprint","status":"passed","title":"does not create database, policy, legacy, or Express sync artifacts for this sprint","duration":0.479799999999841,"failureMessages":[],"meta":{}}],"startTime":1782464708385,"endTime":1782464708393.4797,"status":"passed","message":"","name":"C:/Users/TSS/OneDrive/เดสก์ท็อป/TGD Coldstorage/TGD WMS/tests/unit/warehouse-operation-performance-report.test.js"},{"assertionResults":[{"ancestorTitles":["Sprint 12E warehouse operation UI polish"],"fullName":"Sprint 12E warehouse operation UI polish keeps Thai as the default language and language toggle available","status":"passed","title":"keeps Thai as the default language and language toggle available","duration":61.44340000000011,"failureMessages":[],"meta":{}},{"ancestorTitles":["Sprint 12E warehouse operation UI polish"],"fullName":"Sprint 12E warehouse operation UI polish contains Thai and English operation translation keys","status":"passed","title":"contains Thai and English operation translation keys","duration":1.7245000000000346,"failureMessages":[],"meta":{}},{"ancestorTitles":["Sprint 12E warehouse operation UI polish"],"fullName":"Sprint 12E warehouse operation UI polish renders Thai-first operation filters and toolbar controls","status":"passed","title":"renders Thai-first operation filters and toolbar controls","duration":37.02379999999994,"failureMessages":[],"meta":{}},{"ancestorTitles":["Sprint 12E warehouse operation UI polish"],"fullName":"Sprint 12E warehouse operation UI polish renders draft line editor with operation fields and no persistence actions","status":"passed","title":"renders draft line editor with operation fields and no persistence actions","duration":17.028300000000172,"failureMessages":[],"meta":{}},{"ancestorTitles":["Sprint 12E warehouse operation UI polish"],"fullName":"Sprint 12E warehouse operation UI polish renders a polished receiving operation page with modern layout components","status":"passed","title":"renders a polished receiving operation page with modern layout components","duration":11.927500000000009,"failureMessages":[],"meta":{}}],"startTime":1782464713482,"endTime":1782464713610.9275,"status":"passed","message":"","name":"C:/Users/TSS/OneDrive/เดสก์ท็อป/TGD Coldstorage/TGD WMS/tests/unit/warehouse-operation-ui-polish.test.jsx"},{"assertionResults":[{"ancestorTitles":["warehouse role permissions"],"fullName":"warehouse role permissions warehouse_staff only sees handheld navigation","status":"passed","title":"warehouse_staff only sees handheld navigation","duration":1.2878999999998086,"failureMessages":[],"meta":{}},{"ancestorTitles":["warehouse role permissions"],"fullName":"warehouse role permissions warehouse_admin sees deposit, withdrawal, and stock balance menus","status":"passed","title":"warehouse_admin sees deposit, withdrawal, and stock balance menus","duration":0.4371000000001004,"failureMessages":[],"meta":{}},{"ancestorTitles":["warehouse role permissions"],"fullName":"warehouse role permissions warehouse_staff can access handheld route only","status":"passed","title":"warehouse_staff can access handheld route only","duration":1.465599999999995,"failureMessages":[],"meta":{}},{"ancestorTitles":["warehouse role permissions"],"fullName":"warehouse role permissions warehouse_admin can access receiving and inventory routes","status":"passed","title":"warehouse_admin can access receiving and inventory routes","duration":0.8936999999998534,"failureMessages":[],"meta":{}}],"startTime":1782464722685,"endTime":1782464722688.8938,"status":"passed","message":"","name":"C:/Users/TSS/OneDrive/เดสก์ท็อป/TGD Coldstorage/TGD WMS/tests/unit/warehouse-role-permissions.test.js"},{"assertionResults":[{"ancestorTitles":["Sprint 3B withdrawal allocation foundation schema"],"fullName":"Sprint 3B withdrawal allocation foundation schema creates the withdrawal allocation foundation migration file","status":"passed","title":"creates the withdrawal allocation foundation migration file","duration":1.113700000000108,"failureMessages":[],"meta":{}},{"ancestorTitles":["Sprint 3B withdrawal allocation foundation schema"],"fullName":"Sprint 3B withdrawal allocation foundation schema creates withdrawal allocation document and line tables","status":"passed","title":"creates withdrawal allocation document and line tables","duration":0.5124000000000706,"failureMessages":[],"meta":{}},{"ancestorTitles":["Sprint 3B withdrawal allocation foundation schema"],"fullName":"Sprint 3B withdrawal allocation foundation schema defines status and allocation method constraints","status":"passed","title":"defines status and allocation method constraints","duration":0.5048999999999069,"failureMessages":[],"meta":{}},{"ancestorTitles":["Sprint 3B withdrawal allocation foundation schema"],"fullName":"Sprint 3B withdrawal allocation foundation schema creates the withdrawal allocation post function","status":"passed","title":"creates the withdrawal allocation post function","duration":0.22530000000006112,"failureMessages":[],"meta":{}},{"ancestorTitles":["Sprint 3B withdrawal allocation foundation schema"],"fullName":"Sprint 3B withdrawal allocation foundation schema posts through the movement engine as PICK_ALLOCATE","status":"passed","title":"posts through the movement engine as PICK_ALLOCATE","duration":0.20449999999982538,"failureMessages":[],"meta":{}},{"ancestorTitles":["Sprint 3B withdrawal allocation foundation schema"],"fullName":"Sprint 3B withdrawal allocation foundation schema updates withdrawal request line allocated quantities","status":"passed","title":"updates withdrawal request line allocated quantities","duration":0.25649999999996,"failureMessages":[],"meta":{}},{"ancestorTitles":["Sprint 3B withdrawal allocation foundation schema"],"fullName":"Sprint 3B withdrawal allocation foundation schema updates withdrawal request status after allocation","status":"passed","title":"updates withdrawal request status after allocation","duration":0.17820000000006075,"failureMessages":[],"meta":{}},{"ancestorTitles":["Sprint 3B withdrawal allocation foundation schema"],"fullName":"Sprint 3B withdrawal allocation foundation schema writes an audit log when posting","status":"passed","title":"writes an audit log when posting","duration":0.13589999999999236,"failureMessages":[],"meta":{}},{"ancestorTitles":["Sprint 3B withdrawal allocation foundation schema"],"fullName":"Sprint 3B withdrawal allocation foundation schema does not reduce stock or confirm picking","status":"passed","title":"does not reduce stock or confirm picking","duration":0.4755999999999858,"failureMessages":[],"meta":{}},{"ancestorTitles":["Sprint 3B withdrawal allocation foundation schema"],"fullName":"Sprint 3B withdrawal allocation foundation schema does not create picking, dispatch, outbound order, or sales order artifacts","status":"passed","title":"does not create picking, dispatch, outbound order, or sales order artifacts","duration":0.45299999999997453,"failureMessages":[],"meta":{}},{"ancestorTitles":["Sprint 3B withdrawal allocation foundation schema"],"fullName":"Sprint 3B withdrawal allocation foundation schema does not create Express sync artifacts or rely on legacy-reference content","status":"passed","title":"does not create Express sync artifacts or rely on legacy-reference content","duration":0.3329000000001088,"failureMessages":[],"meta":{}}],"startTime":1782464712854,"endTime":1782464712860.333,"status":"passed","message":"","name":"C:/Users/TSS/OneDrive/เดสก์ท็อป/TGD Coldstorage/TGD WMS/tests/unit/withdrawal-allocation-schema.test.js"},{"assertionResults":[{"ancestorTitles":["Sprint 3A withdrawal request foundation schema"],"fullName":"Sprint 3A withdrawal request foundation schema creates the withdrawal request foundation migration file","status":"passed","title":"creates the withdrawal request foundation migration file","duration":1.1454999999998563,"failureMessages":[],"meta":{}},{"ancestorTitles":["Sprint 3A withdrawal request foundation schema"],"fullName":"Sprint 3A withdrawal request foundation schema creates withdrawal request document and line tables","status":"passed","title":"creates withdrawal request document and line tables","duration":0.3711000000000695,"failureMessages":[],"meta":{}},{"ancestorTitles":["Sprint 3A withdrawal request foundation schema"],"fullName":"Sprint 3A withdrawal request foundation schema defines status, withdrawal type, and priority constraints","status":"passed","title":"defines status, withdrawal type, and priority constraints","duration":0.778400000000147,"failureMessages":[],"meta":{}},{"ancestorTitles":["Sprint 3A withdrawal request foundation schema"],"fullName":"Sprint 3A withdrawal request foundation schema defines line quantity progression constraints","status":"passed","title":"defines line quantity progression constraints","duration":0.22630000000003747,"failureMessages":[],"meta":{}},{"ancestorTitles":["Sprint 3A withdrawal request foundation schema"],"fullName":"Sprint 3A withdrawal request foundation schema creates the withdrawal request confirm function","status":"passed","title":"creates the withdrawal request confirm function","duration":0.19269999999983156,"failureMessages":[],"meta":{}},{"ancestorTitles":["Sprint 3A withdrawal request foundation schema"],"fullName":"Sprint 3A withdrawal request foundation schema writes an audit log when confirming","status":"passed","title":"writes an audit log when confirming","duration":0.17450000000008004,"failureMessages":[],"meta":{}},{"ancestorTitles":["Sprint 3A withdrawal request foundation schema"],"fullName":"Sprint 3A withdrawal request foundation schema does not post movements or update stock balances","status":"passed","title":"does not post movements or update stock balances","duration":0.4050999999999476,"failureMessages":[],"meta":{}},{"ancestorTitles":["Sprint 3A withdrawal request foundation schema"],"fullName":"Sprint 3A withdrawal request foundation schema does not use outbound order or sales order table naming","status":"passed","title":"does not use outbound order or sales order table naming","duration":0.19690000000014152,"failureMessages":[],"meta":{}},{"ancestorTitles":["Sprint 3A withdrawal request foundation schema"],"fullName":"Sprint 3A withdrawal request foundation schema does not create allocation, picking, dispatch, or Express sync artifacts","status":"passed","title":"does not create allocation, picking, dispatch, or Express sync artifacts","duration":0.4191000000000713,"failureMessages":[],"meta":{}},{"ancestorTitles":["Sprint 3A withdrawal request foundation schema"],"fullName":"Sprint 3A withdrawal request foundation schema does not rely on legacy-reference content","status":"passed","title":"does not rely on legacy-reference content","duration":0.23900000000003274,"failureMessages":[],"meta":{}}],"startTime":1782464710279,"endTime":1782464710283.4192,"status":"passed","message":"","name":"C:/Users/TSS/OneDrive/เดสก์ท็อป/TGD Coldstorage/TGD WMS/tests/unit/withdrawal-request-schema.test.js"}]}